2026-01-14T18:28:19.321108Z  INFO tailwindcss_oxide::scanner: Provided sources:
2026-01-14T18:28:19.321242Z  INFO tailwindcss_oxide::scanner: Source: PublicSourceEntry { base: "C:\\Users\\ITHCP\\OneDrive\\Desktop\\test KOKOai\\src\\styles", pattern: "../**/*.{js,ts,jsx,tsx}", negated: false }
2026-01-14T18:28:19.322212Z  INFO tailwindcss_oxide::scanner: Optimized sources:
2026-01-14T18:28:19.322250Z  INFO tailwindcss_oxide::scanner: Source: Pattern { base: "C:\\Users\\ITHCP\\OneDrive\\Desktop\\test KOKOai\\src", pattern: "**/*.js" }
2026-01-14T18:28:19.322271Z  INFO tailwindcss_oxide::scanner: Source: Pattern { base: "C:\\Users\\ITHCP\\OneDrive\\Desktop\\test KOKOai\\src", pattern: "**/*.ts" }
2026-01-14T18:28:19.327584Z  INFO tailwindcss_oxide::scanner: Source: Pattern { base: "C:\\Users\\ITHCP\\OneDrive\\Desktop\\test KOKOai\\src", pattern: "**/*.jsx" }
2026-01-14T18:28:19.327621Z  INFO tailwindcss_oxide::scanner: Source: Pattern { base: "C:\\Users\\ITHCP\\OneDrive\\Desktop\\test KOKOai\\src", pattern: "**/*.tsx" }
2026-01-14T18:28:19.330417Z  INFO scan_sources: tailwindcss_oxide::scanner: enter
2026-01-14T18:28:19.331649Z  INFO scan_sources: tailwindcss_oxide::scanner: Discovering "C:\\Users\\ITHCP\\OneDrive\\Desktop\\test KOKOai\\src\\app"
2026-01-14T18:28:19.331809Z  INFO scan_sources: tailwindcss_oxide::scanner: Discovering "C:\\Users\\ITHCP\\OneDrive\\Desktop\\test KOKOai\\src\\app\\App.tsx"
2026-01-14T18:28:19.331942Z  INFO scan_sources: tailwindcss_oxide::scanner: Discovering "C:\\Users\\ITHCP\\OneDrive\\Desktop\\test KOKOai\\src\\app\\components"
2026-01-14T18:28:19.332091Z  INFO scan_sources: tailwindcss_oxide::scanner: Discovering "C:\\Users\\ITHCP\\OneDrive\\Desktop\\test KOKOai\\src\\app\\components\\ChatArea.tsx"
2026-01-14T18:28:19.332167Z  INFO scan_sources: tailwindcss_oxide::scanner: Discovering "C:\\Users\\ITHCP\\OneDrive\\Desktop\\test KOKOai\\src\\app\\components\\ChatMessage.tsx"
2026-01-14T18:28:19.332243Z  INFO scan_sources: tailwindcss_oxide::scanner: Discovering "C:\\Users\\ITHCP\\OneDrive\\Desktop\\test KOKOai\\src\\app\\components\\Chatsidebar.tsx"
2026-01-14T18:28:19.332362Z  INFO scan_sources: tailwindcss_oxide::scanner: Discovering "C:\\Users\\ITHCP\\OneDrive\\Desktop\\test KOKOai\\src\\app\\components\\figma"
2026-01-14T18:28:19.332508Z  INFO scan_sources: tailwindcss_oxide::scanner: Discovering "C:\\Users\\ITHCP\\OneDrive\\Desktop\\test KOKOai\\src\\app\\components\\figma\\ImageWithFallback.tsx"
2026-01-14T18:28:19.332622Z  INFO scan_sources: tailwindcss_oxide::scanner: Discovering "C:\\Users\\ITHCP\\OneDrive\\Desktop\\test KOKOai\\src\\app\\components\\Sidebar.tsx"
2026-01-14T18:28:19.332743Z  INFO scan_sources: tailwindcss_oxide::scanner: Discovering "C:\\Users\\ITHCP\\OneDrive\\Desktop\\test KOKOai\\src\\app\\components\\ui"
2026-01-14T18:28:19.332901Z  INFO scan_sources: tailwindcss_oxide::scanner: Discovering "C:\\Users\\ITHCP\\OneDrive\\Desktop\\test KOKOai\\src\\app\\components\\ui\\accordion.tsx"
2026-01-14T18:28:19.332980Z  INFO scan_sources: tailwindcss_oxide::scanner: Discovering "C:\\Users\\ITHCP\\OneDrive\\Desktop\\test KOKOai\\src\\app\\components\\ui\\alert-dialog.tsx"
2026-01-14T18:28:19.333055Z  INFO scan_sources: tailwindcss_oxide::scanner: Discovering "C:\\Users\\ITHCP\\OneDrive\\Desktop\\test KOKOai\\src\\app\\components\\ui\\alert.tsx"
2026-01-14T18:28:19.333131Z  INFO scan_sources: tailwindcss_oxide::scanner: Discovering "C:\\Users\\ITHCP\\OneDrive\\Desktop\\test KOKOai\\src\\app\\components\\ui\\aspect-ratio.tsx"
2026-01-14T18:28:19.333205Z  INFO scan_sources: tailwindcss_oxide::scanner: Discovering "C:\\Users\\ITHCP\\OneDrive\\Desktop\\test KOKOai\\src\\app\\components\\ui\\avatar.tsx"
2026-01-14T18:28:19.333277Z  INFO scan_sources: tailwindcss_oxide::scanner: Discovering "C:\\Users\\ITHCP\\OneDrive\\Desktop\\test KOKOai\\src\\app\\components\\ui\\badge.tsx"
2026-01-14T18:28:19.333352Z  INFO scan_sources: tailwindcss_oxide::scanner: Discovering "C:\\Users\\ITHCP\\OneDrive\\Desktop\\test KOKOai\\src\\app\\components\\ui\\breadcrumb.tsx"
2026-01-14T18:28:19.333426Z  INFO scan_sources: tailwindcss_oxide::scanner: Discovering "C:\\Users\\ITHCP\\OneDrive\\Desktop\\test KOKOai\\src\\app\\components\\ui\\button.tsx"
2026-01-14T18:28:19.333547Z  INFO scan_sources: tailwindcss_oxide::scanner: Discovering "C:\\Users\\ITHCP\\OneDrive\\Desktop\\test KOKOai\\src\\app\\components\\ui\\calendar.tsx"
2026-01-14T18:28:19.333627Z  INFO scan_sources: tailwindcss_oxide::scanner: Discovering "C:\\Users\\ITHCP\\OneDrive\\Desktop\\test KOKOai\\src\\app\\components\\ui\\card.tsx"
2026-01-14T18:28:19.333700Z  INFO scan_sources: tailwindcss_oxide::scanner: Discovering "C:\\Users\\ITHCP\\OneDrive\\Desktop\\test KOKOai\\src\\app\\components\\ui\\carousel.tsx"
2026-01-14T18:28:19.333774Z  INFO scan_sources: tailwindcss_oxide::scanner: Discovering "C:\\Users\\ITHCP\\OneDrive\\Desktop\\test KOKOai\\src\\app\\components\\ui\\chart.tsx"
2026-01-14T18:28:19.333846Z  INFO scan_sources: tailwindcss_oxide::scanner: Discovering "C:\\Users\\ITHCP\\OneDrive\\Desktop\\test KOKOai\\src\\app\\components\\ui\\checkbox.tsx"
2026-01-14T18:28:19.333921Z  INFO scan_sources: tailwindcss_oxide::scanner: Discovering "C:\\Users\\ITHCP\\OneDrive\\Desktop\\test KOKOai\\src\\app\\components\\ui\\collapsible.tsx"
2026-01-14T18:28:19.333995Z  INFO scan_sources: tailwindcss_oxide::scanner: Discovering "C:\\Users\\ITHCP\\OneDrive\\Desktop\\test KOKOai\\src\\app\\components\\ui\\command.tsx"
2026-01-14T18:28:19.334071Z  INFO scan_sources: tailwindcss_oxide::scanner: Discovering "C:\\Users\\ITHCP\\OneDrive\\Desktop\\test KOKOai\\src\\app\\components\\ui\\context-menu.tsx"
2026-01-14T18:28:19.334154Z  INFO scan_sources: tailwindcss_oxide::scanner: Discovering "C:\\Users\\ITHCP\\OneDrive\\Desktop\\test KOKOai\\src\\app\\components\\ui\\dialog.tsx"
2026-01-14T18:28:19.334235Z  INFO scan_sources: tailwindcss_oxide::scanner: Discovering "C:\\Users\\ITHCP\\OneDrive\\Desktop\\test KOKOai\\src\\app\\components\\ui\\drawer.tsx"
2026-01-14T18:28:19.334314Z  INFO scan_sources: tailwindcss_oxide::scanner: Discovering "C:\\Users\\ITHCP\\OneDrive\\Desktop\\test KOKOai\\src\\app\\components\\ui\\dropdown-menu.tsx"
2026-01-14T18:28:19.334397Z  INFO scan_sources: tailwindcss_oxide::scanner: Discovering "C:\\Users\\ITHCP\\OneDrive\\Desktop\\test KOKOai\\src\\app\\components\\ui\\form.tsx"
2026-01-14T18:28:19.334472Z  INFO scan_sources: tailwindcss_oxide::scanner: Discovering "C:\\Users\\ITHCP\\OneDrive\\Desktop\\test KOKOai\\src\\app\\components\\ui\\hover-card.tsx"
2026-01-14T18:28:19.334546Z  INFO scan_sources: tailwindcss_oxide::scanner: Discovering "C:\\Users\\ITHCP\\OneDrive\\Desktop\\test KOKOai\\src\\app\\components\\ui\\input-otp.tsx"
2026-01-14T18:28:19.334627Z  INFO scan_sources: tailwindcss_oxide::scanner: Discovering "C:\\Users\\ITHCP\\OneDrive\\Desktop\\test KOKOai\\src\\app\\components\\ui\\input.tsx"
2026-01-14T18:28:19.334708Z  INFO scan_sources: tailwindcss_oxide::scanner: Discovering "C:\\Users\\ITHCP\\OneDrive\\Desktop\\test KOKOai\\src\\app\\components\\ui\\label.tsx"
2026-01-14T18:28:19.334777Z  INFO scan_sources: tailwindcss_oxide::scanner: Discovering "C:\\Users\\ITHCP\\OneDrive\\Desktop\\test KOKOai\\src\\app\\components\\ui\\menubar.tsx"
2026-01-14T18:28:19.334850Z  INFO scan_sources: tailwindcss_oxide::scanner: Discovering "C:\\Users\\ITHCP\\OneDrive\\Desktop\\test KOKOai\\src\\app\\components\\ui\\navigation-menu.tsx"
2026-01-14T18:28:19.334923Z  INFO scan_sources: tailwindcss_oxide::scanner: Discovering "C:\\Users\\ITHCP\\OneDrive\\Desktop\\test KOKOai\\src\\app\\components\\ui\\pagination.tsx"
2026-01-14T18:28:19.334997Z  INFO scan_sources: tailwindcss_oxide::scanner: Discovering "C:\\Users\\ITHCP\\OneDrive\\Desktop\\test KOKOai\\src\\app\\components\\ui\\popover.tsx"
2026-01-14T18:28:19.335067Z  INFO scan_sources: tailwindcss_oxide::scanner: Discovering "C:\\Users\\ITHCP\\OneDrive\\Desktop\\test KOKOai\\src\\app\\components\\ui\\progress.tsx"
2026-01-14T18:28:19.335138Z  INFO scan_sources: tailwindcss_oxide::scanner: Discovering "C:\\Users\\ITHCP\\OneDrive\\Desktop\\test KOKOai\\src\\app\\components\\ui\\radio-group.tsx"
2026-01-14T18:28:19.335210Z  INFO scan_sources: tailwindcss_oxide::scanner: Discovering "C:\\Users\\ITHCP\\OneDrive\\Desktop\\test KOKOai\\src\\app\\components\\ui\\resizable.tsx"
2026-01-14T18:28:19.335315Z  INFO scan_sources: tailwindcss_oxide::scanner: Discovering "C:\\Users\\ITHCP\\OneDrive\\Desktop\\test KOKOai\\src\\app\\components\\ui\\scroll-area.tsx"
2026-01-14T18:28:19.335388Z  INFO scan_sources: tailwindcss_oxide::scanner: Discovering "C:\\Users\\ITHCP\\OneDrive\\Desktop\\test KOKOai\\src\\app\\components\\ui\\select.tsx"
2026-01-14T18:28:19.335457Z  INFO scan_sources: tailwindcss_oxide::scanner: Discovering "C:\\Users\\ITHCP\\OneDrive\\Desktop\\test KOKOai\\src\\app\\components\\ui\\separator.tsx"
2026-01-14T18:28:19.335526Z  INFO scan_sources: tailwindcss_oxide::scanner: Discovering "C:\\Users\\ITHCP\\OneDrive\\Desktop\\test KOKOai\\src\\app\\components\\ui\\sheet.tsx"
2026-01-14T18:28:19.335630Z  INFO scan_sources: tailwindcss_oxide::scanner: Discovering "C:\\Users\\ITHCP\\OneDrive\\Desktop\\test KOKOai\\src\\app\\components\\ui\\sidebar.tsx"
2026-01-14T18:28:19.335704Z  INFO scan_sources: tailwindcss_oxide::scanner: Discovering "C:\\Users\\ITHCP\\OneDrive\\Desktop\\test KOKOai\\src\\app\\components\\ui\\skeleton.tsx"
2026-01-14T18:28:19.335787Z  INFO scan_sources: tailwindcss_oxide::scanner: Discovering "C:\\Users\\ITHCP\\OneDrive\\Desktop\\test KOKOai\\src\\app\\components\\ui\\slider.tsx"
2026-01-14T18:28:19.335856Z  INFO scan_sources: tailwindcss_oxide::scanner: Discovering "C:\\Users\\ITHCP\\OneDrive\\Desktop\\test KOKOai\\src\\app\\components\\ui\\sonner.tsx"
2026-01-14T18:28:19.335925Z  INFO scan_sources: tailwindcss_oxide::scanner: Discovering "C:\\Users\\ITHCP\\OneDrive\\Desktop\\test KOKOai\\src\\app\\components\\ui\\switch.tsx"
2026-01-14T18:28:19.335993Z  INFO scan_sources: tailwindcss_oxide::scanner: Discovering "C:\\Users\\ITHCP\\OneDrive\\Desktop\\test KOKOai\\src\\app\\components\\ui\\table.tsx"
2026-01-14T18:28:19.336062Z  INFO scan_sources: tailwindcss_oxide::scanner: Discovering "C:\\Users\\ITHCP\\OneDrive\\Desktop\\test KOKOai\\src\\app\\components\\ui\\tabs.tsx"
2026-01-14T18:28:19.336146Z  INFO scan_sources: tailwindcss_oxide::scanner: Discovering "C:\\Users\\ITHCP\\OneDrive\\Desktop\\test KOKOai\\src\\app\\components\\ui\\textarea.tsx"
2026-01-14T18:28:19.336219Z  INFO scan_sources: tailwindcss_oxide::scanner: Discovering "C:\\Users\\ITHCP\\OneDrive\\Desktop\\test KOKOai\\src\\app\\components\\ui\\toggle-group.tsx"
2026-01-14T18:28:19.336290Z  INFO scan_sources: tailwindcss_oxide::scanner: Discovering "C:\\Users\\ITHCP\\OneDrive\\Desktop\\test KOKOai\\src\\app\\components\\ui\\toggle.tsx"
2026-01-14T18:28:19.336358Z  INFO scan_sources: tailwindcss_oxide::scanner: Discovering "C:\\Users\\ITHCP\\OneDrive\\Desktop\\test KOKOai\\src\\app\\components\\ui\\tooltip.tsx"
2026-01-14T18:28:19.336425Z  INFO scan_sources: tailwindcss_oxide::scanner: Discovering "C:\\Users\\ITHCP\\OneDrive\\Desktop\\test KOKOai\\src\\app\\components\\ui\\use-mobile.ts"
2026-01-14T18:28:19.336492Z  INFO scan_sources: tailwindcss_oxide::scanner: Discovering "C:\\Users\\ITHCP\\OneDrive\\Desktop\\test KOKOai\\src\\app\\components\\ui\\utils.ts"
2026-01-14T18:28:19.336586Z  INFO scan_sources: tailwindcss_oxide::scanner: Discovering "C:\\Users\\ITHCP\\OneDrive\\Desktop\\test KOKOai\\src\\app\\components\\use-mobile.ts"
2026-01-14T18:28:19.336747Z  INFO scan_sources: tailwindcss_oxide::scanner: Discovering "C:\\Users\\ITHCP\\OneDrive\\Desktop\\test KOKOai\\src\\assets"
2026-01-14T18:28:19.336951Z  INFO scan_sources: tailwindcss_oxide::scanner: Discovering "C:\\Users\\ITHCP\\OneDrive\\Desktop\\test KOKOai\\src\\main.tsx"
2026-01-14T18:28:19.337069Z  INFO scan_sources: tailwindcss_oxide::scanner: Discovering "C:\\Users\\ITHCP\\OneDrive\\Desktop\\test KOKOai\\src\\styles"
2026-01-14T18:28:19.337731Z  INFO scan_sources: tailwindcss_oxide::scanner: Discovering "C:\\Users\\ITHCP\\OneDrive\\Desktop\\test KOKOai\\src\\app"
2026-01-14T18:28:19.337956Z  INFO scan_sources: tailwindcss_oxide::scanner: Discovering "C:\\Users\\ITHCP\\OneDrive\\Desktop\\test KOKOai\\src\\app\\components"
2026-01-14T18:28:19.338252Z  INFO scan_sources: tailwindcss_oxide::scanner: Discovering "C:\\Users\\ITHCP\\OneDrive\\Desktop\\test KOKOai\\src\\app\\components\\figma"
2026-01-14T18:28:19.338530Z  INFO scan_sources: tailwindcss_oxide::scanner: Discovering "C:\\Users\\ITHCP\\OneDrive\\Desktop\\test KOKOai\\src\\app\\components\\ui"
2026-01-14T18:28:19.341563Z  INFO scan_sources: tailwindcss_oxide::scanner: Discovering "C:\\Users\\ITHCP\\OneDrive\\Desktop\\test KOKOai\\src\\assets"
2026-01-14T18:28:19.341973Z  INFO scan_sources: tailwindcss_oxide::scanner: Discovering "C:\\Users\\ITHCP\\OneDrive\\Desktop\\test KOKOai\\src\\styles"
2026-01-14T18:28:19.342423Z  INFO scan_sources: tailwindcss_oxide::scanner: exit
2026-01-14T18:28:19.342454Z  INFO extract_candidates: tailwindcss_oxide::scanner: enter
2026-01-14T18:28:19.342466Z  INFO extract_candidates:read_all_files: tailwindcss_oxide::scanner: enter
2026-01-14T18:28:19.342471Z  INFO extract_candidates:read_all_files: tailwindcss_oxide::scanner: Reading 56 file(s)
2026-01-14T18:28:19.342910Z  INFO tailwindcss_oxide::scanner: Reading "C:\\Users\\ITHCP\\OneDrive\\Desktop\\test KOKOai\\src\\app\\App.tsx"
2026-01-14T18:28:19.343065Z  INFO tailwindcss_oxide::scanner: Reading "C:\\Users\\ITHCP\\OneDrive\\Desktop\\test KOKOai\\src\\app\\components\\ChatArea.tsx"
2026-01-14T18:28:19.343524Z  INFO tailwindcss_oxide::scanner: Reading "C:\\Users\\ITHCP\\OneDrive\\Desktop\\test KOKOai\\src\\app\\components\\ChatMessage.tsx"
2026-01-14T18:28:19.343666Z  INFO tailwindcss_oxide::scanner: Reading "C:\\Users\\ITHCP\\OneDrive\\Desktop\\test KOKOai\\src\\app\\components\\Chatsidebar.tsx"
2026-01-14T18:28:19.343774Z  INFO tailwindcss_oxide::scanner: Reading "C:\\Users\\ITHCP\\OneDrive\\Desktop\\test KOKOai\\src\\app\\components\\ui\\input.tsx"
2026-01-14T18:28:19.343939Z  INFO tailwindcss_oxide::scanner: Reading "C:\\Users\\ITHCP\\OneDrive\\Desktop\\test KOKOai\\src\\app\\components\\ui\\calendar.tsx"
2026-01-14T18:28:19.343945Z  INFO tailwindcss_oxide::scanner: Reading "C:\\Users\\ITHCP\\OneDrive\\Desktop\\test KOKOai\\src\\app\\components\\ui\\context-menu.tsx"
2026-01-14T18:28:19.343959Z  INFO tailwindcss_oxide::scanner: Reading "C:\\Users\\ITHCP\\OneDrive\\Desktop\\test KOKOai\\src\\app\\components\\ui\\label.tsx"
2026-01-14T18:28:19.344101Z  INFO tailwindcss_oxide::scanner: Reading "C:\\Users\\ITHCP\\OneDrive\\Desktop\\test KOKOai\\src\\app\\components\\figma\\ImageWithFallback.tsx"
2026-01-14T18:28:19.344225Z  INFO tailwindcss_oxide::scanner: Reading "C:\\Users\\ITHCP\\OneDrive\\Desktop\\test KOKOai\\src\\app\\components\\Sidebar.tsx"
2026-01-14T18:28:19.344317Z  INFO tailwindcss_oxide::scanner: Reading "C:\\Users\\ITHCP\\OneDrive\\Desktop\\test KOKOai\\src\\app\\components\\ui\\card.tsx"
2026-01-14T18:28:19.344341Z  INFO tailwindcss_oxide::scanner: Reading "C:\\Users\\ITHCP\\OneDrive\\Desktop\\test KOKOai\\src\\app\\components\\ui\\dialog.tsx"
2026-01-14T18:28:19.344394Z  INFO tailwindcss_oxide::scanner: Reading "C:\\Users\\ITHCP\\OneDrive\\Desktop\\test KOKOai\\src\\app\\components\\ui\\menubar.tsx"
2026-01-14T18:28:19.344608Z  INFO tailwindcss_oxide::scanner: Reading "C:\\Users\\ITHCP\\OneDrive\\Desktop\\test KOKOai\\src\\app\\components\\ui\\accordion.tsx"
2026-01-14T18:28:19.344702Z  INFO tailwindcss_oxide::scanner: Reading "C:\\Users\\ITHCP\\OneDrive\\Desktop\\test KOKOai\\src\\app\\components\\ui\\carousel.tsx"
2026-01-14T18:28:19.344839Z  INFO tailwindcss_oxide::scanner: Reading "C:\\Users\\ITHCP\\OneDrive\\Desktop\\test KOKOai\\src\\app\\components\\ui\\drawer.tsx"
2026-01-14T18:28:19.344925Z  INFO tailwindcss_oxide::scanner: Reading "C:\\Users\\ITHCP\\OneDrive\\Desktop\\test KOKOai\\src\\app\\components\\ui\\navigation-menu.tsx"
2026-01-14T18:28:19.345011Z  INFO tailwindcss_oxide::scanner: Reading "C:\\Users\\ITHCP\\OneDrive\\Desktop\\test KOKOai\\src\\app\\components\\ui\\alert-dialog.tsx"
2026-01-14T18:28:19.345154Z  INFO tailwindcss_oxide::scanner: Reading "C:\\Users\\ITHCP\\OneDrive\\Desktop\\test KOKOai\\src\\app\\components\\ui\\chart.tsx"
2026-01-14T18:28:19.345245Z  INFO tailwindcss_oxide::scanner: Reading "C:\\Users\\ITHCP\\OneDrive\\Desktop\\test KOKOai\\src\\app\\components\\ui\\dropdown-menu.tsx"
2026-01-14T18:28:19.345293Z  INFO tailwindcss_oxide::scanner: Reading "C:\\Users\\ITHCP\\OneDrive\\Desktop\\test KOKOai\\src\\app\\components\\ui\\pagination.tsx"
2026-01-14T18:28:19.345330Z  INFO tailwindcss_oxide::scanner: Reading "C:\\Users\\ITHCP\\OneDrive\\Desktop\\test KOKOai\\src\\app\\components\\ui\\alert.tsx"
2026-01-14T18:28:19.345440Z  INFO tailwindcss_oxide::scanner: Reading "C:\\Users\\ITHCP\\OneDrive\\Desktop\\test KOKOai\\src\\app\\components\\ui\\aspect-ratio.tsx"
2026-01-14T18:28:19.345518Z  INFO tailwindcss_oxide::scanner: Reading "C:\\Users\\ITHCP\\OneDrive\\Desktop\\test KOKOai\\src\\app\\components\\ui\\checkbox.tsx"
2026-01-14T18:28:19.345575Z  INFO tailwindcss_oxide::scanner: Reading "C:\\Users\\ITHCP\\OneDrive\\Desktop\\test KOKOai\\src\\app\\components\\ui\\form.tsx"
2026-01-14T18:28:19.345614Z  INFO tailwindcss_oxide::scanner: Reading "C:\\Users\\ITHCP\\OneDrive\\Desktop\\test KOKOai\\src\\app\\components\\ui\\popover.tsx"
2026-01-14T18:28:19.345795Z  INFO tailwindcss_oxide::scanner: Reading "C:\\Users\\ITHCP\\OneDrive\\Desktop\\test KOKOai\\src\\app\\components\\ui\\avatar.tsx"
2026-01-14T18:28:19.345833Z  INFO tailwindcss_oxide::scanner: Reading "C:\\Users\\ITHCP\\OneDrive\\Desktop\\test KOKOai\\src\\app\\components\\ui\\collapsible.tsx"
2026-01-14T18:28:19.345943Z  INFO tailwindcss_oxide::scanner: Reading "C:\\Users\\ITHCP\\OneDrive\\Desktop\\test KOKOai\\src\\app\\components\\ui\\hover-card.tsx"
2026-01-14T18:28:19.345951Z  INFO tailwindcss_oxide::scanner: Reading "C:\\Users\\ITHCP\\OneDrive\\Desktop\\test KOKOai\\src\\app\\components\\ui\\progress.tsx"
2026-01-14T18:28:19.346147Z  INFO tailwindcss_oxide::scanner: Reading "C:\\Users\\ITHCP\\OneDrive\\Desktop\\test KOKOai\\src\\app\\components\\ui\\command.tsx"
2026-01-14T18:28:19.346231Z  INFO tailwindcss_oxide::scanner: Reading "C:\\Users\\ITHCP\\OneDrive\\Desktop\\test KOKOai\\src\\app\\components\\ui\\badge.tsx"
2026-01-14T18:28:19.346395Z  INFO tailwindcss_oxide::scanner: Reading "C:\\Users\\ITHCP\\OneDrive\\Desktop\\test KOKOai\\src\\app\\components\\ui\\skeleton.tsx"
2026-01-14T18:28:19.346409Z  INFO tailwindcss_oxide::scanner: Reading "C:\\Users\\ITHCP\\OneDrive\\Desktop\\test KOKOai\\src\\app\\components\\ui\\input-otp.tsx"
2026-01-14T18:28:19.346420Z  INFO tailwindcss_oxide::scanner: Reading "C:\\Users\\ITHCP\\OneDrive\\Desktop\\test KOKOai\\src\\app\\components\\ui\\radio-group.tsx"
2026-01-14T18:28:19.346512Z  INFO tailwindcss_oxide::scanner: Reading "C:\\Users\\ITHCP\\OneDrive\\Desktop\\test KOKOai\\src\\app\\components\\ui\\breadcrumb.tsx"
2026-01-14T18:28:19.346759Z  INFO tailwindcss_oxide::scanner: Reading "C:\\Users\\ITHCP\\OneDrive\\Desktop\\test KOKOai\\src\\app\\components\\ui\\toggle-group.tsx"
2026-01-14T18:28:19.346829Z  INFO tailwindcss_oxide::scanner: Reading "C:\\Users\\ITHCP\\OneDrive\\Desktop\\test KOKOai\\src\\app\\components\\ui\\slider.tsx"
2026-01-14T18:28:19.346857Z  INFO tailwindcss_oxide::scanner: Reading "C:\\Users\\ITHCP\\OneDrive\\Desktop\\test KOKOai\\src\\app\\components\\ui\\resizable.tsx"
2026-01-14T18:28:19.346895Z  INFO tailwindcss_oxide::scanner: Reading "C:\\Users\\ITHCP\\OneDrive\\Desktop\\test KOKOai\\src\\app\\components\\ui\\button.tsx"
2026-01-14T18:28:19.346948Z  INFO tailwindcss_oxide::scanner: Reading "C:\\Users\\ITHCP\\OneDrive\\Desktop\\test KOKOai\\src\\app\\components\\ui\\sonner.tsx"
2026-01-14T18:28:19.347028Z  INFO tailwindcss_oxide::scanner: Reading "C:\\Users\\ITHCP\\OneDrive\\Desktop\\test KOKOai\\src\\app\\components\\ui\\toggle.tsx"
2026-01-14T18:28:19.347137Z  INFO tailwindcss_oxide::scanner: Reading "C:\\Users\\ITHCP\\OneDrive\\Desktop\\test KOKOai\\src\\app\\components\\ui\\use-mobile.ts"
2026-01-14T18:28:19.347147Z  INFO tailwindcss_oxide::scanner: Reading "C:\\Users\\ITHCP\\OneDrive\\Desktop\\test KOKOai\\src\\app\\components\\ui\\scroll-area.tsx"
2026-01-14T18:28:19.347251Z  INFO tailwindcss_oxide::scanner: Reading "C:\\Users\\ITHCP\\OneDrive\\Desktop\\test KOKOai\\src\\app\\components\\ui\\utils.ts"
2026-01-14T18:28:19.347264Z  INFO tailwindcss_oxide::scanner: Reading "C:\\Users\\ITHCP\\OneDrive\\Desktop\\test KOKOai\\src\\app\\components\\ui\\tooltip.tsx"
2026-01-14T18:28:19.347285Z  INFO tailwindcss_oxide::scanner: Reading "C:\\Users\\ITHCP\\OneDrive\\Desktop\\test KOKOai\\src\\app\\components\\ui\\switch.tsx"
2026-01-14T18:28:19.347391Z  INFO tailwindcss_oxide::scanner: Reading "C:\\Users\\ITHCP\\OneDrive\\Desktop\\test KOKOai\\src\\app\\components\\use-mobile.ts"
2026-01-14T18:28:19.347469Z  INFO tailwindcss_oxide::scanner: Reading "C:\\Users\\ITHCP\\OneDrive\\Desktop\\test KOKOai\\src\\main.tsx"
2026-01-14T18:28:19.347501Z  INFO tailwindcss_oxide::scanner: Reading "C:\\Users\\ITHCP\\OneDrive\\Desktop\\test KOKOai\\src\\app\\components\\ui\\select.tsx"
2026-01-14T18:28:19.347627Z  INFO tailwindcss_oxide::scanner: Reading "C:\\Users\\ITHCP\\OneDrive\\Desktop\\test KOKOai\\src\\app\\components\\ui\\tabs.tsx"
2026-01-14T18:28:19.347695Z  INFO tailwindcss_oxide::scanner: Reading "C:\\Users\\ITHCP\\OneDrive\\Desktop\\test KOKOai\\src\\app\\components\\ui\\table.tsx"
2026-01-14T18:28:19.347781Z  INFO tailwindcss_oxide::scanner: Reading "C:\\Users\\ITHCP\\OneDrive\\Desktop\\test KOKOai\\src\\app\\components\\ui\\separator.tsx"
2026-01-14T18:28:19.347875Z  INFO tailwindcss_oxide::scanner: Reading "C:\\Users\\ITHCP\\OneDrive\\Desktop\\test KOKOai\\src\\app\\components\\ui\\sheet.tsx"
2026-01-14T18:28:19.347931Z  INFO tailwindcss_oxide::scanner: Reading "C:\\Users\\ITHCP\\OneDrive\\Desktop\\test KOKOai\\src\\app\\components\\ui\\textarea.tsx"
2026-01-14T18:28:19.348166Z  INFO tailwindcss_oxide::scanner: Reading "C:\\Users\\ITHCP\\OneDrive\\Desktop\\test KOKOai\\src\\app\\components\\ui\\sidebar.tsx"
2026-01-14T18:28:19.348224Z  INFO extract_candidates:read_all_files: tailwindcss_oxide::scanner: exit
2026-01-14T18:28:19.348249Z  INFO extract_candidates:parse_all_blobs: tailwindcss_oxide::scanner: enter
2026-01-14T18:28:19.348260Z  INFO extract_candidates:parse_all_blobs:extract: tailwindcss_oxide::scanner: enter
2026-01-14T18:28:19.350435Z  INFO extract_candidates:parse_all_blobs:extract: tailwindcss_oxide::scanner: exit
2026-01-14T18:28:19.350461Z  INFO extract_candidates:parse_all_blobs: tailwindcss_oxide::scanner: exit
2026-01-14T18:28:19.350814Z  INFO extract_candidates: tailwindcss_oxide::scanner: exit
2026-01-14T18:28:19.352237Z  INFO get_files: tailwindcss_oxide::scanner: enter
2026-01-14T18:28:19.352252Z  INFO get_files:scan_sources: tailwindcss_oxide::scanner: enter
2026-01-14T18:28:19.353397Z  INFO get_files:scan_sources: tailwindcss_oxide::scanner: Discovering "C:\\Users\\ITHCP\\OneDrive\\Desktop\\test KOKOai\\src\\app"
2026-01-14T18:28:19.353631Z  INFO get_files:scan_sources: tailwindcss_oxide::scanner: Discovering "C:\\Users\\ITHCP\\OneDrive\\Desktop\\test KOKOai\\src\\app\\components"
2026-01-14T18:28:19.353951Z  INFO get_files:scan_sources: tailwindcss_oxide::scanner: Discovering "C:\\Users\\ITHCP\\OneDrive\\Desktop\\test KOKOai\\src\\app\\components\\figma"
2026-01-14T18:28:19.354282Z  INFO get_files:scan_sources: tailwindcss_oxide::scanner: Discovering "C:\\Users\\ITHCP\\OneDrive\\Desktop\\test KOKOai\\src\\app\\components\\ui"
2026-01-14T18:28:19.356455Z  INFO get_files:scan_sources: tailwindcss_oxide::scanner: Discovering "C:\\Users\\ITHCP\\OneDrive\\Desktop\\test KOKOai\\src\\assets"
2026-01-14T18:28:19.356950Z  INFO get_files:scan_sources: tailwindcss_oxide::scanner: Discovering "C:\\Users\\ITHCP\\OneDrive\\Desktop\\test KOKOai\\src\\styles"
2026-01-14T18:28:19.358704Z  INFO get_files:scan_sources: tailwindcss_oxide::scanner: Discovering "C:\\Users\\ITHCP\\OneDrive\\Desktop\\test KOKOai\\src\\app"
2026-01-14T18:28:19.359080Z  INFO get_files:scan_sources: tailwindcss_oxide::scanner: Discovering "C:\\Users\\ITHCP\\OneDrive\\Desktop\\test KOKOai\\src\\app\\components"
2026-01-14T18:28:19.359418Z  INFO get_files:scan_sources: tailwindcss_oxide::scanner: Discovering "C:\\Users\\ITHCP\\OneDrive\\Desktop\\test KOKOai\\src\\app\\components\\figma"
2026-01-14T18:28:19.359778Z  INFO get_files:scan_sources: tailwindcss_oxide::scanner: Discovering "C:\\Users\\ITHCP\\OneDrive\\Desktop\\test KOKOai\\src\\app\\components\\ui"
2026-01-14T18:28:19.362152Z  INFO get_files:scan_sources: tailwindcss_oxide::scanner: Discovering "C:\\Users\\ITHCP\\OneDrive\\Desktop\\test KOKOai\\src\\assets"
2026-01-14T18:28:19.362411Z  INFO get_files:scan_sources: tailwindcss_oxide::scanner: Discovering "C:\\Users\\ITHCP\\OneDrive\\Desktop\\test KOKOai\\src\\styles"
2026-01-14T18:28:19.362763Z  INFO get_files:scan_sources: tailwindcss_oxide::scanner: exit
2026-01-14T18:28:19.362846Z  INFO get_files: tailwindcss_oxide::scanner: exit
2026-01-14T18:28:19.381800Z  INFO get_globs: tailwindcss_oxide::scanner: enter
2026-01-14T18:28:19.381827Z  INFO get_globs:scan_sources: tailwindcss_oxide::scanner: enter
2026-01-14T18:28:19.383084Z  INFO get_globs:scan_sources: tailwindcss_oxide::scanner: Discovering "C:\\Users\\ITHCP\\OneDrive\\Desktop\\test KOKOai\\src\\app"
2026-01-14T18:28:19.383333Z  INFO get_globs:scan_sources: tailwindcss_oxide::scanner: Discovering "C:\\Users\\ITHCP\\OneDrive\\Desktop\\test KOKOai\\src\\app\\components"
2026-01-14T18:28:19.383663Z  INFO get_globs:scan_sources: tailwindcss_oxide::scanner: Discovering "C:\\Users\\ITHCP\\OneDrive\\Desktop\\test KOKOai\\src\\app\\components\\figma"
2026-01-14T18:28:19.383983Z  INFO get_globs:scan_sources: tailwindcss_oxide::scanner: Discovering "C:\\Users\\ITHCP\\OneDrive\\Desktop\\test KOKOai\\src\\app\\components\\ui"
2026-01-14T18:28:19.386176Z  INFO get_globs:scan_sources: tailwindcss_oxide::scanner: Discovering "C:\\Users\\ITHCP\\OneDrive\\Desktop\\test KOKOai\\src\\assets"
2026-01-14T18:28:19.386460Z  INFO get_globs:scan_sources: tailwindcss_oxide::scanner: Discovering "C:\\Users\\ITHCP\\OneDrive\\Desktop\\test KOKOai\\src\\styles"
2026-01-14T18:28:19.387150Z  INFO get_globs:scan_sources: tailwindcss_oxide::scanner: Discovering "C:\\Users\\ITHCP\\OneDrive\\Desktop\\test KOKOai\\src\\app"
2026-01-14T18:28:19.387383Z  INFO get_globs:scan_sources: tailwindcss_oxide::scanner: Discovering "C:\\Users\\ITHCP\\OneDrive\\Desktop\\test KOKOai\\src\\app\\components"
2026-01-14T18:28:19.387689Z  INFO get_globs:scan_sources: tailwindcss_oxide::scanner: Discovering "C:\\Users\\ITHCP\\OneDrive\\Desktop\\test KOKOai\\src\\app\\components\\figma"
2026-01-14T18:28:19.387987Z  INFO get_globs:scan_sources: tailwindcss_oxide::scanner: Discovering "C:\\Users\\ITHCP\\OneDrive\\Desktop\\test KOKOai\\src\\app\\components\\ui"
2026-01-14T18:28:19.390345Z  INFO get_globs:scan_sources: tailwindcss_oxide::scanner: Discovering "C:\\Users\\ITHCP\\OneDrive\\Desktop\\test KOKOai\\src\\assets"
2026-01-14T18:28:19.390605Z  INFO get_globs:scan_sources: tailwindcss_oxide::scanner: Discovering "C:\\Users\\ITHCP\\OneDrive\\Desktop\\test KOKOai\\src\\styles"
2026-01-14T18:28:19.390941Z  INFO get_globs:scan_sources: tailwindcss_oxide::scanner: exit
2026-01-14T18:28:19.391237Z  INFO get_globs: tailwindcss_oxide::scanner: exit
