2026-01-16T15:10:08.562995Z  INFO tailwindcss_oxide::scanner: Provided sources:
2026-01-16T15:10:08.563282Z  INFO tailwindcss_oxide::scanner: Source: PublicSourceEntry { base: "C:\\Users\\ITHCP\\OneDrive\\Desktop\\test KOKOai\\src\\styles", pattern: "../**/*.{js,ts,jsx,tsx}", negated: false }
2026-01-16T15:10:08.565244Z  INFO tailwindcss_oxide::scanner: Optimized sources:
2026-01-16T15:10:08.565278Z  INFO tailwindcss_oxide::scanner: Source: Pattern { base: "C:\\Users\\ITHCP\\OneDrive\\Desktop\\test KOKOai\\src", pattern: "**/*.js" }
2026-01-16T15:10:08.565634Z  INFO tailwindcss_oxide::scanner: Source: Pattern { base: "C:\\Users\\ITHCP\\OneDrive\\Desktop\\test KOKOai\\src", pattern: "**/*.ts" }
2026-01-16T15:10:08.566397Z  INFO tailwindcss_oxide::scanner: Source: Pattern { base: "C:\\Users\\ITHCP\\OneDrive\\Desktop\\test KOKOai\\src", pattern: "**/*.jsx" }
2026-01-16T15:10:08.566407Z  INFO tailwindcss_oxide::scanner: Source: Pattern { base: "C:\\Users\\ITHCP\\OneDrive\\Desktop\\test KOKOai\\src", pattern: "**/*.tsx" }
2026-01-16T15:10:08.574022Z  INFO scan_sources: tailwindcss_oxide::scanner: enter
2026-01-16T15:10:08.575275Z  INFO scan_sources: tailwindcss_oxide::scanner: Discovering "C:\\Users\\ITHCP\\OneDrive\\Desktop\\test KOKOai\\src\\app"
2026-01-16T15:10:08.575426Z  INFO scan_sources: tailwindcss_oxide::scanner: Discovering "C:\\Users\\ITHCP\\OneDrive\\Desktop\\test KOKOai\\src\\app\\App.tsx"
2026-01-16T15:10:08.575556Z  INFO scan_sources: tailwindcss_oxide::scanner: Discovering "C:\\Users\\ITHCP\\OneDrive\\Desktop\\test KOKOai\\src\\app\\components"
2026-01-16T15:10:08.575699Z  INFO scan_sources: tailwindcss_oxide::scanner: Discovering "C:\\Users\\ITHCP\\OneDrive\\Desktop\\test KOKOai\\src\\app\\components\\ChatArea.tsx"
2026-01-16T15:10:08.575775Z  INFO scan_sources: tailwindcss_oxide::scanner: Discovering "C:\\Users\\ITHCP\\OneDrive\\Desktop\\test KOKOai\\src\\app\\components\\ChatMessage.tsx"
2026-01-16T15:10:08.575855Z  INFO scan_sources: tailwindcss_oxide::scanner: Discovering "C:\\Users\\ITHCP\\OneDrive\\Desktop\\test KOKOai\\src\\app\\components\\Chatsidebar.tsx"
2026-01-16T15:10:08.575978Z  INFO scan_sources: tailwindcss_oxide::scanner: Discovering "C:\\Users\\ITHCP\\OneDrive\\Desktop\\test KOKOai\\src\\app\\components\\figma"
2026-01-16T15:10:08.576115Z  INFO scan_sources: tailwindcss_oxide::scanner: Discovering "C:\\Users\\ITHCP\\OneDrive\\Desktop\\test KOKOai\\src\\app\\components\\figma\\ImageWithFallback.tsx"
2026-01-16T15:10:08.576219Z  INFO scan_sources: tailwindcss_oxide::scanner: Discovering "C:\\Users\\ITHCP\\OneDrive\\Desktop\\test KOKOai\\src\\app\\components\\Sidebar.tsx"
2026-01-16T15:10:08.576338Z  INFO scan_sources: tailwindcss_oxide::scanner: Discovering "C:\\Users\\ITHCP\\OneDrive\\Desktop\\test KOKOai\\src\\app\\components\\ui"
2026-01-16T15:10:08.576488Z  INFO scan_sources: tailwindcss_oxide::scanner: Discovering "C:\\Users\\ITHCP\\OneDrive\\Desktop\\test KOKOai\\src\\app\\components\\ui\\accordion.tsx"
2026-01-16T15:10:08.576563Z  INFO scan_sources: tailwindcss_oxide::scanner: Discovering "C:\\Users\\ITHCP\\OneDrive\\Desktop\\test KOKOai\\src\\app\\components\\ui\\alert-dialog.tsx"
2026-01-16T15:10:08.576635Z  INFO scan_sources: tailwindcss_oxide::scanner: Discovering "C:\\Users\\ITHCP\\OneDrive\\Desktop\\test KOKOai\\src\\app\\components\\ui\\alert.tsx"
2026-01-16T15:10:08.576710Z  INFO scan_sources: tailwindcss_oxide::scanner: Discovering "C:\\Users\\ITHCP\\OneDrive\\Desktop\\test KOKOai\\src\\app\\components\\ui\\aspect-ratio.tsx"
2026-01-16T15:10:08.576781Z  INFO scan_sources: tailwindcss_oxide::scanner: Discovering "C:\\Users\\ITHCP\\OneDrive\\Desktop\\test KOKOai\\src\\app\\components\\ui\\avatar.tsx"
2026-01-16T15:10:08.576851Z  INFO scan_sources: tailwindcss_oxide::scanner: Discovering "C:\\Users\\ITHCP\\OneDrive\\Desktop\\test KOKOai\\src\\app\\components\\ui\\badge.tsx"
2026-01-16T15:10:08.576921Z  INFO scan_sources: tailwindcss_oxide::scanner: Discovering "C:\\Users\\ITHCP\\OneDrive\\Desktop\\test KOKOai\\src\\app\\components\\ui\\breadcrumb.tsx"
2026-01-16T15:10:08.576991Z  INFO scan_sources: tailwindcss_oxide::scanner: Discovering "C:\\Users\\ITHCP\\OneDrive\\Desktop\\test KOKOai\\src\\app\\components\\ui\\button.tsx"
2026-01-16T15:10:08.577122Z  INFO scan_sources: tailwindcss_oxide::scanner: Discovering "C:\\Users\\ITHCP\\OneDrive\\Desktop\\test KOKOai\\src\\app\\components\\ui\\calendar.tsx"
2026-01-16T15:10:08.577198Z  INFO scan_sources: tailwindcss_oxide::scanner: Discovering "C:\\Users\\ITHCP\\OneDrive\\Desktop\\test KOKOai\\src\\app\\components\\ui\\card.tsx"
2026-01-16T15:10:08.577269Z  INFO scan_sources: tailwindcss_oxide::scanner: Discovering "C:\\Users\\ITHCP\\OneDrive\\Desktop\\test KOKOai\\src\\app\\components\\ui\\carousel.tsx"
2026-01-16T15:10:08.577341Z  INFO scan_sources: tailwindcss_oxide::scanner: Discovering "C:\\Users\\ITHCP\\OneDrive\\Desktop\\test KOKOai\\src\\app\\components\\ui\\chart.tsx"
2026-01-16T15:10:08.577412Z  INFO scan_sources: tailwindcss_oxide::scanner: Discovering "C:\\Users\\ITHCP\\OneDrive\\Desktop\\test KOKOai\\src\\app\\components\\ui\\checkbox.tsx"
2026-01-16T15:10:08.577482Z  INFO scan_sources: tailwindcss_oxide::scanner: Discovering "C:\\Users\\ITHCP\\OneDrive\\Desktop\\test KOKOai\\src\\app\\components\\ui\\collapsible.tsx"
2026-01-16T15:10:08.577553Z  INFO scan_sources: tailwindcss_oxide::scanner: Discovering "C:\\Users\\ITHCP\\OneDrive\\Desktop\\test KOKOai\\src\\app\\components\\ui\\command.tsx"
2026-01-16T15:10:08.577624Z  INFO scan_sources: tailwindcss_oxide::scanner: Discovering "C:\\Users\\ITHCP\\OneDrive\\Desktop\\test KOKOai\\src\\app\\components\\ui\\context-menu.tsx"
2026-01-16T15:10:08.577694Z  INFO scan_sources: tailwindcss_oxide::scanner: Discovering "C:\\Users\\ITHCP\\OneDrive\\Desktop\\test KOKOai\\src\\app\\components\\ui\\dialog.tsx"
2026-01-16T15:10:08.577764Z  INFO scan_sources: tailwindcss_oxide::scanner: Discovering "C:\\Users\\ITHCP\\OneDrive\\Desktop\\test KOKOai\\src\\app\\components\\ui\\drawer.tsx"
2026-01-16T15:10:08.577835Z  INFO scan_sources: tailwindcss_oxide::scanner: Discovering "C:\\Users\\ITHCP\\OneDrive\\Desktop\\test KOKOai\\src\\app\\components\\ui\\dropdown-menu.tsx"
2026-01-16T15:10:08.577910Z  INFO scan_sources: tailwindcss_oxide::scanner: Discovering "C:\\Users\\ITHCP\\OneDrive\\Desktop\\test KOKOai\\src\\app\\components\\ui\\form.tsx"
2026-01-16T15:10:08.577982Z  INFO scan_sources: tailwindcss_oxide::scanner: Discovering "C:\\Users\\ITHCP\\OneDrive\\Desktop\\test KOKOai\\src\\app\\components\\ui\\hover-card.tsx"
2026-01-16T15:10:08.578052Z  INFO scan_sources: tailwindcss_oxide::scanner: Discovering "C:\\Users\\ITHCP\\OneDrive\\Desktop\\test KOKOai\\src\\app\\components\\ui\\input-otp.tsx"
2026-01-16T15:10:08.578127Z  INFO scan_sources: tailwindcss_oxide::scanner: Discovering "C:\\Users\\ITHCP\\OneDrive\\Desktop\\test KOKOai\\src\\app\\components\\ui\\input.tsx"
2026-01-16T15:10:08.578197Z  INFO scan_sources: tailwindcss_oxide::scanner: Discovering "C:\\Users\\ITHCP\\OneDrive\\Desktop\\test KOKOai\\src\\app\\components\\ui\\label.tsx"
2026-01-16T15:10:08.578267Z  INFO scan_sources: tailwindcss_oxide::scanner: Discovering "C:\\Users\\ITHCP\\OneDrive\\Desktop\\test KOKOai\\src\\app\\components\\ui\\menubar.tsx"
2026-01-16T15:10:08.578338Z  INFO scan_sources: tailwindcss_oxide::scanner: Discovering "C:\\Users\\ITHCP\\OneDrive\\Desktop\\test KOKOai\\src\\app\\components\\ui\\navigation-menu.tsx"
2026-01-16T15:10:08.578409Z  INFO scan_sources: tailwindcss_oxide::scanner: Discovering "C:\\Users\\ITHCP\\OneDrive\\Desktop\\test KOKOai\\src\\app\\components\\ui\\pagination.tsx"
2026-01-16T15:10:08.578483Z  INFO scan_sources: tailwindcss_oxide::scanner: Discovering "C:\\Users\\ITHCP\\OneDrive\\Desktop\\test KOKOai\\src\\app\\components\\ui\\popover.tsx"
2026-01-16T15:10:08.578553Z  INFO scan_sources: tailwindcss_oxide::scanner: Discovering "C:\\Users\\ITHCP\\OneDrive\\Desktop\\test KOKOai\\src\\app\\components\\ui\\progress.tsx"
2026-01-16T15:10:08.578624Z  INFO scan_sources: tailwindcss_oxide::scanner: Discovering "C:\\Users\\ITHCP\\OneDrive\\Desktop\\test KOKOai\\src\\app\\components\\ui\\radio-group.tsx"
2026-01-16T15:10:08.578694Z  INFO scan_sources: tailwindcss_oxide::scanner: Discovering "C:\\Users\\ITHCP\\OneDrive\\Desktop\\test KOKOai\\src\\app\\components\\ui\\resizable.tsx"
2026-01-16T15:10:08.578790Z  INFO scan_sources: tailwindcss_oxide::scanner: Discovering "C:\\Users\\ITHCP\\OneDrive\\Desktop\\test KOKOai\\src\\app\\components\\ui\\scroll-area.tsx"
2026-01-16T15:10:08.578863Z  INFO scan_sources: tailwindcss_oxide::scanner: Discovering "C:\\Users\\ITHCP\\OneDrive\\Desktop\\test KOKOai\\src\\app\\components\\ui\\select.tsx"
2026-01-16T15:10:08.578933Z  INFO scan_sources: tailwindcss_oxide::scanner: Discovering "C:\\Users\\ITHCP\\OneDrive\\Desktop\\test KOKOai\\src\\app\\components\\ui\\separator.tsx"
2026-01-16T15:10:08.579003Z  INFO scan_sources: tailwindcss_oxide::scanner: Discovering "C:\\Users\\ITHCP\\OneDrive\\Desktop\\test KOKOai\\src\\app\\components\\ui\\sheet.tsx"
2026-01-16T15:10:08.579073Z  INFO scan_sources: tailwindcss_oxide::scanner: Discovering "C:\\Users\\ITHCP\\OneDrive\\Desktop\\test KOKOai\\src\\app\\components\\ui\\sidebar.tsx"
2026-01-16T15:10:08.579143Z  INFO scan_sources: tailwindcss_oxide::scanner: Discovering "C:\\Users\\ITHCP\\OneDrive\\Desktop\\test KOKOai\\src\\app\\components\\ui\\skeleton.tsx"
2026-01-16T15:10:08.579212Z  INFO scan_sources: tailwindcss_oxide::scanner: Discovering "C:\\Users\\ITHCP\\OneDrive\\Desktop\\test KOKOai\\src\\app\\components\\ui\\slider.tsx"
2026-01-16T15:10:08.579282Z  INFO scan_sources: tailwindcss_oxide::scanner: Discovering "C:\\Users\\ITHCP\\OneDrive\\Desktop\\test KOKOai\\src\\app\\components\\ui\\sonner.tsx"
2026-01-16T15:10:08.579352Z  INFO scan_sources: tailwindcss_oxide::scanner: Discovering "C:\\Users\\ITHCP\\OneDrive\\Desktop\\test KOKOai\\src\\app\\components\\ui\\switch.tsx"
2026-01-16T15:10:08.579422Z  INFO scan_sources: tailwindcss_oxide::scanner: Discovering "C:\\Users\\ITHCP\\OneDrive\\Desktop\\test KOKOai\\src\\app\\components\\ui\\table.tsx"
2026-01-16T15:10:08.579491Z  INFO scan_sources: tailwindcss_oxide::scanner: Discovering "C:\\Users\\ITHCP\\OneDrive\\Desktop\\test KOKOai\\src\\app\\components\\ui\\tabs.tsx"
2026-01-16T15:10:08.579574Z  INFO scan_sources: tailwindcss_oxide::scanner: Discovering "C:\\Users\\ITHCP\\OneDrive\\Desktop\\test KOKOai\\src\\app\\components\\ui\\textarea.tsx"
2026-01-16T15:10:08.579645Z  INFO scan_sources: tailwindcss_oxide::scanner: Discovering "C:\\Users\\ITHCP\\OneDrive\\Desktop\\test KOKOai\\src\\app\\components\\ui\\toggle-group.tsx"
2026-01-16T15:10:08.579716Z  INFO scan_sources: tailwindcss_oxide::scanner: Discovering "C:\\Users\\ITHCP\\OneDrive\\Desktop\\test KOKOai\\src\\app\\components\\ui\\toggle.tsx"
2026-01-16T15:10:08.579786Z  INFO scan_sources: tailwindcss_oxide::scanner: Discovering "C:\\Users\\ITHCP\\OneDrive\\Desktop\\test KOKOai\\src\\app\\components\\ui\\tooltip.tsx"
2026-01-16T15:10:08.579853Z  INFO scan_sources: tailwindcss_oxide::scanner: Discovering "C:\\Users\\ITHCP\\OneDrive\\Desktop\\test KOKOai\\src\\app\\components\\ui\\use-mobile.ts"
2026-01-16T15:10:08.579920Z  INFO scan_sources: tailwindcss_oxide::scanner: Discovering "C:\\Users\\ITHCP\\OneDrive\\Desktop\\test KOKOai\\src\\app\\components\\ui\\utils.ts"
2026-01-16T15:10:08.580010Z  INFO scan_sources: tailwindcss_oxide::scanner: Discovering "C:\\Users\\ITHCP\\OneDrive\\Desktop\\test KOKOai\\src\\app\\components\\use-mobile.ts"
2026-01-16T15:10:08.580164Z  INFO scan_sources: tailwindcss_oxide::scanner: Discovering "C:\\Users\\ITHCP\\OneDrive\\Desktop\\test KOKOai\\src\\assets"
2026-01-16T15:10:08.580377Z  INFO scan_sources: tailwindcss_oxide::scanner: Discovering "C:\\Users\\ITHCP\\OneDrive\\Desktop\\test KOKOai\\src\\main.tsx"
2026-01-16T15:10:08.580499Z  INFO scan_sources: tailwindcss_oxide::scanner: Discovering "C:\\Users\\ITHCP\\OneDrive\\Desktop\\test KOKOai\\src\\styles"
2026-01-16T15:10:08.581158Z  INFO scan_sources: tailwindcss_oxide::scanner: Discovering "C:\\Users\\ITHCP\\OneDrive\\Desktop\\test KOKOai\\src\\app"
2026-01-16T15:10:08.581385Z  INFO scan_sources: tailwindcss_oxide::scanner: Discovering "C:\\Users\\ITHCP\\OneDrive\\Desktop\\test KOKOai\\src\\app\\components"
2026-01-16T15:10:08.581685Z  INFO scan_sources: tailwindcss_oxide::scanner: Discovering "C:\\Users\\ITHCP\\OneDrive\\Desktop\\test KOKOai\\src\\app\\components\\figma"
2026-01-16T15:10:08.581958Z  INFO scan_sources: tailwindcss_oxide::scanner: Discovering "C:\\Users\\ITHCP\\OneDrive\\Desktop\\test KOKOai\\src\\app\\components\\ui"
2026-01-16T15:10:08.583979Z  INFO scan_sources: tailwindcss_oxide::scanner: Discovering "C:\\Users\\ITHCP\\OneDrive\\Desktop\\test KOKOai\\src\\assets"
2026-01-16T15:10:08.584212Z  INFO scan_sources: tailwindcss_oxide::scanner: Discovering "C:\\Users\\ITHCP\\OneDrive\\Desktop\\test KOKOai\\src\\styles"
2026-01-16T15:10:08.584535Z  INFO scan_sources: tailwindcss_oxide::scanner: exit
2026-01-16T15:10:08.584549Z  INFO extract_candidates: tailwindcss_oxide::scanner: enter
2026-01-16T15:10:08.584559Z  INFO extract_candidates:read_all_files: tailwindcss_oxide::scanner: enter
2026-01-16T15:10:08.584564Z  INFO extract_candidates:read_all_files: tailwindcss_oxide::scanner: Reading 56 file(s)
2026-01-16T15:10:08.585199Z  INFO tailwindcss_oxide::scanner: Reading "C:\\Users\\ITHCP\\OneDrive\\Desktop\\test KOKOai\\src\\app\\App.tsx"
2026-01-16T15:10:08.585227Z  INFO tailwindcss_oxide::scanner: Reading "C:\\Users\\ITHCP\\OneDrive\\Desktop\\test KOKOai\\src\\app\\components\\ui\\skeleton.tsx"
2026-01-16T15:10:08.585314Z  INFO tailwindcss_oxide::scanner: Reading "C:\\Users\\ITHCP\\OneDrive\\Desktop\\test KOKOai\\src\\app\\components\\ChatArea.tsx"
2026-01-16T15:10:08.585424Z  INFO tailwindcss_oxide::scanner: Reading "C:\\Users\\ITHCP\\OneDrive\\Desktop\\test KOKOai\\src\\app\\components\\ui\\input.tsx"
2026-01-16T15:10:08.585521Z  INFO tailwindcss_oxide::scanner: Reading "C:\\Users\\ITHCP\\OneDrive\\Desktop\\test KOKOai\\src\\app\\components\\ui\\calendar.tsx"
2026-01-16T15:10:08.585531Z  INFO tailwindcss_oxide::scanner: Reading "C:\\Users\\ITHCP\\OneDrive\\Desktop\\test KOKOai\\src\\app\\components\\ui\\label.tsx"
2026-01-16T15:10:08.585674Z  INFO tailwindcss_oxide::scanner: Reading "C:\\Users\\ITHCP\\OneDrive\\Desktop\\test KOKOai\\src\\app\\components\\ui\\slider.tsx"
2026-01-16T15:10:08.585753Z  INFO tailwindcss_oxide::scanner: Reading "C:\\Users\\ITHCP\\OneDrive\\Desktop\\test KOKOai\\src\\app\\components\\ChatMessage.tsx"
2026-01-16T15:10:08.585771Z  INFO tailwindcss_oxide::scanner: Reading "C:\\Users\\ITHCP\\OneDrive\\Desktop\\test KOKOai\\src\\app\\components\\ui\\sonner.tsx"
2026-01-16T15:10:08.585856Z  INFO tailwindcss_oxide::scanner: Reading "C:\\Users\\ITHCP\\OneDrive\\Desktop\\test KOKOai\\src\\app\\components\\ui\\card.tsx"
2026-01-16T15:10:08.585886Z  INFO tailwindcss_oxide::scanner: Reading "C:\\Users\\ITHCP\\OneDrive\\Desktop\\test KOKOai\\src\\app\\components\\Chatsidebar.tsx"
2026-01-16T15:10:08.585934Z  INFO tailwindcss_oxide::scanner: Reading "C:\\Users\\ITHCP\\OneDrive\\Desktop\\test KOKOai\\src\\app\\components\\ui\\menubar.tsx"
2026-01-16T15:10:08.586066Z  INFO tailwindcss_oxide::scanner: Reading "C:\\Users\\ITHCP\\OneDrive\\Desktop\\test KOKOai\\src\\app\\components\\ui\\switch.tsx"
2026-01-16T15:10:08.586198Z  INFO tailwindcss_oxide::scanner: Reading "C:\\Users\\ITHCP\\OneDrive\\Desktop\\test KOKOai\\src\\app\\components\\ui\\carousel.tsx"
2026-01-16T15:10:08.586251Z  INFO tailwindcss_oxide::scanner: Reading "C:\\Users\\ITHCP\\OneDrive\\Desktop\\test KOKOai\\src\\app\\components\\figma\\ImageWithFallback.tsx"
2026-01-16T15:10:08.586349Z  INFO tailwindcss_oxide::scanner: Reading "C:\\Users\\ITHCP\\OneDrive\\Desktop\\test KOKOai\\src\\app\\components\\ui\\navigation-menu.tsx"
2026-01-16T15:10:08.586363Z  INFO tailwindcss_oxide::scanner: Reading "C:\\Users\\ITHCP\\OneDrive\\Desktop\\test KOKOai\\src\\app\\components\\Sidebar.tsx"
2026-01-16T15:10:08.586478Z  INFO tailwindcss_oxide::scanner: Reading "C:\\Users\\ITHCP\\OneDrive\\Desktop\\test KOKOai\\src\\app\\components\\ui\\table.tsx"
2026-01-16T15:10:08.586582Z  INFO tailwindcss_oxide::scanner: Reading "C:\\Users\\ITHCP\\OneDrive\\Desktop\\test KOKOai\\src\\app\\components\\ui\\chart.tsx"
2026-01-16T15:10:08.586698Z  INFO tailwindcss_oxide::scanner: Reading "C:\\Users\\ITHCP\\OneDrive\\Desktop\\test KOKOai\\src\\app\\components\\ui\\pagination.tsx"
2026-01-16T15:10:08.586764Z  INFO tailwindcss_oxide::scanner: Reading "C:\\Users\\ITHCP\\OneDrive\\Desktop\\test KOKOai\\src\\app\\components\\ui\\tabs.tsx"
2026-01-16T15:10:08.586776Z  INFO tailwindcss_oxide::scanner: Reading "C:\\Users\\ITHCP\\OneDrive\\Desktop\\test KOKOai\\src\\app\\components\\ui\\accordion.tsx"
2026-01-16T15:10:08.586865Z  INFO tailwindcss_oxide::scanner: Reading "C:\\Users\\ITHCP\\OneDrive\\Desktop\\test KOKOai\\src\\app\\components\\ui\\checkbox.tsx"
2026-01-16T15:10:08.587158Z  INFO tailwindcss_oxide::scanner: Reading "C:\\Users\\ITHCP\\OneDrive\\Desktop\\test KOKOai\\src\\app\\components\\ui\\textarea.tsx"
2026-01-16T15:10:08.587178Z  INFO tailwindcss_oxide::scanner: Reading "C:\\Users\\ITHCP\\OneDrive\\Desktop\\test KOKOai\\src\\app\\components\\ui\\popover.tsx"
2026-01-16T15:10:08.587277Z  INFO tailwindcss_oxide::scanner: Reading "C:\\Users\\ITHCP\\OneDrive\\Desktop\\test KOKOai\\src\\app\\components\\ui\\alert-dialog.tsx"
2026-01-16T15:10:08.587311Z  INFO tailwindcss_oxide::scanner: Reading "C:\\Users\\ITHCP\\OneDrive\\Desktop\\test KOKOai\\src\\app\\components\\ui\\collapsible.tsx"
2026-01-16T15:10:08.587546Z  INFO tailwindcss_oxide::scanner: Reading "C:\\Users\\ITHCP\\OneDrive\\Desktop\\test KOKOai\\src\\app\\components\\ui\\command.tsx"
2026-01-16T15:10:08.587619Z  INFO tailwindcss_oxide::scanner: Reading "C:\\Users\\ITHCP\\OneDrive\\Desktop\\test KOKOai\\src\\app\\components\\ui\\alert.tsx"
2026-01-16T15:10:08.587760Z  INFO tailwindcss_oxide::scanner: Reading "C:\\Users\\ITHCP\\OneDrive\\Desktop\\test KOKOai\\src\\app\\components\\ui\\aspect-ratio.tsx"
2026-01-16T15:10:08.587818Z  INFO tailwindcss_oxide::scanner: Reading "C:\\Users\\ITHCP\\OneDrive\\Desktop\\test KOKOai\\src\\app\\components\\ui\\progress.tsx"
2026-01-16T15:10:08.587918Z  INFO tailwindcss_oxide::scanner: Reading "C:\\Users\\ITHCP\\OneDrive\\Desktop\\test KOKOai\\src\\app\\components\\ui\\context-menu.tsx"
2026-01-16T15:10:08.587953Z  INFO tailwindcss_oxide::scanner: Reading "C:\\Users\\ITHCP\\OneDrive\\Desktop\\test KOKOai\\src\\app\\components\\ui\\toggle-group.tsx"
2026-01-16T15:10:08.588185Z  INFO tailwindcss_oxide::scanner: Reading "C:\\Users\\ITHCP\\OneDrive\\Desktop\\test KOKOai\\src\\app\\components\\ui\\avatar.tsx"
2026-01-16T15:10:08.588506Z  INFO tailwindcss_oxide::scanner: Reading "C:\\Users\\ITHCP\\OneDrive\\Desktop\\test KOKOai\\src\\app\\components\\ui\\radio-group.tsx"
2026-01-16T15:10:08.588537Z  INFO tailwindcss_oxide::scanner: Reading "C:\\Users\\ITHCP\\OneDrive\\Desktop\\test KOKOai\\src\\app\\components\\ui\\dialog.tsx"
2026-01-16T15:10:08.588603Z  INFO tailwindcss_oxide::scanner: Reading "C:\\Users\\ITHCP\\OneDrive\\Desktop\\test KOKOai\\src\\app\\components\\ui\\toggle.tsx"
2026-01-16T15:10:08.588653Z  INFO tailwindcss_oxide::scanner: Reading "C:\\Users\\ITHCP\\OneDrive\\Desktop\\test KOKOai\\src\\app\\components\\ui\\badge.tsx"
2026-01-16T15:10:08.588849Z  INFO tailwindcss_oxide::scanner: Reading "C:\\Users\\ITHCP\\OneDrive\\Desktop\\test KOKOai\\src\\app\\components\\ui\\resizable.tsx"
2026-01-16T15:10:08.588912Z  INFO tailwindcss_oxide::scanner: Reading "C:\\Users\\ITHCP\\OneDrive\\Desktop\\test KOKOai\\src\\app\\components\\ui\\drawer.tsx"
2026-01-16T15:10:08.588922Z  INFO tailwindcss_oxide::scanner: Reading "C:\\Users\\ITHCP\\OneDrive\\Desktop\\test KOKOai\\src\\app\\components\\ui\\tooltip.tsx"
2026-01-16T15:10:08.589039Z  INFO tailwindcss_oxide::scanner: Reading "C:\\Users\\ITHCP\\OneDrive\\Desktop\\test KOKOai\\src\\app\\components\\ui\\breadcrumb.tsx"
2026-01-16T15:10:08.589107Z  INFO tailwindcss_oxide::scanner: Reading "C:\\Users\\ITHCP\\OneDrive\\Desktop\\test KOKOai\\src\\app\\components\\ui\\scroll-area.tsx"
2026-01-16T15:10:08.589247Z  INFO tailwindcss_oxide::scanner: Reading "C:\\Users\\ITHCP\\OneDrive\\Desktop\\test KOKOai\\src\\app\\components\\ui\\use-mobile.ts"
2026-01-16T15:10:08.589298Z  INFO tailwindcss_oxide::scanner: Reading "C:\\Users\\ITHCP\\OneDrive\\Desktop\\test KOKOai\\src\\app\\components\\ui\\dropdown-menu.tsx"
2026-01-16T15:10:08.589383Z  INFO tailwindcss_oxide::scanner: Reading "C:\\Users\\ITHCP\\OneDrive\\Desktop\\test KOKOai\\src\\app\\components\\ui\\utils.ts"
2026-01-16T15:10:08.589443Z  INFO tailwindcss_oxide::scanner: Reading "C:\\Users\\ITHCP\\OneDrive\\Desktop\\test KOKOai\\src\\app\\components\\ui\\button.tsx"
2026-01-16T15:10:08.589496Z  INFO tailwindcss_oxide::scanner: Reading "C:\\Users\\ITHCP\\OneDrive\\Desktop\\test KOKOai\\src\\app\\components\\use-mobile.ts"
2026-01-16T15:10:08.589523Z  INFO tailwindcss_oxide::scanner: Reading "C:\\Users\\ITHCP\\OneDrive\\Desktop\\test KOKOai\\src\\app\\components\\ui\\select.tsx"
2026-01-16T15:10:08.589545Z  INFO tailwindcss_oxide::scanner: Reading "C:\\Users\\ITHCP\\OneDrive\\Desktop\\test KOKOai\\src\\main.tsx"
2026-01-16T15:10:08.589647Z  INFO tailwindcss_oxide::scanner: Reading "C:\\Users\\ITHCP\\OneDrive\\Desktop\\test KOKOai\\src\\app\\components\\ui\\form.tsx"
2026-01-16T15:10:08.589819Z  INFO tailwindcss_oxide::scanner: Reading "C:\\Users\\ITHCP\\OneDrive\\Desktop\\test KOKOai\\src\\app\\components\\ui\\sheet.tsx"
2026-01-16T15:10:08.589850Z  INFO tailwindcss_oxide::scanner: Reading "C:\\Users\\ITHCP\\OneDrive\\Desktop\\test KOKOai\\src\\app\\components\\ui\\separator.tsx"
2026-01-16T15:10:08.590063Z  INFO tailwindcss_oxide::scanner: Reading "C:\\Users\\ITHCP\\OneDrive\\Desktop\\test KOKOai\\src\\app\\components\\ui\\hover-card.tsx"
2026-01-16T15:10:08.590072Z  INFO tailwindcss_oxide::scanner: Reading "C:\\Users\\ITHCP\\OneDrive\\Desktop\\test KOKOai\\src\\app\\components\\ui\\sidebar.tsx"
2026-01-16T15:10:08.590189Z  INFO tailwindcss_oxide::scanner: Reading "C:\\Users\\ITHCP\\OneDrive\\Desktop\\test KOKOai\\src\\app\\components\\ui\\input-otp.tsx"
2026-01-16T15:10:08.590242Z  INFO extract_candidates:read_all_files: tailwindcss_oxide::scanner: exit
2026-01-16T15:10:08.590256Z  INFO extract_candidates:parse_all_blobs: tailwindcss_oxide::scanner: enter
2026-01-16T15:10:08.590264Z  INFO extract_candidates:parse_all_blobs:extract: tailwindcss_oxide::scanner: enter
2026-01-16T15:10:08.592529Z  INFO extract_candidates:parse_all_blobs:extract: tailwindcss_oxide::scanner: exit
2026-01-16T15:10:08.592554Z  INFO extract_candidates:parse_all_blobs: tailwindcss_oxide::scanner: exit
2026-01-16T15:10:08.592916Z  INFO extract_candidates: tailwindcss_oxide::scanner: exit
2026-01-16T15:10:08.594281Z  INFO get_files: tailwindcss_oxide::scanner: enter
2026-01-16T15:10:08.594294Z  INFO get_files:scan_sources: tailwindcss_oxide::scanner: enter
2026-01-16T15:10:08.595382Z  INFO get_files:scan_sources: tailwindcss_oxide::scanner: Discovering "C:\\Users\\ITHCP\\OneDrive\\Desktop\\test KOKOai\\src\\app"
2026-01-16T15:10:08.595614Z  INFO get_files:scan_sources: tailwindcss_oxide::scanner: Discovering "C:\\Users\\ITHCP\\OneDrive\\Desktop\\test KOKOai\\src\\app\\components"
2026-01-16T15:10:08.595976Z  INFO get_files:scan_sources: tailwindcss_oxide::scanner: Discovering "C:\\Users\\ITHCP\\OneDrive\\Desktop\\test KOKOai\\src\\app\\components\\figma"
2026-01-16T15:10:08.596281Z  INFO get_files:scan_sources: tailwindcss_oxide::scanner: Discovering "C:\\Users\\ITHCP\\OneDrive\\Desktop\\test KOKOai\\src\\app\\components\\ui"
2026-01-16T15:10:08.599014Z  INFO get_files:scan_sources: tailwindcss_oxide::scanner: Discovering "C:\\Users\\ITHCP\\OneDrive\\Desktop\\test KOKOai\\src\\assets"
2026-01-16T15:10:08.599296Z  INFO get_files:scan_sources: tailwindcss_oxide::scanner: Discovering "C:\\Users\\ITHCP\\OneDrive\\Desktop\\test KOKOai\\src\\styles"
2026-01-16T15:10:08.599951Z  INFO get_files:scan_sources: tailwindcss_oxide::scanner: Discovering "C:\\Users\\ITHCP\\OneDrive\\Desktop\\test KOKOai\\src\\app"
2026-01-16T15:10:08.600164Z  INFO get_files:scan_sources: tailwindcss_oxide::scanner: Discovering "C:\\Users\\ITHCP\\OneDrive\\Desktop\\test KOKOai\\src\\app\\components"
2026-01-16T15:10:08.600464Z  INFO get_files:scan_sources: tailwindcss_oxide::scanner: Discovering "C:\\Users\\ITHCP\\OneDrive\\Desktop\\test KOKOai\\src\\app\\components\\figma"
2026-01-16T15:10:08.600745Z  INFO get_files:scan_sources: tailwindcss_oxide::scanner: Discovering "C:\\Users\\ITHCP\\OneDrive\\Desktop\\test KOKOai\\src\\app\\components\\ui"
2026-01-16T15:10:08.602831Z  INFO get_files:scan_sources: tailwindcss_oxide::scanner: Discovering "C:\\Users\\ITHCP\\OneDrive\\Desktop\\test KOKOai\\src\\assets"
2026-01-16T15:10:08.603067Z  INFO get_files:scan_sources: tailwindcss_oxide::scanner: Discovering "C:\\Users\\ITHCP\\OneDrive\\Desktop\\test KOKOai\\src\\styles"
2026-01-16T15:10:08.603389Z  INFO get_files:scan_sources: tailwindcss_oxide::scanner: exit
2026-01-16T15:10:08.603465Z  INFO get_files: tailwindcss_oxide::scanner: exit
2026-01-16T15:10:08.621552Z  INFO get_globs: tailwindcss_oxide::scanner: enter
2026-01-16T15:10:08.621579Z  INFO get_globs:scan_sources: tailwindcss_oxide::scanner: enter
2026-01-16T15:10:08.622778Z  INFO get_globs:scan_sources: tailwindcss_oxide::scanner: Discovering "C:\\Users\\ITHCP\\OneDrive\\Desktop\\test KOKOai\\src\\app"
2026-01-16T15:10:08.623006Z  INFO get_globs:scan_sources: tailwindcss_oxide::scanner: Discovering "C:\\Users\\ITHCP\\OneDrive\\Desktop\\test KOKOai\\src\\app\\components"
2026-01-16T15:10:08.623313Z  INFO get_globs:scan_sources: tailwindcss_oxide::scanner: Discovering "C:\\Users\\ITHCP\\OneDrive\\Desktop\\test KOKOai\\src\\app\\components\\figma"
2026-01-16T15:10:08.623632Z  INFO get_globs:scan_sources: tailwindcss_oxide::scanner: Discovering "C:\\Users\\ITHCP\\OneDrive\\Desktop\\test KOKOai\\src\\app\\components\\ui"
2026-01-16T15:10:08.625774Z  INFO get_globs:scan_sources: tailwindcss_oxide::scanner: Discovering "C:\\Users\\ITHCP\\OneDrive\\Desktop\\test KOKOai\\src\\assets"
2026-01-16T15:10:08.626050Z  INFO get_globs:scan_sources: tailwindcss_oxide::scanner: Discovering "C:\\Users\\ITHCP\\OneDrive\\Desktop\\test KOKOai\\src\\styles"
2026-01-16T15:10:08.626654Z  INFO get_globs:scan_sources: tailwindcss_oxide::scanner: Discovering "C:\\Users\\ITHCP\\OneDrive\\Desktop\\test KOKOai\\src\\app"
2026-01-16T15:10:08.626885Z  INFO get_globs:scan_sources: tailwindcss_oxide::scanner: Discovering "C:\\Users\\ITHCP\\OneDrive\\Desktop\\test KOKOai\\src\\app\\components"
2026-01-16T15:10:08.627195Z  INFO get_globs:scan_sources: tailwindcss_oxide::scanner: Discovering "C:\\Users\\ITHCP\\OneDrive\\Desktop\\test KOKOai\\src\\app\\components\\figma"
2026-01-16T15:10:08.627474Z  INFO get_globs:scan_sources: tailwindcss_oxide::scanner: Discovering "C:\\Users\\ITHCP\\OneDrive\\Desktop\\test KOKOai\\src\\app\\components\\ui"
2026-01-16T15:10:08.629676Z  INFO get_globs:scan_sources: tailwindcss_oxide::scanner: Discovering "C:\\Users\\ITHCP\\OneDrive\\Desktop\\test KOKOai\\src\\assets"
2026-01-16T15:10:08.629922Z  INFO get_globs:scan_sources: tailwindcss_oxide::scanner: Discovering "C:\\Users\\ITHCP\\OneDrive\\Desktop\\test KOKOai\\src\\styles"
2026-01-16T15:10:08.630250Z  INFO get_globs:scan_sources: tailwindcss_oxide::scanner: exit
2026-01-16T15:10:08.630929Z  INFO get_globs: tailwindcss_oxide::scanner: exit
2026-01-16T15:12:06.229753Z  INFO scan_sources: tailwindcss_oxide::scanner: enter
2026-01-16T15:12:06.231037Z  INFO scan_sources: tailwindcss_oxide::scanner: Discovering "C:\\Users\\ITHCP\\OneDrive\\Desktop\\test KOKOai\\src\\app"
2026-01-16T15:12:06.231287Z  INFO scan_sources: tailwindcss_oxide::scanner: Discovering "C:\\Users\\ITHCP\\OneDrive\\Desktop\\test KOKOai\\src\\app\\components"
2026-01-16T15:12:06.231523Z  INFO scan_sources: tailwindcss_oxide::scanner: Discovering "C:\\Users\\ITHCP\\OneDrive\\Desktop\\test KOKOai\\src\\app\\components\\Chatsidebar.tsx"
2026-01-16T15:12:06.231652Z  INFO scan_sources: tailwindcss_oxide::scanner: Discovering "C:\\Users\\ITHCP\\OneDrive\\Desktop\\test KOKOai\\src\\app\\components\\figma"
2026-01-16T15:12:06.231947Z  INFO scan_sources: tailwindcss_oxide::scanner: Discovering "C:\\Users\\ITHCP\\OneDrive\\Desktop\\test KOKOai\\src\\app\\components\\ui"
2026-01-16T15:12:06.234140Z  INFO scan_sources: tailwindcss_oxide::scanner: Discovering "C:\\Users\\ITHCP\\OneDrive\\Desktop\\test KOKOai\\src\\assets"
2026-01-16T15:12:06.234438Z  INFO scan_sources: tailwindcss_oxide::scanner: Discovering "C:\\Users\\ITHCP\\OneDrive\\Desktop\\test KOKOai\\src\\styles"
2026-01-16T15:12:06.235091Z  INFO scan_sources: tailwindcss_oxide::scanner: Discovering "C:\\Users\\ITHCP\\OneDrive\\Desktop\\test KOKOai\\src\\app"
2026-01-16T15:12:06.235312Z  INFO scan_sources: tailwindcss_oxide::scanner: Discovering "C:\\Users\\ITHCP\\OneDrive\\Desktop\\test KOKOai\\src\\app\\components"
2026-01-16T15:12:06.235613Z  INFO scan_sources: tailwindcss_oxide::scanner: Discovering "C:\\Users\\ITHCP\\OneDrive\\Desktop\\test KOKOai\\src\\app\\components\\figma"
2026-01-16T15:12:06.235893Z  INFO scan_sources: tailwindcss_oxide::scanner: Discovering "C:\\Users\\ITHCP\\OneDrive\\Desktop\\test KOKOai\\src\\app\\components\\ui"
2026-01-16T15:12:06.239040Z  INFO scan_sources: tailwindcss_oxide::scanner: Discovering "C:\\Users\\ITHCP\\OneDrive\\Desktop\\test KOKOai\\src\\assets"
2026-01-16T15:12:06.239782Z  INFO scan_sources: tailwindcss_oxide::scanner: Discovering "C:\\Users\\ITHCP\\OneDrive\\Desktop\\test KOKOai\\src\\styles"
2026-01-16T15:12:06.240224Z  INFO scan_sources: tailwindcss_oxide::scanner: exit
2026-01-16T15:12:06.240244Z  INFO extract_candidates: tailwindcss_oxide::scanner: enter
2026-01-16T15:12:06.240252Z  INFO extract_candidates:read_all_files: tailwindcss_oxide::scanner: enter
2026-01-16T15:12:06.240258Z  INFO extract_candidates:read_all_files: tailwindcss_oxide::scanner: Reading 1 file(s)
2026-01-16T15:12:06.240383Z  INFO extract_candidates:read_all_files: tailwindcss_oxide::scanner: Reading "C:\\Users\\ITHCP\\OneDrive\\Desktop\\test KOKOai\\src\\app\\components\\Chatsidebar.tsx"
2026-01-16T15:12:06.240403Z  INFO extract_candidates:read_all_files: tailwindcss_oxide::scanner: exit
2026-01-16T15:12:06.240411Z  INFO extract_candidates:parse_all_blobs: tailwindcss_oxide::scanner: enter
2026-01-16T15:12:06.240417Z  INFO extract_candidates:parse_all_blobs:extract: tailwindcss_oxide::scanner: enter
2026-01-16T15:12:06.240638Z  INFO extract_candidates:parse_all_blobs:extract: tailwindcss_oxide::scanner: exit
2026-01-16T15:12:06.240657Z  INFO extract_candidates:parse_all_blobs: tailwindcss_oxide::scanner: exit
2026-01-16T15:12:06.240709Z  INFO extract_candidates: tailwindcss_oxide::scanner: exit
2026-01-16T15:12:06.242755Z  INFO get_files: tailwindcss_oxide::scanner: enter
2026-01-16T15:12:06.242770Z  INFO get_files:scan_sources: tailwindcss_oxide::scanner: enter
2026-01-16T15:12:06.243885Z  INFO get_files:scan_sources: tailwindcss_oxide::scanner: Discovering "C:\\Users\\ITHCP\\OneDrive\\Desktop\\test KOKOai\\src\\app"
2026-01-16T15:12:06.244124Z  INFO get_files:scan_sources: tailwindcss_oxide::scanner: Discovering "C:\\Users\\ITHCP\\OneDrive\\Desktop\\test KOKOai\\src\\app\\components"
2026-01-16T15:12:06.244447Z  INFO get_files:scan_sources: tailwindcss_oxide::scanner: Discovering "C:\\Users\\ITHCP\\OneDrive\\Desktop\\test KOKOai\\src\\app\\components\\figma"
2026-01-16T15:12:06.244740Z  INFO get_files:scan_sources: tailwindcss_oxide::scanner: Discovering "C:\\Users\\ITHCP\\OneDrive\\Desktop\\test KOKOai\\src\\app\\components\\ui"
2026-01-16T15:12:06.246921Z  INFO get_files:scan_sources: tailwindcss_oxide::scanner: Discovering "C:\\Users\\ITHCP\\OneDrive\\Desktop\\test KOKOai\\src\\assets"
2026-01-16T15:12:06.247210Z  INFO get_files:scan_sources: tailwindcss_oxide::scanner: Discovering "C:\\Users\\ITHCP\\OneDrive\\Desktop\\test KOKOai\\src\\styles"
2026-01-16T15:12:06.247857Z  INFO get_files:scan_sources: tailwindcss_oxide::scanner: Discovering "C:\\Users\\ITHCP\\OneDrive\\Desktop\\test KOKOai\\src\\app"
2026-01-16T15:12:06.248073Z  INFO get_files:scan_sources: tailwindcss_oxide::scanner: Discovering "C:\\Users\\ITHCP\\OneDrive\\Desktop\\test KOKOai\\src\\app\\components"
2026-01-16T15:12:06.248375Z  INFO get_files:scan_sources: tailwindcss_oxide::scanner: Discovering "C:\\Users\\ITHCP\\OneDrive\\Desktop\\test KOKOai\\src\\app\\components\\figma"
2026-01-16T15:12:06.248651Z  INFO get_files:scan_sources: tailwindcss_oxide::scanner: Discovering "C:\\Users\\ITHCP\\OneDrive\\Desktop\\test KOKOai\\src\\app\\components\\ui"
2026-01-16T15:12:06.250935Z  INFO get_files:scan_sources: tailwindcss_oxide::scanner: Discovering "C:\\Users\\ITHCP\\OneDrive\\Desktop\\test KOKOai\\src\\assets"
2026-01-16T15:12:06.251181Z  INFO get_files:scan_sources: tailwindcss_oxide::scanner: Discovering "C:\\Users\\ITHCP\\OneDrive\\Desktop\\test KOKOai\\src\\styles"
2026-01-16T15:12:06.251506Z  INFO get_files:scan_sources: tailwindcss_oxide::scanner: exit
2026-01-16T15:12:06.251569Z  INFO get_files: tailwindcss_oxide::scanner: exit
2026-01-16T15:12:06.270854Z  INFO get_globs: tailwindcss_oxide::scanner: enter
2026-01-16T15:12:06.270904Z  INFO get_globs: tailwindcss_oxide::scanner: exit
2026-01-16T15:12:34.593052Z  INFO scan_sources: tailwindcss_oxide::scanner: enter
2026-01-16T15:12:34.594299Z  INFO scan_sources: tailwindcss_oxide::scanner: Discovering "C:\\Users\\ITHCP\\OneDrive\\Desktop\\test KOKOai\\src\\app"
2026-01-16T15:12:34.594579Z  INFO scan_sources: tailwindcss_oxide::scanner: Discovering "C:\\Users\\ITHCP\\OneDrive\\Desktop\\test KOKOai\\src\\app\\components"
2026-01-16T15:12:34.594839Z  INFO scan_sources: tailwindcss_oxide::scanner: Discovering "C:\\Users\\ITHCP\\OneDrive\\Desktop\\test KOKOai\\src\\app\\components\\Chatsidebar.tsx"
2026-01-16T15:12:34.594972Z  INFO scan_sources: tailwindcss_oxide::scanner: Discovering "C:\\Users\\ITHCP\\OneDrive\\Desktop\\test KOKOai\\src\\app\\components\\figma"
2026-01-16T15:12:34.595341Z  INFO scan_sources: tailwindcss_oxide::scanner: Discovering "C:\\Users\\ITHCP\\OneDrive\\Desktop\\test KOKOai\\src\\app\\components\\ui"
2026-01-16T15:12:34.597583Z  INFO scan_sources: tailwindcss_oxide::scanner: Discovering "C:\\Users\\ITHCP\\OneDrive\\Desktop\\test KOKOai\\src\\assets"
2026-01-16T15:12:34.597860Z  INFO scan_sources: tailwindcss_oxide::scanner: Discovering "C:\\Users\\ITHCP\\OneDrive\\Desktop\\test KOKOai\\src\\styles"
2026-01-16T15:12:34.598524Z  INFO scan_sources: tailwindcss_oxide::scanner: Discovering "C:\\Users\\ITHCP\\OneDrive\\Desktop\\test KOKOai\\src\\app"
2026-01-16T15:12:34.598733Z  INFO scan_sources: tailwindcss_oxide::scanner: Discovering "C:\\Users\\ITHCP\\OneDrive\\Desktop\\test KOKOai\\src\\app\\components"
2026-01-16T15:12:34.599022Z  INFO scan_sources: tailwindcss_oxide::scanner: Discovering "C:\\Users\\ITHCP\\OneDrive\\Desktop\\test KOKOai\\src\\app\\components\\figma"
2026-01-16T15:12:34.601575Z  INFO scan_sources: tailwindcss_oxide::scanner: Discovering "C:\\Users\\ITHCP\\OneDrive\\Desktop\\test KOKOai\\src\\app\\components\\ui"
2026-01-16T15:12:34.604060Z  INFO scan_sources: tailwindcss_oxide::scanner: Discovering "C:\\Users\\ITHCP\\OneDrive\\Desktop\\test KOKOai\\src\\assets"
2026-01-16T15:12:34.604322Z  INFO scan_sources: tailwindcss_oxide::scanner: Discovering "C:\\Users\\ITHCP\\OneDrive\\Desktop\\test KOKOai\\src\\styles"
2026-01-16T15:12:34.604718Z  INFO scan_sources: tailwindcss_oxide::scanner: exit
2026-01-16T15:12:34.604733Z  INFO extract_candidates: tailwindcss_oxide::scanner: enter
2026-01-16T15:12:34.604740Z  INFO extract_candidates:read_all_files: tailwindcss_oxide::scanner: enter
2026-01-16T15:12:34.604744Z  INFO extract_candidates:read_all_files: tailwindcss_oxide::scanner: Reading 1 file(s)
2026-01-16T15:12:34.604831Z  INFO extract_candidates:read_all_files: tailwindcss_oxide::scanner: Reading "C:\\Users\\ITHCP\\OneDrive\\Desktop\\test KOKOai\\src\\app\\components\\Chatsidebar.tsx"
2026-01-16T15:12:34.604846Z  INFO extract_candidates:read_all_files: tailwindcss_oxide::scanner: exit
2026-01-16T15:12:34.604853Z  INFO extract_candidates:parse_all_blobs: tailwindcss_oxide::scanner: enter
2026-01-16T15:12:34.604858Z  INFO extract_candidates:parse_all_blobs:extract: tailwindcss_oxide::scanner: enter
2026-01-16T15:12:34.605025Z  INFO extract_candidates:parse_all_blobs:extract: tailwindcss_oxide::scanner: exit
2026-01-16T15:12:34.605038Z  INFO extract_candidates:parse_all_blobs: tailwindcss_oxide::scanner: exit
2026-01-16T15:12:34.605121Z  INFO extract_candidates: tailwindcss_oxide::scanner: exit
2026-01-16T15:12:34.606850Z  INFO get_files: tailwindcss_oxide::scanner: enter
2026-01-16T15:12:34.606869Z  INFO get_files:scan_sources: tailwindcss_oxide::scanner: enter
2026-01-16T15:12:34.608060Z  INFO get_files:scan_sources: tailwindcss_oxide::scanner: Discovering "C:\\Users\\ITHCP\\OneDrive\\Desktop\\test KOKOai\\src\\app"
2026-01-16T15:12:34.608384Z  INFO get_files:scan_sources: tailwindcss_oxide::scanner: Discovering "C:\\Users\\ITHCP\\OneDrive\\Desktop\\test KOKOai\\src\\app\\components"
2026-01-16T15:12:34.608706Z  INFO get_files:scan_sources: tailwindcss_oxide::scanner: Discovering "C:\\Users\\ITHCP\\OneDrive\\Desktop\\test KOKOai\\src\\app\\components\\figma"
2026-01-16T15:12:34.608993Z  INFO get_files:scan_sources: tailwindcss_oxide::scanner: Discovering "C:\\Users\\ITHCP\\OneDrive\\Desktop\\test KOKOai\\src\\app\\components\\ui"
2026-01-16T15:12:34.611273Z  INFO get_files:scan_sources: tailwindcss_oxide::scanner: Discovering "C:\\Users\\ITHCP\\OneDrive\\Desktop\\test KOKOai\\src\\assets"
2026-01-16T15:12:34.611539Z  INFO get_files:scan_sources: tailwindcss_oxide::scanner: Discovering "C:\\Users\\ITHCP\\OneDrive\\Desktop\\test KOKOai\\src\\styles"
2026-01-16T15:12:34.612225Z  INFO get_files:scan_sources: tailwindcss_oxide::scanner: Discovering "C:\\Users\\ITHCP\\OneDrive\\Desktop\\test KOKOai\\src\\app"
2026-01-16T15:12:34.612440Z  INFO get_files:scan_sources: tailwindcss_oxide::scanner: Discovering "C:\\Users\\ITHCP\\OneDrive\\Desktop\\test KOKOai\\src\\app\\components"
2026-01-16T15:12:34.612718Z  INFO get_files:scan_sources: tailwindcss_oxide::scanner: Discovering "C:\\Users\\ITHCP\\OneDrive\\Desktop\\test KOKOai\\src\\app\\components\\figma"
2026-01-16T15:12:34.612974Z  INFO get_files:scan_sources: tailwindcss_oxide::scanner: Discovering "C:\\Users\\ITHCP\\OneDrive\\Desktop\\test KOKOai\\src\\app\\components\\ui"
2026-01-16T15:12:34.615247Z  INFO get_files:scan_sources: tailwindcss_oxide::scanner: Discovering "C:\\Users\\ITHCP\\OneDrive\\Desktop\\test KOKOai\\src\\assets"
2026-01-16T15:12:34.615471Z  INFO get_files:scan_sources: tailwindcss_oxide::scanner: Discovering "C:\\Users\\ITHCP\\OneDrive\\Desktop\\test KOKOai\\src\\styles"
2026-01-16T15:12:34.615890Z  INFO get_files:scan_sources: tailwindcss_oxide::scanner: exit
2026-01-16T15:12:34.616053Z  INFO get_files: tailwindcss_oxide::scanner: exit
2026-01-16T15:12:34.639535Z  INFO get_globs: tailwindcss_oxide::scanner: enter
2026-01-16T15:12:34.639562Z  INFO get_globs: tailwindcss_oxide::scanner: exit
2026-01-16T15:17:43.858787Z  INFO scan_sources: tailwindcss_oxide::scanner: enter
2026-01-16T15:17:43.864380Z  INFO scan_sources: tailwindcss_oxide::scanner: Discovering "C:\\Users\\ITHCP\\OneDrive\\Desktop\\test KOKOai\\src\\app"
2026-01-16T15:17:43.864695Z  INFO scan_sources: tailwindcss_oxide::scanner: Discovering "C:\\Users\\ITHCP\\OneDrive\\Desktop\\test KOKOai\\src\\app\\components"
2026-01-16T15:17:43.865138Z  INFO scan_sources: tailwindcss_oxide::scanner: Discovering "C:\\Users\\ITHCP\\OneDrive\\Desktop\\test KOKOai\\src\\app\\components\\figma"
2026-01-16T15:17:43.865452Z  INFO scan_sources: tailwindcss_oxide::scanner: Discovering "C:\\Users\\ITHCP\\OneDrive\\Desktop\\test KOKOai\\src\\app\\components\\Sidebar.tsx"
2026-01-16T15:17:43.865586Z  INFO scan_sources: tailwindcss_oxide::scanner: Discovering "C:\\Users\\ITHCP\\OneDrive\\Desktop\\test KOKOai\\src\\app\\components\\ui"
2026-01-16T15:17:43.867904Z  INFO scan_sources: tailwindcss_oxide::scanner: Discovering "C:\\Users\\ITHCP\\OneDrive\\Desktop\\test KOKOai\\src\\assets"
2026-01-16T15:17:43.868230Z  INFO scan_sources: tailwindcss_oxide::scanner: Discovering "C:\\Users\\ITHCP\\OneDrive\\Desktop\\test KOKOai\\src\\styles"
2026-01-16T15:17:43.868986Z  INFO scan_sources: tailwindcss_oxide::scanner: Discovering "C:\\Users\\ITHCP\\OneDrive\\Desktop\\test KOKOai\\src\\app"
2026-01-16T15:17:43.869217Z  INFO scan_sources: tailwindcss_oxide::scanner: Discovering "C:\\Users\\ITHCP\\OneDrive\\Desktop\\test KOKOai\\src\\app\\components"
2026-01-16T15:17:43.869529Z  INFO scan_sources: tailwindcss_oxide::scanner: Discovering "C:\\Users\\ITHCP\\OneDrive\\Desktop\\test KOKOai\\src\\app\\components\\figma"
2026-01-16T15:17:43.869823Z  INFO scan_sources: tailwindcss_oxide::scanner: Discovering "C:\\Users\\ITHCP\\OneDrive\\Desktop\\test KOKOai\\src\\app\\components\\ui"
2026-01-16T15:17:43.871966Z  INFO scan_sources: tailwindcss_oxide::scanner: Discovering "C:\\Users\\ITHCP\\OneDrive\\Desktop\\test KOKOai\\src\\assets"
2026-01-16T15:17:43.872205Z  INFO scan_sources: tailwindcss_oxide::scanner: Discovering "C:\\Users\\ITHCP\\OneDrive\\Desktop\\test KOKOai\\src\\styles"
2026-01-16T15:17:43.872557Z  INFO scan_sources: tailwindcss_oxide::scanner: exit
2026-01-16T15:17:43.872570Z  INFO extract_candidates: tailwindcss_oxide::scanner: enter
2026-01-16T15:17:43.872578Z  INFO extract_candidates:read_all_files: tailwindcss_oxide::scanner: enter
2026-01-16T15:17:43.872583Z  INFO extract_candidates:read_all_files: tailwindcss_oxide::scanner: Reading 1 file(s)
2026-01-16T15:17:43.872685Z  INFO extract_candidates:read_all_files: tailwindcss_oxide::scanner: Reading "C:\\Users\\ITHCP\\OneDrive\\Desktop\\test KOKOai\\src\\app\\components\\Sidebar.tsx"
2026-01-16T15:17:43.872711Z  INFO extract_candidates:read_all_files: tailwindcss_oxide::scanner: exit
2026-01-16T15:17:43.872718Z  INFO extract_candidates:parse_all_blobs: tailwindcss_oxide::scanner: enter
2026-01-16T15:17:43.872724Z  INFO extract_candidates:parse_all_blobs:extract: tailwindcss_oxide::scanner: enter
2026-01-16T15:17:43.873142Z  INFO extract_candidates:parse_all_blobs:extract: tailwindcss_oxide::scanner: exit
2026-01-16T15:17:43.873154Z  INFO extract_candidates:parse_all_blobs: tailwindcss_oxide::scanner: exit
2026-01-16T15:17:43.873222Z  INFO extract_candidates: tailwindcss_oxide::scanner: exit
2026-01-16T15:17:43.874689Z  INFO get_files: tailwindcss_oxide::scanner: enter
2026-01-16T15:17:43.874703Z  INFO get_files:scan_sources: tailwindcss_oxide::scanner: enter
2026-01-16T15:17:43.877373Z  INFO get_files:scan_sources: tailwindcss_oxide::scanner: Discovering "C:\\Users\\ITHCP\\OneDrive\\Desktop\\test KOKOai\\src\\app"
2026-01-16T15:17:43.878188Z  INFO get_files:scan_sources: tailwindcss_oxide::scanner: Discovering "C:\\Users\\ITHCP\\OneDrive\\Desktop\\test KOKOai\\src\\app\\components"
2026-01-16T15:17:43.879207Z  INFO get_files:scan_sources: tailwindcss_oxide::scanner: Discovering "C:\\Users\\ITHCP\\OneDrive\\Desktop\\test KOKOai\\src\\app\\components\\figma"
2026-01-16T15:17:43.879592Z  INFO get_files:scan_sources: tailwindcss_oxide::scanner: Discovering "C:\\Users\\ITHCP\\OneDrive\\Desktop\\test KOKOai\\src\\app\\components\\ui"
2026-01-16T15:17:43.881841Z  INFO get_files:scan_sources: tailwindcss_oxide::scanner: Discovering "C:\\Users\\ITHCP\\OneDrive\\Desktop\\test KOKOai\\src\\assets"
2026-01-16T15:17:43.882164Z  INFO get_files:scan_sources: tailwindcss_oxide::scanner: Discovering "C:\\Users\\ITHCP\\OneDrive\\Desktop\\test KOKOai\\src\\styles"
2026-01-16T15:17:43.882852Z  INFO get_files:scan_sources: tailwindcss_oxide::scanner: Discovering "C:\\Users\\ITHCP\\OneDrive\\Desktop\\test KOKOai\\src\\app"
2026-01-16T15:17:43.883074Z  INFO get_files:scan_sources: tailwindcss_oxide::scanner: Discovering "C:\\Users\\ITHCP\\OneDrive\\Desktop\\test KOKOai\\src\\app\\components"
2026-01-16T15:17:43.883380Z  INFO get_files:scan_sources: tailwindcss_oxide::scanner: Discovering "C:\\Users\\ITHCP\\OneDrive\\Desktop\\test KOKOai\\src\\app\\components\\figma"
2026-01-16T15:17:43.883659Z  INFO get_files:scan_sources: tailwindcss_oxide::scanner: Discovering "C:\\Users\\ITHCP\\OneDrive\\Desktop\\test KOKOai\\src\\app\\components\\ui"
2026-01-16T15:17:43.885806Z  INFO get_files:scan_sources: tailwindcss_oxide::scanner: Discovering "C:\\Users\\ITHCP\\OneDrive\\Desktop\\test KOKOai\\src\\assets"
2026-01-16T15:17:43.886053Z  INFO get_files:scan_sources: tailwindcss_oxide::scanner: Discovering "C:\\Users\\ITHCP\\OneDrive\\Desktop\\test KOKOai\\src\\styles"
2026-01-16T15:17:43.886388Z  INFO get_files:scan_sources: tailwindcss_oxide::scanner: exit
2026-01-16T15:17:43.886459Z  INFO get_files: tailwindcss_oxide::scanner: exit
2026-01-16T15:17:43.905070Z  INFO get_globs: tailwindcss_oxide::scanner: enter
2026-01-16T15:17:43.905101Z  INFO get_globs: tailwindcss_oxide::scanner: exit
2026-01-16T15:17:45.183681Z  INFO scan_sources: tailwindcss_oxide::scanner: enter
2026-01-16T15:17:45.184925Z  INFO scan_sources: tailwindcss_oxide::scanner: Discovering "C:\\Users\\ITHCP\\OneDrive\\Desktop\\test KOKOai\\src\\app"
2026-01-16T15:17:45.185191Z  INFO scan_sources: tailwindcss_oxide::scanner: Discovering "C:\\Users\\ITHCP\\OneDrive\\Desktop\\test KOKOai\\src\\app\\components"
2026-01-16T15:17:45.185525Z  INFO scan_sources: tailwindcss_oxide::scanner: Discovering "C:\\Users\\ITHCP\\OneDrive\\Desktop\\test KOKOai\\src\\app\\components\\figma"
2026-01-16T15:17:45.185841Z  INFO scan_sources: tailwindcss_oxide::scanner: Discovering "C:\\Users\\ITHCP\\OneDrive\\Desktop\\test KOKOai\\src\\app\\components\\ui"
2026-01-16T15:17:45.190128Z  INFO scan_sources: tailwindcss_oxide::scanner: Discovering "C:\\Users\\ITHCP\\OneDrive\\Desktop\\test KOKOai\\src\\assets"
2026-01-16T15:17:45.190983Z  INFO scan_sources: tailwindcss_oxide::scanner: Discovering "C:\\Users\\ITHCP\\OneDrive\\Desktop\\test KOKOai\\src\\styles"
2026-01-16T15:17:45.192993Z  INFO scan_sources: tailwindcss_oxide::scanner: Discovering "C:\\Users\\ITHCP\\OneDrive\\Desktop\\test KOKOai\\src\\app"
2026-01-16T15:17:45.193247Z  INFO scan_sources: tailwindcss_oxide::scanner: Discovering "C:\\Users\\ITHCP\\OneDrive\\Desktop\\test KOKOai\\src\\app\\components"
2026-01-16T15:17:45.193738Z  INFO scan_sources: tailwindcss_oxide::scanner: Discovering "C:\\Users\\ITHCP\\OneDrive\\Desktop\\test KOKOai\\src\\app\\components\\figma"
2026-01-16T15:17:45.194546Z  INFO scan_sources: tailwindcss_oxide::scanner: Discovering "C:\\Users\\ITHCP\\OneDrive\\Desktop\\test KOKOai\\src\\app\\components\\ui"
2026-01-16T15:17:45.200384Z  INFO scan_sources: tailwindcss_oxide::scanner: Discovering "C:\\Users\\ITHCP\\OneDrive\\Desktop\\test KOKOai\\src\\assets"
2026-01-16T15:17:45.200671Z  INFO scan_sources: tailwindcss_oxide::scanner: Discovering "C:\\Users\\ITHCP\\OneDrive\\Desktop\\test KOKOai\\src\\styles"
2026-01-16T15:17:45.201026Z  INFO scan_sources: tailwindcss_oxide::scanner: exit
2026-01-16T15:17:45.201039Z  INFO extract_candidates: tailwindcss_oxide::scanner: enter
2026-01-16T15:17:45.201045Z  INFO extract_candidates:read_all_files: tailwindcss_oxide::scanner: enter
2026-01-16T15:17:45.201049Z  INFO extract_candidates:read_all_files: tailwindcss_oxide::scanner: Reading 0 file(s)
2026-01-16T15:17:45.201056Z  INFO extract_candidates:read_all_files: tailwindcss_oxide::scanner: exit
2026-01-16T15:17:45.201061Z  INFO extract_candidates:parse_all_blobs: tailwindcss_oxide::scanner: enter
2026-01-16T15:17:45.201066Z  INFO extract_candidates:parse_all_blobs:extract: tailwindcss_oxide::scanner: enter
2026-01-16T15:17:45.201071Z  INFO extract_candidates:parse_all_blobs:extract: tailwindcss_oxide::scanner: exit
2026-01-16T15:17:45.201076Z  INFO extract_candidates:parse_all_blobs: tailwindcss_oxide::scanner: exit
2026-01-16T15:17:45.201082Z  INFO extract_candidates: tailwindcss_oxide::scanner: exit
2026-01-16T15:17:45.202722Z  INFO get_files: tailwindcss_oxide::scanner: enter
2026-01-16T15:17:45.202744Z  INFO get_files:scan_sources: tailwindcss_oxide::scanner: enter
2026-01-16T15:17:45.204120Z  INFO get_files:scan_sources: tailwindcss_oxide::scanner: Discovering "C:\\Users\\ITHCP\\OneDrive\\Desktop\\test KOKOai\\src\\app"
2026-01-16T15:17:45.204491Z  INFO get_files:scan_sources: tailwindcss_oxide::scanner: Discovering "C:\\Users\\ITHCP\\OneDrive\\Desktop\\test KOKOai\\src\\app\\components"
2026-01-16T15:17:45.205246Z  INFO get_files:scan_sources: tailwindcss_oxide::scanner: Discovering "C:\\Users\\ITHCP\\OneDrive\\Desktop\\test KOKOai\\src\\app\\components\\figma"
2026-01-16T15:17:45.205561Z  INFO get_files:scan_sources: tailwindcss_oxide::scanner: Discovering "C:\\Users\\ITHCP\\OneDrive\\Desktop\\test KOKOai\\src\\app\\components\\ui"
2026-01-16T15:17:45.207770Z  INFO get_files:scan_sources: tailwindcss_oxide::scanner: Discovering "C:\\Users\\ITHCP\\OneDrive\\Desktop\\test KOKOai\\src\\assets"
2026-01-16T15:17:45.208190Z  INFO get_files:scan_sources: tailwindcss_oxide::scanner: Discovering "C:\\Users\\ITHCP\\OneDrive\\Desktop\\test KOKOai\\src\\styles"
2026-01-16T15:17:45.209035Z  INFO get_files:scan_sources: tailwindcss_oxide::scanner: Discovering "C:\\Users\\ITHCP\\OneDrive\\Desktop\\test KOKOai\\src\\app"
2026-01-16T15:17:45.209271Z  INFO get_files:scan_sources: tailwindcss_oxide::scanner: Discovering "C:\\Users\\ITHCP\\OneDrive\\Desktop\\test KOKOai\\src\\app\\components"
2026-01-16T15:17:45.209657Z  INFO get_files:scan_sources: tailwindcss_oxide::scanner: Discovering "C:\\Users\\ITHCP\\OneDrive\\Desktop\\test KOKOai\\src\\app\\components\\figma"
2026-01-16T15:17:45.209959Z  INFO get_files:scan_sources: tailwindcss_oxide::scanner: Discovering "C:\\Users\\ITHCP\\OneDrive\\Desktop\\test KOKOai\\src\\app\\components\\ui"
2026-01-16T15:17:45.212442Z  INFO get_files:scan_sources: tailwindcss_oxide::scanner: Discovering "C:\\Users\\ITHCP\\OneDrive\\Desktop\\test KOKOai\\src\\assets"
2026-01-16T15:17:45.212708Z  INFO get_files:scan_sources: tailwindcss_oxide::scanner: Discovering "C:\\Users\\ITHCP\\OneDrive\\Desktop\\test KOKOai\\src\\styles"
2026-01-16T15:17:45.213067Z  INFO get_files:scan_sources: tailwindcss_oxide::scanner: exit
2026-01-16T15:17:45.213328Z  INFO get_files: tailwindcss_oxide::scanner: exit
2026-01-16T15:17:45.237235Z  INFO get_globs: tailwindcss_oxide::scanner: enter
2026-01-16T15:17:45.237274Z  INFO get_globs: tailwindcss_oxide::scanner: exit
2026-01-16T15:19:03.431772Z  INFO scan_sources: tailwindcss_oxide::scanner: enter
2026-01-16T15:19:03.433161Z  INFO scan_sources: tailwindcss_oxide::scanner: Discovering "C:\\Users\\ITHCP\\OneDrive\\Desktop\\test KOKOai\\src\\app"
2026-01-16T15:19:03.433429Z  INFO scan_sources: tailwindcss_oxide::scanner: Discovering "C:\\Users\\ITHCP\\OneDrive\\Desktop\\test KOKOai\\src\\app\\components"
2026-01-16T15:19:03.433784Z  INFO scan_sources: tailwindcss_oxide::scanner: Discovering "C:\\Users\\ITHCP\\OneDrive\\Desktop\\test KOKOai\\src\\app\\components\\figma"
2026-01-16T15:19:03.434025Z  INFO scan_sources: tailwindcss_oxide::scanner: Discovering "C:\\Users\\ITHCP\\OneDrive\\Desktop\\test KOKOai\\src\\app\\components\\Sidebar.tsx"
2026-01-16T15:19:03.434180Z  INFO scan_sources: tailwindcss_oxide::scanner: Discovering "C:\\Users\\ITHCP\\OneDrive\\Desktop\\test KOKOai\\src\\app\\components\\ui"
2026-01-16T15:19:03.436765Z  INFO scan_sources: tailwindcss_oxide::scanner: Discovering "C:\\Users\\ITHCP\\OneDrive\\Desktop\\test KOKOai\\src\\assets"
2026-01-16T15:19:03.437132Z  INFO scan_sources: tailwindcss_oxide::scanner: Discovering "C:\\Users\\ITHCP\\OneDrive\\Desktop\\test KOKOai\\src\\styles"
2026-01-16T15:19:03.437828Z  INFO scan_sources: tailwindcss_oxide::scanner: Discovering "C:\\Users\\ITHCP\\OneDrive\\Desktop\\test KOKOai\\src\\app"
2026-01-16T15:19:03.438089Z  INFO scan_sources: tailwindcss_oxide::scanner: Discovering "C:\\Users\\ITHCP\\OneDrive\\Desktop\\test KOKOai\\src\\app\\components"
2026-01-16T15:19:03.438443Z  INFO scan_sources: tailwindcss_oxide::scanner: Discovering "C:\\Users\\ITHCP\\OneDrive\\Desktop\\test KOKOai\\src\\app\\components\\figma"
2026-01-16T15:19:03.438738Z  INFO scan_sources: tailwindcss_oxide::scanner: Discovering "C:\\Users\\ITHCP\\OneDrive\\Desktop\\test KOKOai\\src\\app\\components\\ui"
2026-01-16T15:19:03.446004Z  INFO scan_sources: tailwindcss_oxide::scanner: Discovering "C:\\Users\\ITHCP\\OneDrive\\Desktop\\test KOKOai\\src\\assets"
2026-01-16T15:19:03.446308Z  INFO scan_sources: tailwindcss_oxide::scanner: Discovering "C:\\Users\\ITHCP\\OneDrive\\Desktop\\test KOKOai\\src\\styles"
2026-01-16T15:19:03.446704Z  INFO scan_sources: tailwindcss_oxide::scanner: exit
2026-01-16T15:19:03.446721Z  INFO extract_candidates: tailwindcss_oxide::scanner: enter
2026-01-16T15:19:03.446728Z  INFO extract_candidates:read_all_files: tailwindcss_oxide::scanner: enter
2026-01-16T15:19:03.446732Z  INFO extract_candidates:read_all_files: tailwindcss_oxide::scanner: Reading 1 file(s)
2026-01-16T15:19:03.446839Z  INFO extract_candidates:read_all_files: tailwindcss_oxide::scanner: Reading "C:\\Users\\ITHCP\\OneDrive\\Desktop\\test KOKOai\\src\\app\\components\\Sidebar.tsx"
2026-01-16T15:19:03.446868Z  INFO extract_candidates:read_all_files: tailwindcss_oxide::scanner: exit
2026-01-16T15:19:03.446876Z  INFO extract_candidates:parse_all_blobs: tailwindcss_oxide::scanner: enter
2026-01-16T15:19:03.446881Z  INFO extract_candidates:parse_all_blobs:extract: tailwindcss_oxide::scanner: enter
2026-01-16T15:19:03.450214Z  INFO extract_candidates:parse_all_blobs:extract: tailwindcss_oxide::scanner: exit
2026-01-16T15:19:03.450250Z  INFO extract_candidates:parse_all_blobs: tailwindcss_oxide::scanner: exit
2026-01-16T15:19:03.453880Z  INFO extract_candidates: tailwindcss_oxide::scanner: exit
2026-01-16T15:19:03.455398Z  INFO get_files: tailwindcss_oxide::scanner: enter
2026-01-16T15:19:03.455421Z  INFO get_files:scan_sources: tailwindcss_oxide::scanner: enter
2026-01-16T15:19:03.459356Z  INFO get_files:scan_sources: tailwindcss_oxide::scanner: Discovering "C:\\Users\\ITHCP\\OneDrive\\Desktop\\test KOKOai\\src\\app"
2026-01-16T15:19:03.459650Z  INFO get_files:scan_sources: tailwindcss_oxide::scanner: Discovering "C:\\Users\\ITHCP\\OneDrive\\Desktop\\test KOKOai\\src\\app\\components"
2026-01-16T15:19:03.462493Z  INFO get_files:scan_sources: tailwindcss_oxide::scanner: Discovering "C:\\Users\\ITHCP\\OneDrive\\Desktop\\test KOKOai\\src\\app\\components\\figma"
2026-01-16T15:19:03.463943Z  INFO get_files:scan_sources: tailwindcss_oxide::scanner: Discovering "C:\\Users\\ITHCP\\OneDrive\\Desktop\\test KOKOai\\src\\app\\components\\ui"
2026-01-16T15:19:03.467594Z  INFO get_files:scan_sources: tailwindcss_oxide::scanner: Discovering "C:\\Users\\ITHCP\\OneDrive\\Desktop\\test KOKOai\\src\\assets"
2026-01-16T15:19:03.468013Z  INFO get_files:scan_sources: tailwindcss_oxide::scanner: Discovering "C:\\Users\\ITHCP\\OneDrive\\Desktop\\test KOKOai\\src\\styles"
2026-01-16T15:19:03.468718Z  INFO get_files:scan_sources: tailwindcss_oxide::scanner: Discovering "C:\\Users\\ITHCP\\OneDrive\\Desktop\\test KOKOai\\src\\app"
2026-01-16T15:19:03.468949Z  INFO get_files:scan_sources: tailwindcss_oxide::scanner: Discovering "C:\\Users\\ITHCP\\OneDrive\\Desktop\\test KOKOai\\src\\app\\components"
2026-01-16T15:19:03.469337Z  INFO get_files:scan_sources: tailwindcss_oxide::scanner: Discovering "C:\\Users\\ITHCP\\OneDrive\\Desktop\\test KOKOai\\src\\app\\components\\figma"
2026-01-16T15:19:03.469669Z  INFO get_files:scan_sources: tailwindcss_oxide::scanner: Discovering "C:\\Users\\ITHCP\\OneDrive\\Desktop\\test KOKOai\\src\\app\\components\\ui"
2026-01-16T15:19:03.477994Z  INFO get_files:scan_sources: tailwindcss_oxide::scanner: Discovering "C:\\Users\\ITHCP\\OneDrive\\Desktop\\test KOKOai\\src\\assets"
2026-01-16T15:19:03.478404Z  INFO get_files:scan_sources: tailwindcss_oxide::scanner: Discovering "C:\\Users\\ITHCP\\OneDrive\\Desktop\\test KOKOai\\src\\styles"
2026-01-16T15:19:03.479071Z  INFO get_files:scan_sources: tailwindcss_oxide::scanner: exit
2026-01-16T15:19:03.479159Z  INFO get_files: tailwindcss_oxide::scanner: exit
2026-01-16T15:19:03.501245Z  INFO get_globs: tailwindcss_oxide::scanner: enter
2026-01-16T15:19:03.501276Z  INFO get_globs: tailwindcss_oxide::scanner: exit
2026-01-16T15:19:05.699836Z  INFO scan_sources: tailwindcss_oxide::scanner: enter
2026-01-16T15:19:05.702383Z  INFO scan_sources: tailwindcss_oxide::scanner: Discovering "C:\\Users\\ITHCP\\OneDrive\\Desktop\\test KOKOai\\src\\app"
2026-01-16T15:19:05.702647Z  INFO scan_sources: tailwindcss_oxide::scanner: Discovering "C:\\Users\\ITHCP\\OneDrive\\Desktop\\test KOKOai\\src\\app\\components"
2026-01-16T15:19:05.702986Z  INFO scan_sources: tailwindcss_oxide::scanner: Discovering "C:\\Users\\ITHCP\\OneDrive\\Desktop\\test KOKOai\\src\\app\\components\\figma"
2026-01-16T15:19:05.703292Z  INFO scan_sources: tailwindcss_oxide::scanner: Discovering "C:\\Users\\ITHCP\\OneDrive\\Desktop\\test KOKOai\\src\\app\\components\\ui"
2026-01-16T15:19:05.709956Z  INFO scan_sources: tailwindcss_oxide::scanner: Discovering "C:\\Users\\ITHCP\\OneDrive\\Desktop\\test KOKOai\\src\\assets"
2026-01-16T15:19:05.710781Z  INFO scan_sources: tailwindcss_oxide::scanner: Discovering "C:\\Users\\ITHCP\\OneDrive\\Desktop\\test KOKOai\\src\\styles"
2026-01-16T15:19:05.711676Z  INFO scan_sources: tailwindcss_oxide::scanner: Discovering "C:\\Users\\ITHCP\\OneDrive\\Desktop\\test KOKOai\\src\\app"
2026-01-16T15:19:05.711928Z  INFO scan_sources: tailwindcss_oxide::scanner: Discovering "C:\\Users\\ITHCP\\OneDrive\\Desktop\\test KOKOai\\src\\app\\components"
2026-01-16T15:19:05.712264Z  INFO scan_sources: tailwindcss_oxide::scanner: Discovering "C:\\Users\\ITHCP\\OneDrive\\Desktop\\test KOKOai\\src\\app\\components\\figma"
2026-01-16T15:19:05.712582Z  INFO scan_sources: tailwindcss_oxide::scanner: Discovering "C:\\Users\\ITHCP\\OneDrive\\Desktop\\test KOKOai\\src\\app\\components\\ui"
2026-01-16T15:19:05.714878Z  INFO scan_sources: tailwindcss_oxide::scanner: Discovering "C:\\Users\\ITHCP\\OneDrive\\Desktop\\test KOKOai\\src\\assets"
2026-01-16T15:19:05.715160Z  INFO scan_sources: tailwindcss_oxide::scanner: Discovering "C:\\Users\\ITHCP\\OneDrive\\Desktop\\test KOKOai\\src\\styles"
2026-01-16T15:19:05.715575Z  INFO scan_sources: tailwindcss_oxide::scanner: exit
2026-01-16T15:19:05.715591Z  INFO extract_candidates: tailwindcss_oxide::scanner: enter
2026-01-16T15:19:05.715597Z  INFO extract_candidates:read_all_files: tailwindcss_oxide::scanner: enter
2026-01-16T15:19:05.715603Z  INFO extract_candidates:read_all_files: tailwindcss_oxide::scanner: Reading 0 file(s)
2026-01-16T15:19:05.715610Z  INFO extract_candidates:read_all_files: tailwindcss_oxide::scanner: exit
2026-01-16T15:19:05.715615Z  INFO extract_candidates:parse_all_blobs: tailwindcss_oxide::scanner: enter
2026-01-16T15:19:05.715620Z  INFO extract_candidates:parse_all_blobs:extract: tailwindcss_oxide::scanner: enter
2026-01-16T15:19:05.715626Z  INFO extract_candidates:parse_all_blobs:extract: tailwindcss_oxide::scanner: exit
2026-01-16T15:19:05.715631Z  INFO extract_candidates:parse_all_blobs: tailwindcss_oxide::scanner: exit
2026-01-16T15:19:05.715637Z  INFO extract_candidates: tailwindcss_oxide::scanner: exit
2026-01-16T15:19:05.716746Z  INFO get_files: tailwindcss_oxide::scanner: enter
2026-01-16T15:19:05.716760Z  INFO get_files:scan_sources: tailwindcss_oxide::scanner: enter
2026-01-16T15:19:05.717840Z  INFO get_files:scan_sources: tailwindcss_oxide::scanner: Discovering "C:\\Users\\ITHCP\\OneDrive\\Desktop\\test KOKOai\\src\\app"
2026-01-16T15:19:05.718074Z  INFO get_files:scan_sources: tailwindcss_oxide::scanner: Discovering "C:\\Users\\ITHCP\\OneDrive\\Desktop\\test KOKOai\\src\\app\\components"
2026-01-16T15:19:05.718391Z  INFO get_files:scan_sources: tailwindcss_oxide::scanner: Discovering "C:\\Users\\ITHCP\\OneDrive\\Desktop\\test KOKOai\\src\\app\\components\\figma"
2026-01-16T15:19:05.718690Z  INFO get_files:scan_sources: tailwindcss_oxide::scanner: Discovering "C:\\Users\\ITHCP\\OneDrive\\Desktop\\test KOKOai\\src\\app\\components\\ui"
2026-01-16T15:19:05.721048Z  INFO get_files:scan_sources: tailwindcss_oxide::scanner: Discovering "C:\\Users\\ITHCP\\OneDrive\\Desktop\\test KOKOai\\src\\assets"
2026-01-16T15:19:05.721343Z  INFO get_files:scan_sources: tailwindcss_oxide::scanner: Discovering "C:\\Users\\ITHCP\\OneDrive\\Desktop\\test KOKOai\\src\\styles"
2026-01-16T15:19:05.722002Z  INFO get_files:scan_sources: tailwindcss_oxide::scanner: Discovering "C:\\Users\\ITHCP\\OneDrive\\Desktop\\test KOKOai\\src\\app"
2026-01-16T15:19:05.722221Z  INFO get_files:scan_sources: tailwindcss_oxide::scanner: Discovering "C:\\Users\\ITHCP\\OneDrive\\Desktop\\test KOKOai\\src\\app\\components"
2026-01-16T15:19:05.722527Z  INFO get_files:scan_sources: tailwindcss_oxide::scanner: Discovering "C:\\Users\\ITHCP\\OneDrive\\Desktop\\test KOKOai\\src\\app\\components\\figma"
2026-01-16T15:19:05.722817Z  INFO get_files:scan_sources: tailwindcss_oxide::scanner: Discovering "C:\\Users\\ITHCP\\OneDrive\\Desktop\\test KOKOai\\src\\app\\components\\ui"
2026-01-16T15:19:05.725253Z  INFO get_files:scan_sources: tailwindcss_oxide::scanner: Discovering "C:\\Users\\ITHCP\\OneDrive\\Desktop\\test KOKOai\\src\\assets"
2026-01-16T15:19:05.725509Z  INFO get_files:scan_sources: tailwindcss_oxide::scanner: Discovering "C:\\Users\\ITHCP\\OneDrive\\Desktop\\test KOKOai\\src\\styles"
2026-01-16T15:19:05.725856Z  INFO get_files:scan_sources: tailwindcss_oxide::scanner: exit
2026-01-16T15:19:05.725929Z  INFO get_files: tailwindcss_oxide::scanner: exit
2026-01-16T15:19:05.738864Z  INFO get_globs: tailwindcss_oxide::scanner: enter
2026-01-16T15:19:05.738886Z  INFO get_globs: tailwindcss_oxide::scanner: exit
2026-01-16T15:19:11.805563Z  INFO scan_sources: tailwindcss_oxide::scanner: enter
2026-01-16T15:19:11.806935Z  INFO scan_sources: tailwindcss_oxide::scanner: Discovering "C:\\Users\\ITHCP\\OneDrive\\Desktop\\test KOKOai\\src\\app"
2026-01-16T15:19:11.807193Z  INFO scan_sources: tailwindcss_oxide::scanner: Discovering "C:\\Users\\ITHCP\\OneDrive\\Desktop\\test KOKOai\\src\\app\\components"
2026-01-16T15:19:11.807523Z  INFO scan_sources: tailwindcss_oxide::scanner: Discovering "C:\\Users\\ITHCP\\OneDrive\\Desktop\\test KOKOai\\src\\app\\components\\figma"
2026-01-16T15:19:11.807764Z  INFO scan_sources: tailwindcss_oxide::scanner: Discovering "C:\\Users\\ITHCP\\OneDrive\\Desktop\\test KOKOai\\src\\app\\components\\Sidebar.tsx"
2026-01-16T15:19:11.807888Z  INFO scan_sources: tailwindcss_oxide::scanner: Discovering "C:\\Users\\ITHCP\\OneDrive\\Desktop\\test KOKOai\\src\\app\\components\\ui"
2026-01-16T15:19:11.810085Z  INFO scan_sources: tailwindcss_oxide::scanner: Discovering "C:\\Users\\ITHCP\\OneDrive\\Desktop\\test KOKOai\\src\\assets"
2026-01-16T15:19:11.810390Z  INFO scan_sources: tailwindcss_oxide::scanner: Discovering "C:\\Users\\ITHCP\\OneDrive\\Desktop\\test KOKOai\\src\\styles"
2026-01-16T15:19:11.811121Z  INFO scan_sources: tailwindcss_oxide::scanner: Discovering "C:\\Users\\ITHCP\\OneDrive\\Desktop\\test KOKOai\\src\\app"
2026-01-16T15:19:11.811353Z  INFO scan_sources: tailwindcss_oxide::scanner: Discovering "C:\\Users\\ITHCP\\OneDrive\\Desktop\\test KOKOai\\src\\app\\components"
2026-01-16T15:19:11.811645Z  INFO scan_sources: tailwindcss_oxide::scanner: Discovering "C:\\Users\\ITHCP\\OneDrive\\Desktop\\test KOKOai\\src\\app\\components\\figma"
2026-01-16T15:19:11.811954Z  INFO scan_sources: tailwindcss_oxide::scanner: Discovering "C:\\Users\\ITHCP\\OneDrive\\Desktop\\test KOKOai\\src\\app\\components\\ui"
2026-01-16T15:19:11.815831Z  INFO scan_sources: tailwindcss_oxide::scanner: Discovering "C:\\Users\\ITHCP\\OneDrive\\Desktop\\test KOKOai\\src\\assets"
2026-01-16T15:19:11.816317Z  INFO scan_sources: tailwindcss_oxide::scanner: Discovering "C:\\Users\\ITHCP\\OneDrive\\Desktop\\test KOKOai\\src\\styles"
2026-01-16T15:19:11.816744Z  INFO scan_sources: tailwindcss_oxide::scanner: exit
2026-01-16T15:19:11.816758Z  INFO extract_candidates: tailwindcss_oxide::scanner: enter
2026-01-16T15:19:11.816765Z  INFO extract_candidates:read_all_files: tailwindcss_oxide::scanner: enter
2026-01-16T15:19:11.816770Z  INFO extract_candidates:read_all_files: tailwindcss_oxide::scanner: Reading 1 file(s)
2026-01-16T15:19:11.817021Z  INFO extract_candidates:read_all_files: tailwindcss_oxide::scanner: Reading "C:\\Users\\ITHCP\\OneDrive\\Desktop\\test KOKOai\\src\\app\\components\\Sidebar.tsx"
2026-01-16T15:19:11.817046Z  INFO extract_candidates:read_all_files: tailwindcss_oxide::scanner: exit
2026-01-16T15:19:11.817054Z  INFO extract_candidates:parse_all_blobs: tailwindcss_oxide::scanner: enter
2026-01-16T15:19:11.817059Z  INFO extract_candidates:parse_all_blobs:extract: tailwindcss_oxide::scanner: enter
2026-01-16T15:19:11.817468Z  INFO extract_candidates:parse_all_blobs:extract: tailwindcss_oxide::scanner: exit
2026-01-16T15:19:11.817482Z  INFO extract_candidates:parse_all_blobs: tailwindcss_oxide::scanner: exit
2026-01-16T15:19:11.817554Z  INFO extract_candidates: tailwindcss_oxide::scanner: exit
2026-01-16T15:19:11.818675Z  INFO get_files: tailwindcss_oxide::scanner: enter
2026-01-16T15:19:11.818688Z  INFO get_files:scan_sources: tailwindcss_oxide::scanner: enter
2026-01-16T15:19:11.819788Z  INFO get_files:scan_sources: tailwindcss_oxide::scanner: Discovering "C:\\Users\\ITHCP\\OneDrive\\Desktop\\test KOKOai\\src\\app"
2026-01-16T15:19:11.820132Z  INFO get_files:scan_sources: tailwindcss_oxide::scanner: Discovering "C:\\Users\\ITHCP\\OneDrive\\Desktop\\test KOKOai\\src\\app\\components"
2026-01-16T15:19:11.820608Z  INFO get_files:scan_sources: tailwindcss_oxide::scanner: Discovering "C:\\Users\\ITHCP\\OneDrive\\Desktop\\test KOKOai\\src\\app\\components\\figma"
2026-01-16T15:19:11.820969Z  INFO get_files:scan_sources: tailwindcss_oxide::scanner: Discovering "C:\\Users\\ITHCP\\OneDrive\\Desktop\\test KOKOai\\src\\app\\components\\ui"
2026-01-16T15:19:11.823220Z  INFO get_files:scan_sources: tailwindcss_oxide::scanner: Discovering "C:\\Users\\ITHCP\\OneDrive\\Desktop\\test KOKOai\\src\\assets"
2026-01-16T15:19:11.823502Z  INFO get_files:scan_sources: tailwindcss_oxide::scanner: Discovering "C:\\Users\\ITHCP\\OneDrive\\Desktop\\test KOKOai\\src\\styles"
2026-01-16T15:19:11.824178Z  INFO get_files:scan_sources: tailwindcss_oxide::scanner: Discovering "C:\\Users\\ITHCP\\OneDrive\\Desktop\\test KOKOai\\src\\app"
2026-01-16T15:19:11.824385Z  INFO get_files:scan_sources: tailwindcss_oxide::scanner: Discovering "C:\\Users\\ITHCP\\OneDrive\\Desktop\\test KOKOai\\src\\app\\components"
2026-01-16T15:19:11.824697Z  INFO get_files:scan_sources: tailwindcss_oxide::scanner: Discovering "C:\\Users\\ITHCP\\OneDrive\\Desktop\\test KOKOai\\src\\app\\components\\figma"
2026-01-16T15:19:11.824966Z  INFO get_files:scan_sources: tailwindcss_oxide::scanner: Discovering "C:\\Users\\ITHCP\\OneDrive\\Desktop\\test KOKOai\\src\\app\\components\\ui"
2026-01-16T15:19:11.827044Z  INFO get_files:scan_sources: tailwindcss_oxide::scanner: Discovering "C:\\Users\\ITHCP\\OneDrive\\Desktop\\test KOKOai\\src\\assets"
2026-01-16T15:19:11.827272Z  INFO get_files:scan_sources: tailwindcss_oxide::scanner: Discovering "C:\\Users\\ITHCP\\OneDrive\\Desktop\\test KOKOai\\src\\styles"
2026-01-16T15:19:11.827629Z  INFO get_files:scan_sources: tailwindcss_oxide::scanner: exit
2026-01-16T15:19:11.827711Z  INFO get_files: tailwindcss_oxide::scanner: exit
2026-01-16T15:19:11.844891Z  INFO get_globs: tailwindcss_oxide::scanner: enter
2026-01-16T15:19:11.844921Z  INFO get_globs: tailwindcss_oxide::scanner: exit
2026-01-16T15:19:14.704970Z  INFO scan_sources: tailwindcss_oxide::scanner: enter
2026-01-16T15:19:14.706180Z  INFO scan_sources: tailwindcss_oxide::scanner: Discovering "C:\\Users\\ITHCP\\OneDrive\\Desktop\\test KOKOai\\src\\app"
2026-01-16T15:19:14.706428Z  INFO scan_sources: tailwindcss_oxide::scanner: Discovering "C:\\Users\\ITHCP\\OneDrive\\Desktop\\test KOKOai\\src\\app\\components"
2026-01-16T15:19:14.706752Z  INFO scan_sources: tailwindcss_oxide::scanner: Discovering "C:\\Users\\ITHCP\\OneDrive\\Desktop\\test KOKOai\\src\\app\\components\\figma"
2026-01-16T15:19:14.706963Z  INFO scan_sources: tailwindcss_oxide::scanner: Discovering "C:\\Users\\ITHCP\\OneDrive\\Desktop\\test KOKOai\\src\\app\\components\\Sidebar.tsx"
2026-01-16T15:19:14.707088Z  INFO scan_sources: tailwindcss_oxide::scanner: Discovering "C:\\Users\\ITHCP\\OneDrive\\Desktop\\test KOKOai\\src\\app\\components\\ui"
2026-01-16T15:19:14.709281Z  INFO scan_sources: tailwindcss_oxide::scanner: Discovering "C:\\Users\\ITHCP\\OneDrive\\Desktop\\test KOKOai\\src\\assets"
2026-01-16T15:19:14.709583Z  INFO scan_sources: tailwindcss_oxide::scanner: Discovering "C:\\Users\\ITHCP\\OneDrive\\Desktop\\test KOKOai\\src\\styles"
2026-01-16T15:19:14.710290Z  INFO scan_sources: tailwindcss_oxide::scanner: Discovering "C:\\Users\\ITHCP\\OneDrive\\Desktop\\test KOKOai\\src\\app"
2026-01-16T15:19:14.710508Z  INFO scan_sources: tailwindcss_oxide::scanner: Discovering "C:\\Users\\ITHCP\\OneDrive\\Desktop\\test KOKOai\\src\\app\\components"
2026-01-16T15:19:14.710813Z  INFO scan_sources: tailwindcss_oxide::scanner: Discovering "C:\\Users\\ITHCP\\OneDrive\\Desktop\\test KOKOai\\src\\app\\components\\figma"
2026-01-16T15:19:14.711100Z  INFO scan_sources: tailwindcss_oxide::scanner: Discovering "C:\\Users\\ITHCP\\OneDrive\\Desktop\\test KOKOai\\src\\app\\components\\ui"
2026-01-16T15:19:14.713286Z  INFO scan_sources: tailwindcss_oxide::scanner: Discovering "C:\\Users\\ITHCP\\OneDrive\\Desktop\\test KOKOai\\src\\assets"
2026-01-16T15:19:14.713529Z  INFO scan_sources: tailwindcss_oxide::scanner: Discovering "C:\\Users\\ITHCP\\OneDrive\\Desktop\\test KOKOai\\src\\styles"
2026-01-16T15:19:14.713860Z  INFO scan_sources: tailwindcss_oxide::scanner: exit
2026-01-16T15:19:14.713871Z  INFO extract_candidates: tailwindcss_oxide::scanner: enter
2026-01-16T15:19:14.713877Z  INFO extract_candidates:read_all_files: tailwindcss_oxide::scanner: enter
2026-01-16T15:19:14.713882Z  INFO extract_candidates:read_all_files: tailwindcss_oxide::scanner: Reading 1 file(s)
2026-01-16T15:19:14.713974Z  INFO extract_candidates:read_all_files: tailwindcss_oxide::scanner: Reading "C:\\Users\\ITHCP\\OneDrive\\Desktop\\test KOKOai\\src\\app\\components\\Sidebar.tsx"
2026-01-16T15:19:14.713989Z  INFO extract_candidates:read_all_files: tailwindcss_oxide::scanner: exit
2026-01-16T15:19:14.713996Z  INFO extract_candidates:parse_all_blobs: tailwindcss_oxide::scanner: enter
2026-01-16T15:19:14.714001Z  INFO extract_candidates:parse_all_blobs:extract: tailwindcss_oxide::scanner: enter
2026-01-16T15:19:14.714390Z  INFO extract_candidates:parse_all_blobs:extract: tailwindcss_oxide::scanner: exit
2026-01-16T15:19:14.714407Z  INFO extract_candidates:parse_all_blobs: tailwindcss_oxide::scanner: exit
2026-01-16T15:19:14.714501Z  INFO extract_candidates: tailwindcss_oxide::scanner: exit
2026-01-16T15:19:14.715616Z  INFO get_files: tailwindcss_oxide::scanner: enter
2026-01-16T15:19:14.715633Z  INFO get_files:scan_sources: tailwindcss_oxide::scanner: enter
2026-01-16T15:19:14.716760Z  INFO get_files:scan_sources: tailwindcss_oxide::scanner: Discovering "C:\\Users\\ITHCP\\OneDrive\\Desktop\\test KOKOai\\src\\app"
2026-01-16T15:19:14.718402Z  INFO get_files:scan_sources: tailwindcss_oxide::scanner: Discovering "C:\\Users\\ITHCP\\OneDrive\\Desktop\\test KOKOai\\src\\app\\components"
2026-01-16T15:19:14.718831Z  INFO get_files:scan_sources: tailwindcss_oxide::scanner: Discovering "C:\\Users\\ITHCP\\OneDrive\\Desktop\\test KOKOai\\src\\app\\components\\figma"
2026-01-16T15:19:14.719170Z  INFO get_files:scan_sources: tailwindcss_oxide::scanner: Discovering "C:\\Users\\ITHCP\\OneDrive\\Desktop\\test KOKOai\\src\\app\\components\\ui"
2026-01-16T15:19:14.721660Z  INFO get_files:scan_sources: tailwindcss_oxide::scanner: Discovering "C:\\Users\\ITHCP\\OneDrive\\Desktop\\test KOKOai\\src\\assets"
2026-01-16T15:19:14.722057Z  INFO get_files:scan_sources: tailwindcss_oxide::scanner: Discovering "C:\\Users\\ITHCP\\OneDrive\\Desktop\\test KOKOai\\src\\styles"
2026-01-16T15:19:14.722809Z  INFO get_files:scan_sources: tailwindcss_oxide::scanner: Discovering "C:\\Users\\ITHCP\\OneDrive\\Desktop\\test KOKOai\\src\\app"
2026-01-16T15:19:14.723056Z  INFO get_files:scan_sources: tailwindcss_oxide::scanner: Discovering "C:\\Users\\ITHCP\\OneDrive\\Desktop\\test KOKOai\\src\\app\\components"
2026-01-16T15:19:14.723388Z  INFO get_files:scan_sources: tailwindcss_oxide::scanner: Discovering "C:\\Users\\ITHCP\\OneDrive\\Desktop\\test KOKOai\\src\\app\\components\\figma"
2026-01-16T15:19:14.724010Z  INFO get_files:scan_sources: tailwindcss_oxide::scanner: Discovering "C:\\Users\\ITHCP\\OneDrive\\Desktop\\test KOKOai\\src\\app\\components\\ui"
2026-01-16T15:19:14.726702Z  INFO get_files:scan_sources: tailwindcss_oxide::scanner: Discovering "C:\\Users\\ITHCP\\OneDrive\\Desktop\\test KOKOai\\src\\assets"
2026-01-16T15:19:14.726993Z  INFO get_files:scan_sources: tailwindcss_oxide::scanner: Discovering "C:\\Users\\ITHCP\\OneDrive\\Desktop\\test KOKOai\\src\\styles"
2026-01-16T15:19:14.727365Z  INFO get_files:scan_sources: tailwindcss_oxide::scanner: exit
2026-01-16T15:19:14.727453Z  INFO get_files: tailwindcss_oxide::scanner: exit
2026-01-16T15:19:14.746831Z  INFO get_globs: tailwindcss_oxide::scanner: enter
2026-01-16T15:19:14.746864Z  INFO get_globs: tailwindcss_oxide::scanner: exit
2026-01-16T15:20:02.117143Z  INFO scan_sources: tailwindcss_oxide::scanner: enter
2026-01-16T15:20:02.118445Z  INFO scan_sources: tailwindcss_oxide::scanner: Discovering "C:\\Users\\ITHCP\\OneDrive\\Desktop\\test KOKOai\\src\\app"
2026-01-16T15:20:02.118732Z  INFO scan_sources: tailwindcss_oxide::scanner: Discovering "C:\\Users\\ITHCP\\OneDrive\\Desktop\\test KOKOai\\src\\app\\components"
2026-01-16T15:20:02.119100Z  INFO scan_sources: tailwindcss_oxide::scanner: Discovering "C:\\Users\\ITHCP\\OneDrive\\Desktop\\test KOKOai\\src\\app\\components\\figma"
2026-01-16T15:20:02.119317Z  INFO scan_sources: tailwindcss_oxide::scanner: Discovering "C:\\Users\\ITHCP\\OneDrive\\Desktop\\test KOKOai\\src\\app\\components\\Sidebar.tsx"
2026-01-16T15:20:02.119486Z  INFO scan_sources: tailwindcss_oxide::scanner: Discovering "C:\\Users\\ITHCP\\OneDrive\\Desktop\\test KOKOai\\src\\app\\components\\ui"
2026-01-16T15:20:02.121697Z  INFO scan_sources: tailwindcss_oxide::scanner: Discovering "C:\\Users\\ITHCP\\OneDrive\\Desktop\\test KOKOai\\src\\assets"
2026-01-16T15:20:02.121983Z  INFO scan_sources: tailwindcss_oxide::scanner: Discovering "C:\\Users\\ITHCP\\OneDrive\\Desktop\\test KOKOai\\src\\styles"
2026-01-16T15:20:02.122634Z  INFO scan_sources: tailwindcss_oxide::scanner: Discovering "C:\\Users\\ITHCP\\OneDrive\\Desktop\\test KOKOai\\src\\app"
2026-01-16T15:20:02.122871Z  INFO scan_sources: tailwindcss_oxide::scanner: Discovering "C:\\Users\\ITHCP\\OneDrive\\Desktop\\test KOKOai\\src\\app\\components"
2026-01-16T15:20:02.123160Z  INFO scan_sources: tailwindcss_oxide::scanner: Discovering "C:\\Users\\ITHCP\\OneDrive\\Desktop\\test KOKOai\\src\\app\\components\\figma"
2026-01-16T15:20:02.123422Z  INFO scan_sources: tailwindcss_oxide::scanner: Discovering "C:\\Users\\ITHCP\\OneDrive\\Desktop\\test KOKOai\\src\\app\\components\\ui"
2026-01-16T15:20:02.125639Z  INFO scan_sources: tailwindcss_oxide::scanner: Discovering "C:\\Users\\ITHCP\\OneDrive\\Desktop\\test KOKOai\\src\\assets"
2026-01-16T15:20:02.125865Z  INFO scan_sources: tailwindcss_oxide::scanner: Discovering "C:\\Users\\ITHCP\\OneDrive\\Desktop\\test KOKOai\\src\\styles"
2026-01-16T15:20:02.126177Z  INFO scan_sources: tailwindcss_oxide::scanner: exit
2026-01-16T15:20:02.126188Z  INFO extract_candidates: tailwindcss_oxide::scanner: enter
2026-01-16T15:20:02.126194Z  INFO extract_candidates:read_all_files: tailwindcss_oxide::scanner: enter
2026-01-16T15:20:02.126198Z  INFO extract_candidates:read_all_files: tailwindcss_oxide::scanner: Reading 1 file(s)
2026-01-16T15:20:02.126298Z  INFO extract_candidates:read_all_files: tailwindcss_oxide::scanner: Reading "C:\\Users\\ITHCP\\OneDrive\\Desktop\\test KOKOai\\src\\app\\components\\Sidebar.tsx"
2026-01-16T15:20:02.126312Z  INFO extract_candidates:read_all_files: tailwindcss_oxide::scanner: exit
2026-01-16T15:20:02.126327Z  INFO extract_candidates:parse_all_blobs: tailwindcss_oxide::scanner: enter
2026-01-16T15:20:02.126332Z  INFO extract_candidates:parse_all_blobs:extract: tailwindcss_oxide::scanner: enter
2026-01-16T15:20:02.126696Z  INFO extract_candidates:parse_all_blobs:extract: tailwindcss_oxide::scanner: exit
2026-01-16T15:20:02.126717Z  INFO extract_candidates:parse_all_blobs: tailwindcss_oxide::scanner: exit
2026-01-16T15:20:02.126808Z  INFO extract_candidates: tailwindcss_oxide::scanner: exit
2026-01-16T15:20:02.128526Z  INFO get_files: tailwindcss_oxide::scanner: enter
2026-01-16T15:20:02.128540Z  INFO get_files:scan_sources: tailwindcss_oxide::scanner: enter
2026-01-16T15:20:02.129678Z  INFO get_files:scan_sources: tailwindcss_oxide::scanner: Discovering "C:\\Users\\ITHCP\\OneDrive\\Desktop\\test KOKOai\\src\\app"
2026-01-16T15:20:02.129900Z  INFO get_files:scan_sources: tailwindcss_oxide::scanner: Discovering "C:\\Users\\ITHCP\\OneDrive\\Desktop\\test KOKOai\\src\\app\\components"
2026-01-16T15:20:02.130204Z  INFO get_files:scan_sources: tailwindcss_oxide::scanner: Discovering "C:\\Users\\ITHCP\\OneDrive\\Desktop\\test KOKOai\\src\\app\\components\\figma"
2026-01-16T15:20:02.130481Z  INFO get_files:scan_sources: tailwindcss_oxide::scanner: Discovering "C:\\Users\\ITHCP\\OneDrive\\Desktop\\test KOKOai\\src\\app\\components\\ui"
2026-01-16T15:20:02.134477Z  INFO get_files:scan_sources: tailwindcss_oxide::scanner: Discovering "C:\\Users\\ITHCP\\OneDrive\\Desktop\\test KOKOai\\src\\assets"
2026-01-16T15:20:02.134885Z  INFO get_files:scan_sources: tailwindcss_oxide::scanner: Discovering "C:\\Users\\ITHCP\\OneDrive\\Desktop\\test KOKOai\\src\\styles"
2026-01-16T15:20:02.135635Z  INFO get_files:scan_sources: tailwindcss_oxide::scanner: Discovering "C:\\Users\\ITHCP\\OneDrive\\Desktop\\test KOKOai\\src\\app"
2026-01-16T15:20:02.135859Z  INFO get_files:scan_sources: tailwindcss_oxide::scanner: Discovering "C:\\Users\\ITHCP\\OneDrive\\Desktop\\test KOKOai\\src\\app\\components"
2026-01-16T15:20:02.136150Z  INFO get_files:scan_sources: tailwindcss_oxide::scanner: Discovering "C:\\Users\\ITHCP\\OneDrive\\Desktop\\test KOKOai\\src\\app\\components\\figma"
2026-01-16T15:20:02.136420Z  INFO get_files:scan_sources: tailwindcss_oxide::scanner: Discovering "C:\\Users\\ITHCP\\OneDrive\\Desktop\\test KOKOai\\src\\app\\components\\ui"
2026-01-16T15:20:02.138407Z  INFO get_files:scan_sources: tailwindcss_oxide::scanner: Discovering "C:\\Users\\ITHCP\\OneDrive\\Desktop\\test KOKOai\\src\\assets"
2026-01-16T15:20:02.138628Z  INFO get_files:scan_sources: tailwindcss_oxide::scanner: Discovering "C:\\Users\\ITHCP\\OneDrive\\Desktop\\test KOKOai\\src\\styles"
2026-01-16T15:20:02.138933Z  INFO get_files:scan_sources: tailwindcss_oxide::scanner: exit
2026-01-16T15:20:02.139028Z  INFO get_files: tailwindcss_oxide::scanner: exit
2026-01-16T15:20:02.156866Z  INFO get_globs: tailwindcss_oxide::scanner: enter
2026-01-16T15:20:02.156894Z  INFO get_globs: tailwindcss_oxide::scanner: exit
2026-01-16T15:20:04.491900Z  INFO scan_sources: tailwindcss_oxide::scanner: enter
2026-01-16T15:20:04.493225Z  INFO scan_sources: tailwindcss_oxide::scanner: Discovering "C:\\Users\\ITHCP\\OneDrive\\Desktop\\test KOKOai\\src\\app"
2026-01-16T15:20:04.493473Z  INFO scan_sources: tailwindcss_oxide::scanner: Discovering "C:\\Users\\ITHCP\\OneDrive\\Desktop\\test KOKOai\\src\\app\\components"
2026-01-16T15:20:04.493811Z  INFO scan_sources: tailwindcss_oxide::scanner: Discovering "C:\\Users\\ITHCP\\OneDrive\\Desktop\\test KOKOai\\src\\app\\components\\figma"
2026-01-16T15:20:04.494131Z  INFO scan_sources: tailwindcss_oxide::scanner: Discovering "C:\\Users\\ITHCP\\OneDrive\\Desktop\\test KOKOai\\src\\app\\components\\ui"
2026-01-16T15:20:04.496515Z  INFO scan_sources: tailwindcss_oxide::scanner: Discovering "C:\\Users\\ITHCP\\OneDrive\\Desktop\\test KOKOai\\src\\assets"
2026-01-16T15:20:04.496871Z  INFO scan_sources: tailwindcss_oxide::scanner: Discovering "C:\\Users\\ITHCP\\OneDrive\\Desktop\\test KOKOai\\src\\styles"
2026-01-16T15:20:04.498096Z  INFO scan_sources: tailwindcss_oxide::scanner: Discovering "C:\\Users\\ITHCP\\OneDrive\\Desktop\\test KOKOai\\src\\app"
2026-01-16T15:20:04.498493Z  INFO scan_sources: tailwindcss_oxide::scanner: Discovering "C:\\Users\\ITHCP\\OneDrive\\Desktop\\test KOKOai\\src\\app\\components"
2026-01-16T15:20:04.498884Z  INFO scan_sources: tailwindcss_oxide::scanner: Discovering "C:\\Users\\ITHCP\\OneDrive\\Desktop\\test KOKOai\\src\\app\\components\\figma"
2026-01-16T15:20:04.499216Z  INFO scan_sources: tailwindcss_oxide::scanner: Discovering "C:\\Users\\ITHCP\\OneDrive\\Desktop\\test KOKOai\\src\\app\\components\\ui"
2026-01-16T15:20:04.504260Z  INFO scan_sources: tailwindcss_oxide::scanner: Discovering "C:\\Users\\ITHCP\\OneDrive\\Desktop\\test KOKOai\\src\\assets"
2026-01-16T15:20:04.504548Z  INFO scan_sources: tailwindcss_oxide::scanner: Discovering "C:\\Users\\ITHCP\\OneDrive\\Desktop\\test KOKOai\\src\\styles"
2026-01-16T15:20:04.504916Z  INFO scan_sources: tailwindcss_oxide::scanner: exit
2026-01-16T15:20:04.504931Z  INFO extract_candidates: tailwindcss_oxide::scanner: enter
2026-01-16T15:20:04.504938Z  INFO extract_candidates:read_all_files: tailwindcss_oxide::scanner: enter
2026-01-16T15:20:04.504943Z  INFO extract_candidates:read_all_files: tailwindcss_oxide::scanner: Reading 0 file(s)
2026-01-16T15:20:04.504956Z  INFO extract_candidates:read_all_files: tailwindcss_oxide::scanner: exit
2026-01-16T15:20:04.504965Z  INFO extract_candidates:parse_all_blobs: tailwindcss_oxide::scanner: enter
2026-01-16T15:20:04.504970Z  INFO extract_candidates:parse_all_blobs:extract: tailwindcss_oxide::scanner: enter
2026-01-16T15:20:04.504975Z  INFO extract_candidates:parse_all_blobs:extract: tailwindcss_oxide::scanner: exit
2026-01-16T15:20:04.504980Z  INFO extract_candidates:parse_all_blobs: tailwindcss_oxide::scanner: exit
2026-01-16T15:20:04.504986Z  INFO extract_candidates: tailwindcss_oxide::scanner: exit
2026-01-16T15:20:04.506304Z  INFO get_files: tailwindcss_oxide::scanner: enter
2026-01-16T15:20:04.506342Z  INFO get_files:scan_sources: tailwindcss_oxide::scanner: enter
2026-01-16T15:20:04.507764Z  INFO get_files:scan_sources: tailwindcss_oxide::scanner: Discovering "C:\\Users\\ITHCP\\OneDrive\\Desktop\\test KOKOai\\src\\app"
2026-01-16T15:20:04.508007Z  INFO get_files:scan_sources: tailwindcss_oxide::scanner: Discovering "C:\\Users\\ITHCP\\OneDrive\\Desktop\\test KOKOai\\src\\app\\components"
2026-01-16T15:20:04.508344Z  INFO get_files:scan_sources: tailwindcss_oxide::scanner: Discovering "C:\\Users\\ITHCP\\OneDrive\\Desktop\\test KOKOai\\src\\app\\components\\figma"
2026-01-16T15:20:04.508645Z  INFO get_files:scan_sources: tailwindcss_oxide::scanner: Discovering "C:\\Users\\ITHCP\\OneDrive\\Desktop\\test KOKOai\\src\\app\\components\\ui"
2026-01-16T15:20:04.510894Z  INFO get_files:scan_sources: tailwindcss_oxide::scanner: Discovering "C:\\Users\\ITHCP\\OneDrive\\Desktop\\test KOKOai\\src\\assets"
2026-01-16T15:20:04.511191Z  INFO get_files:scan_sources: tailwindcss_oxide::scanner: Discovering "C:\\Users\\ITHCP\\OneDrive\\Desktop\\test KOKOai\\src\\styles"
2026-01-16T15:20:04.511865Z  INFO get_files:scan_sources: tailwindcss_oxide::scanner: Discovering "C:\\Users\\ITHCP\\OneDrive\\Desktop\\test KOKOai\\src\\app"
2026-01-16T15:20:04.512086Z  INFO get_files:scan_sources: tailwindcss_oxide::scanner: Discovering "C:\\Users\\ITHCP\\OneDrive\\Desktop\\test KOKOai\\src\\app\\components"
2026-01-16T15:20:04.512486Z  INFO get_files:scan_sources: tailwindcss_oxide::scanner: Discovering "C:\\Users\\ITHCP\\OneDrive\\Desktop\\test KOKOai\\src\\app\\components\\figma"
2026-01-16T15:20:04.512847Z  INFO get_files:scan_sources: tailwindcss_oxide::scanner: Discovering "C:\\Users\\ITHCP\\OneDrive\\Desktop\\test KOKOai\\src\\app\\components\\ui"
2026-01-16T15:20:04.515702Z  INFO get_files:scan_sources: tailwindcss_oxide::scanner: Discovering "C:\\Users\\ITHCP\\OneDrive\\Desktop\\test KOKOai\\src\\assets"
2026-01-16T15:20:04.515992Z  INFO get_files:scan_sources: tailwindcss_oxide::scanner: Discovering "C:\\Users\\ITHCP\\OneDrive\\Desktop\\test KOKOai\\src\\styles"
2026-01-16T15:20:04.516365Z  INFO get_files:scan_sources: tailwindcss_oxide::scanner: exit
2026-01-16T15:20:04.516455Z  INFO get_files: tailwindcss_oxide::scanner: exit
2026-01-16T15:20:04.537557Z  INFO get_globs: tailwindcss_oxide::scanner: enter
2026-01-16T15:20:04.537588Z  INFO get_globs: tailwindcss_oxide::scanner: exit
2026-01-16T15:20:20.102405Z  INFO scan_sources: tailwindcss_oxide::scanner: enter
2026-01-16T15:20:20.103905Z  INFO scan_sources: tailwindcss_oxide::scanner: Discovering "C:\\Users\\ITHCP\\OneDrive\\Desktop\\test KOKOai\\src\\app"
2026-01-16T15:20:20.104303Z  INFO scan_sources: tailwindcss_oxide::scanner: Discovering "C:\\Users\\ITHCP\\OneDrive\\Desktop\\test KOKOai\\src\\app\\components"
2026-01-16T15:20:20.104694Z  INFO scan_sources: tailwindcss_oxide::scanner: Discovering "C:\\Users\\ITHCP\\OneDrive\\Desktop\\test KOKOai\\src\\app\\components\\figma"
2026-01-16T15:20:20.104949Z  INFO scan_sources: tailwindcss_oxide::scanner: Discovering "C:\\Users\\ITHCP\\OneDrive\\Desktop\\test KOKOai\\src\\app\\components\\Sidebar.tsx"
2026-01-16T15:20:20.105088Z  INFO scan_sources: tailwindcss_oxide::scanner: Discovering "C:\\Users\\ITHCP\\OneDrive\\Desktop\\test KOKOai\\src\\app\\components\\ui"
2026-01-16T15:20:20.107993Z  INFO scan_sources: tailwindcss_oxide::scanner: Discovering "C:\\Users\\ITHCP\\OneDrive\\Desktop\\test KOKOai\\src\\assets"
2026-01-16T15:20:20.108347Z  INFO scan_sources: tailwindcss_oxide::scanner: Discovering "C:\\Users\\ITHCP\\OneDrive\\Desktop\\test KOKOai\\src\\styles"
2026-01-16T15:20:20.109099Z  INFO scan_sources: tailwindcss_oxide::scanner: Discovering "C:\\Users\\ITHCP\\OneDrive\\Desktop\\test KOKOai\\src\\app"
2026-01-16T15:20:20.109331Z  INFO scan_sources: tailwindcss_oxide::scanner: Discovering "C:\\Users\\ITHCP\\OneDrive\\Desktop\\test KOKOai\\src\\app\\components"
2026-01-16T15:20:20.109669Z  INFO scan_sources: tailwindcss_oxide::scanner: Discovering "C:\\Users\\ITHCP\\OneDrive\\Desktop\\test KOKOai\\src\\app\\components\\figma"
2026-01-16T15:20:20.109950Z  INFO scan_sources: tailwindcss_oxide::scanner: Discovering "C:\\Users\\ITHCP\\OneDrive\\Desktop\\test KOKOai\\src\\app\\components\\ui"
2026-01-16T15:20:20.112275Z  INFO scan_sources: tailwindcss_oxide::scanner: Discovering "C:\\Users\\ITHCP\\OneDrive\\Desktop\\test KOKOai\\src\\assets"
2026-01-16T15:20:20.112578Z  INFO scan_sources: tailwindcss_oxide::scanner: Discovering "C:\\Users\\ITHCP\\OneDrive\\Desktop\\test KOKOai\\src\\styles"
2026-01-16T15:20:20.112987Z  INFO scan_sources: tailwindcss_oxide::scanner: exit
2026-01-16T15:20:20.113004Z  INFO extract_candidates: tailwindcss_oxide::scanner: enter
2026-01-16T15:20:20.113011Z  INFO extract_candidates:read_all_files: tailwindcss_oxide::scanner: enter
2026-01-16T15:20:20.113016Z  INFO extract_candidates:read_all_files: tailwindcss_oxide::scanner: Reading 1 file(s)
2026-01-16T15:20:20.113154Z  INFO extract_candidates:read_all_files: tailwindcss_oxide::scanner: Reading "C:\\Users\\ITHCP\\OneDrive\\Desktop\\test KOKOai\\src\\app\\components\\Sidebar.tsx"
2026-01-16T15:20:20.113179Z  INFO extract_candidates:read_all_files: tailwindcss_oxide::scanner: exit
2026-01-16T15:20:20.113186Z  INFO extract_candidates:parse_all_blobs: tailwindcss_oxide::scanner: enter
2026-01-16T15:20:20.113192Z  INFO extract_candidates:parse_all_blobs:extract: tailwindcss_oxide::scanner: enter
2026-01-16T15:20:20.113592Z  INFO extract_candidates:parse_all_blobs:extract: tailwindcss_oxide::scanner: exit
2026-01-16T15:20:20.113608Z  INFO extract_candidates:parse_all_blobs: tailwindcss_oxide::scanner: exit
2026-01-16T15:20:20.113682Z  INFO extract_candidates: tailwindcss_oxide::scanner: exit
2026-01-16T15:20:20.114758Z  INFO get_files: tailwindcss_oxide::scanner: enter
2026-01-16T15:20:20.114768Z  INFO get_files:scan_sources: tailwindcss_oxide::scanner: enter
2026-01-16T15:20:20.117651Z  INFO get_files:scan_sources: tailwindcss_oxide::scanner: Discovering "C:\\Users\\ITHCP\\OneDrive\\Desktop\\test KOKOai\\src\\app"
2026-01-16T15:20:20.117952Z  INFO get_files:scan_sources: tailwindcss_oxide::scanner: Discovering "C:\\Users\\ITHCP\\OneDrive\\Desktop\\test KOKOai\\src\\app\\components"
2026-01-16T15:20:20.118374Z  INFO get_files:scan_sources: tailwindcss_oxide::scanner: Discovering "C:\\Users\\ITHCP\\OneDrive\\Desktop\\test KOKOai\\src\\app\\components\\figma"
2026-01-16T15:20:20.118725Z  INFO get_files:scan_sources: tailwindcss_oxide::scanner: Discovering "C:\\Users\\ITHCP\\OneDrive\\Desktop\\test KOKOai\\src\\app\\components\\ui"
2026-01-16T15:20:20.121117Z  INFO get_files:scan_sources: tailwindcss_oxide::scanner: Discovering "C:\\Users\\ITHCP\\OneDrive\\Desktop\\test KOKOai\\src\\assets"
2026-01-16T15:20:20.121492Z  INFO get_files:scan_sources: tailwindcss_oxide::scanner: Discovering "C:\\Users\\ITHCP\\OneDrive\\Desktop\\test KOKOai\\src\\styles"
2026-01-16T15:20:20.122265Z  INFO get_files:scan_sources: tailwindcss_oxide::scanner: Discovering "C:\\Users\\ITHCP\\OneDrive\\Desktop\\test KOKOai\\src\\app"
2026-01-16T15:20:20.122588Z  INFO get_files:scan_sources: tailwindcss_oxide::scanner: Discovering "C:\\Users\\ITHCP\\OneDrive\\Desktop\\test KOKOai\\src\\app\\components"
2026-01-16T15:20:20.122895Z  INFO get_files:scan_sources: tailwindcss_oxide::scanner: Discovering "C:\\Users\\ITHCP\\OneDrive\\Desktop\\test KOKOai\\src\\app\\components\\figma"
2026-01-16T15:20:20.123181Z  INFO get_files:scan_sources: tailwindcss_oxide::scanner: Discovering "C:\\Users\\ITHCP\\OneDrive\\Desktop\\test KOKOai\\src\\app\\components\\ui"
2026-01-16T15:20:20.125314Z  INFO get_files:scan_sources: tailwindcss_oxide::scanner: Discovering "C:\\Users\\ITHCP\\OneDrive\\Desktop\\test KOKOai\\src\\assets"
2026-01-16T15:20:20.125565Z  INFO get_files:scan_sources: tailwindcss_oxide::scanner: Discovering "C:\\Users\\ITHCP\\OneDrive\\Desktop\\test KOKOai\\src\\styles"
2026-01-16T15:20:20.125888Z  INFO get_files:scan_sources: tailwindcss_oxide::scanner: exit
2026-01-16T15:20:20.125975Z  INFO get_files: tailwindcss_oxide::scanner: exit
2026-01-16T15:20:20.146410Z  INFO get_globs: tailwindcss_oxide::scanner: enter
2026-01-16T15:20:20.146439Z  INFO get_globs: tailwindcss_oxide::scanner: exit
