2026-01-14T16:48:09.459652Z  INFO tailwindcss_oxide::scanner: Provided sources:
2026-01-14T16:48:09.459773Z  INFO tailwindcss_oxide::scanner: Source: PublicSourceEntry { base: "C:\\Users\\ITHCP\\OneDrive\\Desktop\\test KOKOai\\src\\styles", pattern: "../**/*.{js,ts,jsx,tsx}", negated: false }
2026-01-14T16:48:09.460704Z  INFO tailwindcss_oxide::scanner: Optimized sources:
2026-01-14T16:48:09.460730Z  INFO tailwindcss_oxide::scanner: Source: Pattern { base: "C:\\Users\\ITHCP\\OneDrive\\Desktop\\test KOKOai\\src", pattern: "**/*.js" }
2026-01-14T16:48:09.460750Z  INFO tailwindcss_oxide::scanner: Source: Pattern { base: "C:\\Users\\ITHCP\\OneDrive\\Desktop\\test KOKOai\\src", pattern: "**/*.ts" }
2026-01-14T16:48:09.465806Z  INFO tailwindcss_oxide::scanner: Source: Pattern { base: "C:\\Users\\ITHCP\\OneDrive\\Desktop\\test KOKOai\\src", pattern: "**/*.jsx" }
2026-01-14T16:48:09.465831Z  INFO tailwindcss_oxide::scanner: Source: Pattern { base: "C:\\Users\\ITHCP\\OneDrive\\Desktop\\test KOKOai\\src", pattern: "**/*.tsx" }
2026-01-14T16:48:09.468954Z  INFO scan_sources: tailwindcss_oxide::scanner: enter
2026-01-14T16:48:09.470224Z  INFO scan_sources: tailwindcss_oxide::scanner: Discovering "C:\\Users\\ITHCP\\OneDrive\\Desktop\\test KOKOai\\src\\app"
2026-01-14T16:48:09.470387Z  INFO scan_sources: tailwindcss_oxide::scanner: Discovering "C:\\Users\\ITHCP\\OneDrive\\Desktop\\test KOKOai\\src\\app\\App.tsx"
2026-01-14T16:48:09.470522Z  INFO scan_sources: tailwindcss_oxide::scanner: Discovering "C:\\Users\\ITHCP\\OneDrive\\Desktop\\test KOKOai\\src\\app\\components"
2026-01-14T16:48:09.470675Z  INFO scan_sources: tailwindcss_oxide::scanner: Discovering "C:\\Users\\ITHCP\\OneDrive\\Desktop\\test KOKOai\\src\\app\\components\\ChatArea.tsx"
2026-01-14T16:48:09.470757Z  INFO scan_sources: tailwindcss_oxide::scanner: Discovering "C:\\Users\\ITHCP\\OneDrive\\Desktop\\test KOKOai\\src\\app\\components\\ChatMessage.tsx"
2026-01-14T16:48:09.470882Z  INFO scan_sources: tailwindcss_oxide::scanner: Discovering "C:\\Users\\ITHCP\\OneDrive\\Desktop\\test KOKOai\\src\\app\\components\\figma"
2026-01-14T16:48:09.471047Z  INFO scan_sources: tailwindcss_oxide::scanner: Discovering "C:\\Users\\ITHCP\\OneDrive\\Desktop\\test KOKOai\\src\\app\\components\\figma\\ImageWithFallback.tsx"
2026-01-14T16:48:09.471159Z  INFO scan_sources: tailwindcss_oxide::scanner: Discovering "C:\\Users\\ITHCP\\OneDrive\\Desktop\\test KOKOai\\src\\app\\components\\Sidebar.tsx"
2026-01-14T16:48:09.471286Z  INFO scan_sources: tailwindcss_oxide::scanner: Discovering "C:\\Users\\ITHCP\\OneDrive\\Desktop\\test KOKOai\\src\\app\\components\\ui"
2026-01-14T16:48:09.471451Z  INFO scan_sources: tailwindcss_oxide::scanner: Discovering "C:\\Users\\ITHCP\\OneDrive\\Desktop\\test KOKOai\\src\\app\\components\\ui\\accordion.tsx"
2026-01-14T16:48:09.471527Z  INFO scan_sources: tailwindcss_oxide::scanner: Discovering "C:\\Users\\ITHCP\\OneDrive\\Desktop\\test KOKOai\\src\\app\\components\\ui\\alert-dialog.tsx"
2026-01-14T16:48:09.471603Z  INFO scan_sources: tailwindcss_oxide::scanner: Discovering "C:\\Users\\ITHCP\\OneDrive\\Desktop\\test KOKOai\\src\\app\\components\\ui\\alert.tsx"
2026-01-14T16:48:09.471678Z  INFO scan_sources: tailwindcss_oxide::scanner: Discovering "C:\\Users\\ITHCP\\OneDrive\\Desktop\\test KOKOai\\src\\app\\components\\ui\\aspect-ratio.tsx"
2026-01-14T16:48:09.471754Z  INFO scan_sources: tailwindcss_oxide::scanner: Discovering "C:\\Users\\ITHCP\\OneDrive\\Desktop\\test KOKOai\\src\\app\\components\\ui\\avatar.tsx"
2026-01-14T16:48:09.471828Z  INFO scan_sources: tailwindcss_oxide::scanner: Discovering "C:\\Users\\ITHCP\\OneDrive\\Desktop\\test KOKOai\\src\\app\\components\\ui\\badge.tsx"
2026-01-14T16:48:09.471901Z  INFO scan_sources: tailwindcss_oxide::scanner: Discovering "C:\\Users\\ITHCP\\OneDrive\\Desktop\\test KOKOai\\src\\app\\components\\ui\\breadcrumb.tsx"
2026-01-14T16:48:09.471975Z  INFO scan_sources: tailwindcss_oxide::scanner: Discovering "C:\\Users\\ITHCP\\OneDrive\\Desktop\\test KOKOai\\src\\app\\components\\ui\\button.tsx"
2026-01-14T16:48:09.472049Z  INFO scan_sources: tailwindcss_oxide::scanner: Discovering "C:\\Users\\ITHCP\\OneDrive\\Desktop\\test KOKOai\\src\\app\\components\\ui\\calendar.tsx"
2026-01-14T16:48:09.472186Z  INFO scan_sources: tailwindcss_oxide::scanner: Discovering "C:\\Users\\ITHCP\\OneDrive\\Desktop\\test KOKOai\\src\\app\\components\\ui\\card.tsx"
2026-01-14T16:48:09.472265Z  INFO scan_sources: tailwindcss_oxide::scanner: Discovering "C:\\Users\\ITHCP\\OneDrive\\Desktop\\test KOKOai\\src\\app\\components\\ui\\carousel.tsx"
2026-01-14T16:48:09.472339Z  INFO scan_sources: tailwindcss_oxide::scanner: Discovering "C:\\Users\\ITHCP\\OneDrive\\Desktop\\test KOKOai\\src\\app\\components\\ui\\chart.tsx"
2026-01-14T16:48:09.472415Z  INFO scan_sources: tailwindcss_oxide::scanner: Discovering "C:\\Users\\ITHCP\\OneDrive\\Desktop\\test KOKOai\\src\\app\\components\\ui\\checkbox.tsx"
2026-01-14T16:48:09.472489Z  INFO scan_sources: tailwindcss_oxide::scanner: Discovering "C:\\Users\\ITHCP\\OneDrive\\Desktop\\test KOKOai\\src\\app\\components\\ui\\collapsible.tsx"
2026-01-14T16:48:09.472563Z  INFO scan_sources: tailwindcss_oxide::scanner: Discovering "C:\\Users\\ITHCP\\OneDrive\\Desktop\\test KOKOai\\src\\app\\components\\ui\\command.tsx"
2026-01-14T16:48:09.472638Z  INFO scan_sources: tailwindcss_oxide::scanner: Discovering "C:\\Users\\ITHCP\\OneDrive\\Desktop\\test KOKOai\\src\\app\\components\\ui\\context-menu.tsx"
2026-01-14T16:48:09.472712Z  INFO scan_sources: tailwindcss_oxide::scanner: Discovering "C:\\Users\\ITHCP\\OneDrive\\Desktop\\test KOKOai\\src\\app\\components\\ui\\dialog.tsx"
2026-01-14T16:48:09.472786Z  INFO scan_sources: tailwindcss_oxide::scanner: Discovering "C:\\Users\\ITHCP\\OneDrive\\Desktop\\test KOKOai\\src\\app\\components\\ui\\drawer.tsx"
2026-01-14T16:48:09.472861Z  INFO scan_sources: tailwindcss_oxide::scanner: Discovering "C:\\Users\\ITHCP\\OneDrive\\Desktop\\test KOKOai\\src\\app\\components\\ui\\dropdown-menu.tsx"
2026-01-14T16:48:09.472938Z  INFO scan_sources: tailwindcss_oxide::scanner: Discovering "C:\\Users\\ITHCP\\OneDrive\\Desktop\\test KOKOai\\src\\app\\components\\ui\\form.tsx"
2026-01-14T16:48:09.473014Z  INFO scan_sources: tailwindcss_oxide::scanner: Discovering "C:\\Users\\ITHCP\\OneDrive\\Desktop\\test KOKOai\\src\\app\\components\\ui\\hover-card.tsx"
2026-01-14T16:48:09.473089Z  INFO scan_sources: tailwindcss_oxide::scanner: Discovering "C:\\Users\\ITHCP\\OneDrive\\Desktop\\test KOKOai\\src\\app\\components\\ui\\input-otp.tsx"
2026-01-14T16:48:09.473163Z  INFO scan_sources: tailwindcss_oxide::scanner: Discovering "C:\\Users\\ITHCP\\OneDrive\\Desktop\\test KOKOai\\src\\app\\components\\ui\\input.tsx"
2026-01-14T16:48:09.473242Z  INFO scan_sources: tailwindcss_oxide::scanner: Discovering "C:\\Users\\ITHCP\\OneDrive\\Desktop\\test KOKOai\\src\\app\\components\\ui\\label.tsx"
2026-01-14T16:48:09.473318Z  INFO scan_sources: tailwindcss_oxide::scanner: Discovering "C:\\Users\\ITHCP\\OneDrive\\Desktop\\test KOKOai\\src\\app\\components\\ui\\menubar.tsx"
2026-01-14T16:48:09.473394Z  INFO scan_sources: tailwindcss_oxide::scanner: Discovering "C:\\Users\\ITHCP\\OneDrive\\Desktop\\test KOKOai\\src\\app\\components\\ui\\navigation-menu.tsx"
2026-01-14T16:48:09.473469Z  INFO scan_sources: tailwindcss_oxide::scanner: Discovering "C:\\Users\\ITHCP\\OneDrive\\Desktop\\test KOKOai\\src\\app\\components\\ui\\pagination.tsx"
2026-01-14T16:48:09.473544Z  INFO scan_sources: tailwindcss_oxide::scanner: Discovering "C:\\Users\\ITHCP\\OneDrive\\Desktop\\test KOKOai\\src\\app\\components\\ui\\popover.tsx"
2026-01-14T16:48:09.473621Z  INFO scan_sources: tailwindcss_oxide::scanner: Discovering "C:\\Users\\ITHCP\\OneDrive\\Desktop\\test KOKOai\\src\\app\\components\\ui\\progress.tsx"
2026-01-14T16:48:09.473695Z  INFO scan_sources: tailwindcss_oxide::scanner: Discovering "C:\\Users\\ITHCP\\OneDrive\\Desktop\\test KOKOai\\src\\app\\components\\ui\\radio-group.tsx"
2026-01-14T16:48:09.473770Z  INFO scan_sources: tailwindcss_oxide::scanner: Discovering "C:\\Users\\ITHCP\\OneDrive\\Desktop\\test KOKOai\\src\\app\\components\\ui\\resizable.tsx"
2026-01-14T16:48:09.473844Z  INFO scan_sources: tailwindcss_oxide::scanner: Discovering "C:\\Users\\ITHCP\\OneDrive\\Desktop\\test KOKOai\\src\\app\\components\\ui\\scroll-area.tsx"
2026-01-14T16:48:09.473948Z  INFO scan_sources: tailwindcss_oxide::scanner: Discovering "C:\\Users\\ITHCP\\OneDrive\\Desktop\\test KOKOai\\src\\app\\components\\ui\\select.tsx"
2026-01-14T16:48:09.474025Z  INFO scan_sources: tailwindcss_oxide::scanner: Discovering "C:\\Users\\ITHCP\\OneDrive\\Desktop\\test KOKOai\\src\\app\\components\\ui\\separator.tsx"
2026-01-14T16:48:09.474100Z  INFO scan_sources: tailwindcss_oxide::scanner: Discovering "C:\\Users\\ITHCP\\OneDrive\\Desktop\\test KOKOai\\src\\app\\components\\ui\\sheet.tsx"
2026-01-14T16:48:09.474176Z  INFO scan_sources: tailwindcss_oxide::scanner: Discovering "C:\\Users\\ITHCP\\OneDrive\\Desktop\\test KOKOai\\src\\app\\components\\ui\\sidebar.tsx"
2026-01-14T16:48:09.474249Z  INFO scan_sources: tailwindcss_oxide::scanner: Discovering "C:\\Users\\ITHCP\\OneDrive\\Desktop\\test KOKOai\\src\\app\\components\\ui\\skeleton.tsx"
2026-01-14T16:48:09.474325Z  INFO scan_sources: tailwindcss_oxide::scanner: Discovering "C:\\Users\\ITHCP\\OneDrive\\Desktop\\test KOKOai\\src\\app\\components\\ui\\slider.tsx"
2026-01-14T16:48:09.474400Z  INFO scan_sources: tailwindcss_oxide::scanner: Discovering "C:\\Users\\ITHCP\\OneDrive\\Desktop\\test KOKOai\\src\\app\\components\\ui\\sonner.tsx"
2026-01-14T16:48:09.474473Z  INFO scan_sources: tailwindcss_oxide::scanner: Discovering "C:\\Users\\ITHCP\\OneDrive\\Desktop\\test KOKOai\\src\\app\\components\\ui\\switch.tsx"
2026-01-14T16:48:09.474546Z  INFO scan_sources: tailwindcss_oxide::scanner: Discovering "C:\\Users\\ITHCP\\OneDrive\\Desktop\\test KOKOai\\src\\app\\components\\ui\\table.tsx"
2026-01-14T16:48:09.474621Z  INFO scan_sources: tailwindcss_oxide::scanner: Discovering "C:\\Users\\ITHCP\\OneDrive\\Desktop\\test KOKOai\\src\\app\\components\\ui\\tabs.tsx"
2026-01-14T16:48:09.474709Z  INFO scan_sources: tailwindcss_oxide::scanner: Discovering "C:\\Users\\ITHCP\\OneDrive\\Desktop\\test KOKOai\\src\\app\\components\\ui\\textarea.tsx"
2026-01-14T16:48:09.474784Z  INFO scan_sources: tailwindcss_oxide::scanner: Discovering "C:\\Users\\ITHCP\\OneDrive\\Desktop\\test KOKOai\\src\\app\\components\\ui\\toggle-group.tsx"
2026-01-14T16:48:09.474858Z  INFO scan_sources: tailwindcss_oxide::scanner: Discovering "C:\\Users\\ITHCP\\OneDrive\\Desktop\\test KOKOai\\src\\app\\components\\ui\\toggle.tsx"
2026-01-14T16:48:09.474932Z  INFO scan_sources: tailwindcss_oxide::scanner: Discovering "C:\\Users\\ITHCP\\OneDrive\\Desktop\\test KOKOai\\src\\app\\components\\ui\\tooltip.tsx"
2026-01-14T16:48:09.475004Z  INFO scan_sources: tailwindcss_oxide::scanner: Discovering "C:\\Users\\ITHCP\\OneDrive\\Desktop\\test KOKOai\\src\\app\\components\\ui\\use-mobile.ts"
2026-01-14T16:48:09.475076Z  INFO scan_sources: tailwindcss_oxide::scanner: Discovering "C:\\Users\\ITHCP\\OneDrive\\Desktop\\test KOKOai\\src\\app\\components\\ui\\utils.ts"
2026-01-14T16:48:09.475177Z  INFO scan_sources: tailwindcss_oxide::scanner: Discovering "C:\\Users\\ITHCP\\OneDrive\\Desktop\\test KOKOai\\src\\app\\components\\use-mobile.ts"
2026-01-14T16:48:09.475343Z  INFO scan_sources: tailwindcss_oxide::scanner: Discovering "C:\\Users\\ITHCP\\OneDrive\\Desktop\\test KOKOai\\src\\assets"
2026-01-14T16:48:09.475552Z  INFO scan_sources: tailwindcss_oxide::scanner: Discovering "C:\\Users\\ITHCP\\OneDrive\\Desktop\\test KOKOai\\src\\main.tsx"
2026-01-14T16:48:09.475673Z  INFO scan_sources: tailwindcss_oxide::scanner: Discovering "C:\\Users\\ITHCP\\OneDrive\\Desktop\\test KOKOai\\src\\styles"
2026-01-14T16:48:09.476338Z  INFO scan_sources: tailwindcss_oxide::scanner: Discovering "C:\\Users\\ITHCP\\OneDrive\\Desktop\\test KOKOai\\src\\app"
2026-01-14T16:48:09.476561Z  INFO scan_sources: tailwindcss_oxide::scanner: Discovering "C:\\Users\\ITHCP\\OneDrive\\Desktop\\test KOKOai\\src\\app\\components"
2026-01-14T16:48:09.476829Z  INFO scan_sources: tailwindcss_oxide::scanner: Discovering "C:\\Users\\ITHCP\\OneDrive\\Desktop\\test KOKOai\\src\\app\\components\\figma"
2026-01-14T16:48:09.477125Z  INFO scan_sources: tailwindcss_oxide::scanner: Discovering "C:\\Users\\ITHCP\\OneDrive\\Desktop\\test KOKOai\\src\\app\\components\\ui"
2026-01-14T16:48:09.480222Z  INFO scan_sources: tailwindcss_oxide::scanner: Discovering "C:\\Users\\ITHCP\\OneDrive\\Desktop\\test KOKOai\\src\\assets"
2026-01-14T16:48:09.480520Z  INFO scan_sources: tailwindcss_oxide::scanner: Discovering "C:\\Users\\ITHCP\\OneDrive\\Desktop\\test KOKOai\\src\\styles"
2026-01-14T16:48:09.480919Z  INFO scan_sources: tailwindcss_oxide::scanner: exit
2026-01-14T16:48:09.480936Z  INFO extract_candidates: tailwindcss_oxide::scanner: enter
2026-01-14T16:48:09.480949Z  INFO extract_candidates:read_all_files: tailwindcss_oxide::scanner: enter
2026-01-14T16:48:09.480954Z  INFO extract_candidates:read_all_files: tailwindcss_oxide::scanner: Reading 55 file(s)
2026-01-14T16:48:09.481337Z  INFO tailwindcss_oxide::scanner: Reading "C:\\Users\\ITHCP\\OneDrive\\Desktop\\test KOKOai\\src\\app\\App.tsx"
2026-01-14T16:48:09.481348Z  INFO tailwindcss_oxide::scanner: Reading "C:\\Users\\ITHCP\\OneDrive\\Desktop\\test KOKOai\\src\\app\\components\\ui\\input.tsx"
2026-01-14T16:48:09.481403Z  INFO tailwindcss_oxide::scanner: Reading "C:\\Users\\ITHCP\\OneDrive\\Desktop\\test KOKOai\\src\\app\\components\\ui\\calendar.tsx"
2026-01-14T16:48:09.481441Z  INFO tailwindcss_oxide::scanner: Reading "C:\\Users\\ITHCP\\OneDrive\\Desktop\\test KOKOai\\src\\app\\components\\ChatArea.tsx"
2026-01-14T16:48:09.481484Z  INFO tailwindcss_oxide::scanner: Reading "C:\\Users\\ITHCP\\OneDrive\\Desktop\\test KOKOai\\src\\app\\components\\ui\\label.tsx"
2026-01-14T16:48:09.481545Z  INFO tailwindcss_oxide::scanner: Reading "C:\\Users\\ITHCP\\OneDrive\\Desktop\\test KOKOai\\src\\app\\components\\ChatMessage.tsx"
2026-01-14T16:48:09.481574Z  INFO tailwindcss_oxide::scanner: Reading "C:\\Users\\ITHCP\\OneDrive\\Desktop\\test KOKOai\\src\\app\\components\\ui\\menubar.tsx"
2026-01-14T16:48:09.481921Z  INFO tailwindcss_oxide::scanner: Reading "C:\\Users\\ITHCP\\OneDrive\\Desktop\\test KOKOai\\src\\app\\components\\ui\\card.tsx"
2026-01-14T16:48:09.481965Z  INFO tailwindcss_oxide::scanner: Reading "C:\\Users\\ITHCP\\OneDrive\\Desktop\\test KOKOai\\src\\app\\components\\ui\\navigation-menu.tsx"
2026-01-14T16:48:09.482038Z  INFO tailwindcss_oxide::scanner: Reading "C:\\Users\\ITHCP\\OneDrive\\Desktop\\test KOKOai\\src\\app\\components\\ui\\context-menu.tsx"
2026-01-14T16:48:09.482222Z  INFO tailwindcss_oxide::scanner: Reading "C:\\Users\\ITHCP\\OneDrive\\Desktop\\test KOKOai\\src\\app\\components\\figma\\ImageWithFallback.tsx"
2026-01-14T16:48:09.482319Z  INFO tailwindcss_oxide::scanner: Reading "C:\\Users\\ITHCP\\OneDrive\\Desktop\\test KOKOai\\src\\app\\components\\ui\\carousel.tsx"
2026-01-14T16:48:09.482332Z  INFO tailwindcss_oxide::scanner: Reading "C:\\Users\\ITHCP\\OneDrive\\Desktop\\test KOKOai\\src\\app\\components\\Sidebar.tsx"
2026-01-14T16:48:09.482330Z  INFO tailwindcss_oxide::scanner: Reading "C:\\Users\\ITHCP\\OneDrive\\Desktop\\test KOKOai\\src\\app\\components\\ui\\pagination.tsx"
2026-01-14T16:48:09.482407Z  INFO tailwindcss_oxide::scanner: Reading "C:\\Users\\ITHCP\\OneDrive\\Desktop\\test KOKOai\\src\\app\\components\\ui\\dialog.tsx"
2026-01-14T16:48:09.482465Z  INFO tailwindcss_oxide::scanner: Reading "C:\\Users\\ITHCP\\OneDrive\\Desktop\\test KOKOai\\src\\app\\components\\ui\\popover.tsx"
2026-01-14T16:48:09.482647Z  INFO tailwindcss_oxide::scanner: Reading "C:\\Users\\ITHCP\\OneDrive\\Desktop\\test KOKOai\\src\\app\\components\\ui\\accordion.tsx"
2026-01-14T16:48:09.482741Z  INFO tailwindcss_oxide::scanner: Reading "C:\\Users\\ITHCP\\OneDrive\\Desktop\\test KOKOai\\src\\app\\components\\ui\\chart.tsx"
2026-01-14T16:48:09.482784Z  INFO tailwindcss_oxide::scanner: Reading "C:\\Users\\ITHCP\\OneDrive\\Desktop\\test KOKOai\\src\\app\\components\\ui\\progress.tsx"
2026-01-14T16:48:09.482819Z  INFO tailwindcss_oxide::scanner: Reading "C:\\Users\\ITHCP\\OneDrive\\Desktop\\test KOKOai\\src\\app\\components\\ui\\drawer.tsx"
2026-01-14T16:48:09.482966Z  INFO tailwindcss_oxide::scanner: Reading "C:\\Users\\ITHCP\\OneDrive\\Desktop\\test KOKOai\\src\\app\\components\\ui\\alert-dialog.tsx"
2026-01-14T16:48:09.483050Z  INFO tailwindcss_oxide::scanner: Reading "C:\\Users\\ITHCP\\OneDrive\\Desktop\\test KOKOai\\src\\app\\components\\ui\\checkbox.tsx"
2026-01-14T16:48:09.483116Z  INFO tailwindcss_oxide::scanner: Reading "C:\\Users\\ITHCP\\OneDrive\\Desktop\\test KOKOai\\src\\app\\components\\ui\\radio-group.tsx"
2026-01-14T16:48:09.483201Z  INFO tailwindcss_oxide::scanner: Reading "C:\\Users\\ITHCP\\OneDrive\\Desktop\\test KOKOai\\src\\app\\components\\ui\\dropdown-menu.tsx"
2026-01-14T16:48:09.483320Z  INFO tailwindcss_oxide::scanner: Reading "C:\\Users\\ITHCP\\OneDrive\\Desktop\\test KOKOai\\src\\app\\components\\ui\\alert.tsx"
2026-01-14T16:48:09.483348Z  INFO tailwindcss_oxide::scanner: Reading "C:\\Users\\ITHCP\\OneDrive\\Desktop\\test KOKOai\\src\\app\\components\\ui\\collapsible.tsx"
2026-01-14T16:48:09.483426Z  INFO tailwindcss_oxide::scanner: Reading "C:\\Users\\ITHCP\\OneDrive\\Desktop\\test KOKOai\\src\\app\\components\\ui\\aspect-ratio.tsx"
2026-01-14T16:48:09.483439Z  INFO tailwindcss_oxide::scanner: Reading "C:\\Users\\ITHCP\\OneDrive\\Desktop\\test KOKOai\\src\\app\\components\\ui\\command.tsx"
2026-01-14T16:48:09.483469Z  INFO tailwindcss_oxide::scanner: Reading "C:\\Users\\ITHCP\\OneDrive\\Desktop\\test KOKOai\\src\\app\\components\\ui\\resizable.tsx"
2026-01-14T16:48:09.483510Z  INFO tailwindcss_oxide::scanner: Reading "C:\\Users\\ITHCP\\OneDrive\\Desktop\\test KOKOai\\src\\app\\components\\ui\\form.tsx"
2026-01-14T16:48:09.483746Z  INFO tailwindcss_oxide::scanner: Reading "C:\\Users\\ITHCP\\OneDrive\\Desktop\\test KOKOai\\src\\app\\components\\ui\\hover-card.tsx"
2026-01-14T16:48:09.483765Z  INFO tailwindcss_oxide::scanner: Reading "C:\\Users\\ITHCP\\OneDrive\\Desktop\\test KOKOai\\src\\app\\components\\ui\\scroll-area.tsx"
2026-01-14T16:48:09.483868Z  INFO tailwindcss_oxide::scanner: Reading "C:\\Users\\ITHCP\\OneDrive\\Desktop\\test KOKOai\\src\\app\\components\\ui\\breadcrumb.tsx"
2026-01-14T16:48:09.483877Z  INFO tailwindcss_oxide::scanner: Reading "C:\\Users\\ITHCP\\OneDrive\\Desktop\\test KOKOai\\src\\app\\components\\ui\\avatar.tsx"
2026-01-14T16:48:09.483969Z  INFO tailwindcss_oxide::scanner: Reading "C:\\Users\\ITHCP\\OneDrive\\Desktop\\test KOKOai\\src\\app\\components\\ui\\button.tsx"
2026-01-14T16:48:09.484054Z  INFO tailwindcss_oxide::scanner: Reading "C:\\Users\\ITHCP\\OneDrive\\Desktop\\test KOKOai\\src\\app\\components\\ui\\skeleton.tsx"
2026-01-14T16:48:09.484070Z  INFO tailwindcss_oxide::scanner: Reading "C:\\Users\\ITHCP\\OneDrive\\Desktop\\test KOKOai\\src\\app\\components\\ui\\input-otp.tsx"
2026-01-14T16:48:09.484080Z  INFO tailwindcss_oxide::scanner: Reading "C:\\Users\\ITHCP\\OneDrive\\Desktop\\test KOKOai\\src\\app\\components\\ui\\select.tsx"
2026-01-14T16:48:09.484166Z  INFO tailwindcss_oxide::scanner: Reading "C:\\Users\\ITHCP\\OneDrive\\Desktop\\test KOKOai\\src\\app\\components\\ui\\toggle-group.tsx"
2026-01-14T16:48:09.484175Z  INFO tailwindcss_oxide::scanner: Reading "C:\\Users\\ITHCP\\OneDrive\\Desktop\\test KOKOai\\src\\app\\components\\ui\\separator.tsx"
2026-01-14T16:48:09.484200Z  INFO tailwindcss_oxide::scanner: Reading "C:\\Users\\ITHCP\\OneDrive\\Desktop\\test KOKOai\\src\\app\\components\\ui\\badge.tsx"
2026-01-14T16:48:09.484245Z  INFO tailwindcss_oxide::scanner: Reading "C:\\Users\\ITHCP\\OneDrive\\Desktop\\test KOKOai\\src\\app\\components\\ui\\toggle.tsx"
2026-01-14T16:48:09.484256Z  INFO tailwindcss_oxide::scanner: Reading "C:\\Users\\ITHCP\\OneDrive\\Desktop\\test KOKOai\\src\\app\\components\\ui\\sheet.tsx"
2026-01-14T16:48:09.484339Z  INFO tailwindcss_oxide::scanner: Reading "C:\\Users\\ITHCP\\OneDrive\\Desktop\\test KOKOai\\src\\app\\components\\ui\\slider.tsx"
2026-01-14T16:48:09.484346Z  INFO tailwindcss_oxide::scanner: Reading "C:\\Users\\ITHCP\\OneDrive\\Desktop\\test KOKOai\\src\\app\\components\\ui\\tooltip.tsx"
2026-01-14T16:48:09.484375Z  INFO tailwindcss_oxide::scanner: Reading "C:\\Users\\ITHCP\\OneDrive\\Desktop\\test KOKOai\\src\\app\\components\\ui\\sidebar.tsx"
2026-01-14T16:48:09.484427Z  INFO tailwindcss_oxide::scanner: Reading "C:\\Users\\ITHCP\\OneDrive\\Desktop\\test KOKOai\\src\\app\\components\\ui\\use-mobile.ts"
2026-01-14T16:48:09.484439Z  INFO tailwindcss_oxide::scanner: Reading "C:\\Users\\ITHCP\\OneDrive\\Desktop\\test KOKOai\\src\\app\\components\\ui\\sonner.tsx"
2026-01-14T16:48:09.484488Z  INFO tailwindcss_oxide::scanner: Reading "C:\\Users\\ITHCP\\OneDrive\\Desktop\\test KOKOai\\src\\app\\components\\ui\\switch.tsx"
2026-01-14T16:48:09.484533Z  INFO tailwindcss_oxide::scanner: Reading "C:\\Users\\ITHCP\\OneDrive\\Desktop\\test KOKOai\\src\\app\\components\\ui\\utils.ts"
2026-01-14T16:48:09.484525Z  INFO tailwindcss_oxide::scanner: Reading "C:\\Users\\ITHCP\\OneDrive\\Desktop\\test KOKOai\\src\\app\\components\\use-mobile.ts"
2026-01-14T16:48:09.484607Z  INFO tailwindcss_oxide::scanner: Reading "C:\\Users\\ITHCP\\OneDrive\\Desktop\\test KOKOai\\src\\main.tsx"
2026-01-14T16:48:09.484733Z  INFO tailwindcss_oxide::scanner: Reading "C:\\Users\\ITHCP\\OneDrive\\Desktop\\test KOKOai\\src\\app\\components\\ui\\tabs.tsx"
2026-01-14T16:48:09.484817Z  INFO tailwindcss_oxide::scanner: Reading "C:\\Users\\ITHCP\\OneDrive\\Desktop\\test KOKOai\\src\\app\\components\\ui\\table.tsx"
2026-01-14T16:48:09.484829Z  INFO tailwindcss_oxide::scanner: Reading "C:\\Users\\ITHCP\\OneDrive\\Desktop\\test KOKOai\\src\\app\\components\\ui\\textarea.tsx"
2026-01-14T16:48:09.484939Z  INFO extract_candidates:read_all_files: tailwindcss_oxide::scanner: exit
2026-01-14T16:48:09.484953Z  INFO extract_candidates:parse_all_blobs: tailwindcss_oxide::scanner: enter
2026-01-14T16:48:09.484962Z  INFO extract_candidates:parse_all_blobs:extract: tailwindcss_oxide::scanner: enter
2026-01-14T16:48:09.487356Z  INFO extract_candidates:parse_all_blobs:extract: tailwindcss_oxide::scanner: exit
2026-01-14T16:48:09.487387Z  INFO extract_candidates:parse_all_blobs: tailwindcss_oxide::scanner: exit
2026-01-14T16:48:09.487717Z  INFO extract_candidates: tailwindcss_oxide::scanner: exit
2026-01-14T16:48:09.489017Z  INFO get_files: tailwindcss_oxide::scanner: enter
2026-01-14T16:48:09.489030Z  INFO get_files:scan_sources: tailwindcss_oxide::scanner: enter
2026-01-14T16:48:09.490130Z  INFO get_files:scan_sources: tailwindcss_oxide::scanner: Discovering "C:\\Users\\ITHCP\\OneDrive\\Desktop\\test KOKOai\\src\\app"
2026-01-14T16:48:09.490374Z  INFO get_files:scan_sources: tailwindcss_oxide::scanner: Discovering "C:\\Users\\ITHCP\\OneDrive\\Desktop\\test KOKOai\\src\\app\\components"
2026-01-14T16:48:09.490654Z  INFO get_files:scan_sources: tailwindcss_oxide::scanner: Discovering "C:\\Users\\ITHCP\\OneDrive\\Desktop\\test KOKOai\\src\\app\\components\\figma"
2026-01-14T16:48:09.490945Z  INFO get_files:scan_sources: tailwindcss_oxide::scanner: Discovering "C:\\Users\\ITHCP\\OneDrive\\Desktop\\test KOKOai\\src\\app\\components\\ui"
2026-01-14T16:48:09.493109Z  INFO get_files:scan_sources: tailwindcss_oxide::scanner: Discovering "C:\\Users\\ITHCP\\OneDrive\\Desktop\\test KOKOai\\src\\assets"
2026-01-14T16:48:09.493395Z  INFO get_files:scan_sources: tailwindcss_oxide::scanner: Discovering "C:\\Users\\ITHCP\\OneDrive\\Desktop\\test KOKOai\\src\\styles"
2026-01-14T16:48:09.494048Z  INFO get_files:scan_sources: tailwindcss_oxide::scanner: Discovering "C:\\Users\\ITHCP\\OneDrive\\Desktop\\test KOKOai\\src\\app"
2026-01-14T16:48:09.494566Z  INFO get_files:scan_sources: tailwindcss_oxide::scanner: Discovering "C:\\Users\\ITHCP\\OneDrive\\Desktop\\test KOKOai\\src\\app\\components"
2026-01-14T16:48:09.494887Z  INFO get_files:scan_sources: tailwindcss_oxide::scanner: Discovering "C:\\Users\\ITHCP\\OneDrive\\Desktop\\test KOKOai\\src\\app\\components\\figma"
2026-01-14T16:48:09.495190Z  INFO get_files:scan_sources: tailwindcss_oxide::scanner: Discovering "C:\\Users\\ITHCP\\OneDrive\\Desktop\\test KOKOai\\src\\app\\components\\ui"
2026-01-14T16:48:09.497390Z  INFO get_files:scan_sources: tailwindcss_oxide::scanner: Discovering "C:\\Users\\ITHCP\\OneDrive\\Desktop\\test KOKOai\\src\\assets"
2026-01-14T16:48:09.497653Z  INFO get_files:scan_sources: tailwindcss_oxide::scanner: Discovering "C:\\Users\\ITHCP\\OneDrive\\Desktop\\test KOKOai\\src\\styles"
2026-01-14T16:48:09.498000Z  INFO get_files:scan_sources: tailwindcss_oxide::scanner: exit
2026-01-14T16:48:09.498084Z  INFO get_files: tailwindcss_oxide::scanner: exit
2026-01-14T16:48:09.515445Z  INFO get_globs: tailwindcss_oxide::scanner: enter
2026-01-14T16:48:09.515473Z  INFO get_globs:scan_sources: tailwindcss_oxide::scanner: enter
2026-01-14T16:48:09.516668Z  INFO get_globs:scan_sources: tailwindcss_oxide::scanner: Discovering "C:\\Users\\ITHCP\\OneDrive\\Desktop\\test KOKOai\\src\\app"
2026-01-14T16:48:09.516921Z  INFO get_globs:scan_sources: tailwindcss_oxide::scanner: Discovering "C:\\Users\\ITHCP\\OneDrive\\Desktop\\test KOKOai\\src\\app\\components"
2026-01-14T16:48:09.517214Z  INFO get_globs:scan_sources: tailwindcss_oxide::scanner: Discovering "C:\\Users\\ITHCP\\OneDrive\\Desktop\\test KOKOai\\src\\app\\components\\figma"
2026-01-14T16:48:09.517518Z  INFO get_globs:scan_sources: tailwindcss_oxide::scanner: Discovering "C:\\Users\\ITHCP\\OneDrive\\Desktop\\test KOKOai\\src\\app\\components\\ui"
2026-01-14T16:48:09.519728Z  INFO get_globs:scan_sources: tailwindcss_oxide::scanner: Discovering "C:\\Users\\ITHCP\\OneDrive\\Desktop\\test KOKOai\\src\\assets"
2026-01-14T16:48:09.520026Z  INFO get_globs:scan_sources: tailwindcss_oxide::scanner: Discovering "C:\\Users\\ITHCP\\OneDrive\\Desktop\\test KOKOai\\src\\styles"
2026-01-14T16:48:09.520697Z  INFO get_globs:scan_sources: tailwindcss_oxide::scanner: Discovering "C:\\Users\\ITHCP\\OneDrive\\Desktop\\test KOKOai\\src\\app"
2026-01-14T16:48:09.520923Z  INFO get_globs:scan_sources: tailwindcss_oxide::scanner: Discovering "C:\\Users\\ITHCP\\OneDrive\\Desktop\\test KOKOai\\src\\app\\components"
2026-01-14T16:48:09.521196Z  INFO get_globs:scan_sources: tailwindcss_oxide::scanner: Discovering "C:\\Users\\ITHCP\\OneDrive\\Desktop\\test KOKOai\\src\\app\\components\\figma"
2026-01-14T16:48:09.521485Z  INFO get_globs:scan_sources: tailwindcss_oxide::scanner: Discovering "C:\\Users\\ITHCP\\OneDrive\\Desktop\\test KOKOai\\src\\app\\components\\ui"
2026-01-14T16:48:09.523634Z  INFO get_globs:scan_sources: tailwindcss_oxide::scanner: Discovering "C:\\Users\\ITHCP\\OneDrive\\Desktop\\test KOKOai\\src\\assets"
2026-01-14T16:48:09.523878Z  INFO get_globs:scan_sources: tailwindcss_oxide::scanner: Discovering "C:\\Users\\ITHCP\\OneDrive\\Desktop\\test KOKOai\\src\\styles"
2026-01-14T16:48:09.524208Z  INFO get_globs:scan_sources: tailwindcss_oxide::scanner: exit
2026-01-14T16:48:09.524509Z  INFO get_globs: tailwindcss_oxide::scanner: exit
2026-01-14T17:06:10.296404Z  INFO scan_sources: tailwindcss_oxide::scanner: enter
2026-01-14T17:06:10.298765Z  INFO scan_sources: tailwindcss_oxide::scanner: Discovering "C:\\Users\\ITHCP\\OneDrive\\Desktop\\test KOKOai\\src\\app"
2026-01-14T17:06:10.298942Z  INFO scan_sources: tailwindcss_oxide::scanner: Discovering "C:\\Users\\ITHCP\\OneDrive\\Desktop\\test KOKOai\\src\\app\\App.tsx"
2026-01-14T17:06:10.299082Z  INFO scan_sources: tailwindcss_oxide::scanner: Discovering "C:\\Users\\ITHCP\\OneDrive\\Desktop\\test KOKOai\\src\\app\\components"
2026-01-14T17:06:10.299371Z  INFO scan_sources: tailwindcss_oxide::scanner: Discovering "C:\\Users\\ITHCP\\OneDrive\\Desktop\\test KOKOai\\src\\app\\components\\figma"
2026-01-14T17:06:10.299690Z  INFO scan_sources: tailwindcss_oxide::scanner: Discovering "C:\\Users\\ITHCP\\OneDrive\\Desktop\\test KOKOai\\src\\app\\components\\ui"
2026-01-14T17:06:10.302026Z  INFO scan_sources: tailwindcss_oxide::scanner: Discovering "C:\\Users\\ITHCP\\OneDrive\\Desktop\\test KOKOai\\src\\assets"
2026-01-14T17:06:10.302372Z  INFO scan_sources: tailwindcss_oxide::scanner: Discovering "C:\\Users\\ITHCP\\OneDrive\\Desktop\\test KOKOai\\src\\styles"
2026-01-14T17:06:10.303072Z  INFO scan_sources: tailwindcss_oxide::scanner: Discovering "C:\\Users\\ITHCP\\OneDrive\\Desktop\\test KOKOai\\src\\app"
2026-01-14T17:06:10.303307Z  INFO scan_sources: tailwindcss_oxide::scanner: Discovering "C:\\Users\\ITHCP\\OneDrive\\Desktop\\test KOKOai\\src\\app\\components"
2026-01-14T17:06:10.303639Z  INFO scan_sources: tailwindcss_oxide::scanner: Discovering "C:\\Users\\ITHCP\\OneDrive\\Desktop\\test KOKOai\\src\\app\\components\\figma"
2026-01-14T17:06:10.303940Z  INFO scan_sources: tailwindcss_oxide::scanner: Discovering "C:\\Users\\ITHCP\\OneDrive\\Desktop\\test KOKOai\\src\\app\\components\\ui"
2026-01-14T17:06:10.306287Z  INFO scan_sources: tailwindcss_oxide::scanner: Discovering "C:\\Users\\ITHCP\\OneDrive\\Desktop\\test KOKOai\\src\\assets"
2026-01-14T17:06:10.306552Z  INFO scan_sources: tailwindcss_oxide::scanner: Discovering "C:\\Users\\ITHCP\\OneDrive\\Desktop\\test KOKOai\\src\\styles"
2026-01-14T17:06:10.306918Z  INFO scan_sources: tailwindcss_oxide::scanner: exit
2026-01-14T17:06:10.306932Z  INFO extract_candidates: tailwindcss_oxide::scanner: enter
2026-01-14T17:06:10.306939Z  INFO extract_candidates:read_all_files: tailwindcss_oxide::scanner: enter
2026-01-14T17:06:10.306944Z  INFO extract_candidates:read_all_files: tailwindcss_oxide::scanner: Reading 1 file(s)
2026-01-14T17:06:10.307023Z  INFO extract_candidates:read_all_files: tailwindcss_oxide::scanner: Reading "C:\\Users\\ITHCP\\OneDrive\\Desktop\\test KOKOai\\src\\app\\App.tsx"
2026-01-14T17:06:10.307036Z  INFO extract_candidates:read_all_files: tailwindcss_oxide::scanner: exit
2026-01-14T17:06:10.307043Z  INFO extract_candidates:parse_all_blobs: tailwindcss_oxide::scanner: enter
2026-01-14T17:06:10.307048Z  INFO extract_candidates:parse_all_blobs:extract: tailwindcss_oxide::scanner: enter
2026-01-14T17:06:10.307887Z  INFO extract_candidates:parse_all_blobs:extract: tailwindcss_oxide::scanner: exit
2026-01-14T17:06:10.307902Z  INFO extract_candidates:parse_all_blobs: tailwindcss_oxide::scanner: exit
2026-01-14T17:06:10.307936Z  INFO extract_candidates: tailwindcss_oxide::scanner: exit
2026-01-14T17:06:10.309717Z  INFO get_files: tailwindcss_oxide::scanner: enter
2026-01-14T17:06:10.309738Z  INFO get_files:scan_sources: tailwindcss_oxide::scanner: enter
2026-01-14T17:06:10.310948Z  INFO get_files:scan_sources: tailwindcss_oxide::scanner: Discovering "C:\\Users\\ITHCP\\OneDrive\\Desktop\\test KOKOai\\src\\app"
2026-01-14T17:06:10.311225Z  INFO get_files:scan_sources: tailwindcss_oxide::scanner: Discovering "C:\\Users\\ITHCP\\OneDrive\\Desktop\\test KOKOai\\src\\app\\components"
2026-01-14T17:06:10.311516Z  INFO get_files:scan_sources: tailwindcss_oxide::scanner: Discovering "C:\\Users\\ITHCP\\OneDrive\\Desktop\\test KOKOai\\src\\app\\components\\figma"
2026-01-14T17:06:10.311831Z  INFO get_files:scan_sources: tailwindcss_oxide::scanner: Discovering "C:\\Users\\ITHCP\\OneDrive\\Desktop\\test KOKOai\\src\\app\\components\\ui"
2026-01-14T17:06:10.314143Z  INFO get_files:scan_sources: tailwindcss_oxide::scanner: Discovering "C:\\Users\\ITHCP\\OneDrive\\Desktop\\test KOKOai\\src\\assets"
2026-01-14T17:06:10.314455Z  INFO get_files:scan_sources: tailwindcss_oxide::scanner: Discovering "C:\\Users\\ITHCP\\OneDrive\\Desktop\\test KOKOai\\src\\styles"
2026-01-14T17:06:10.315145Z  INFO get_files:scan_sources: tailwindcss_oxide::scanner: Discovering "C:\\Users\\ITHCP\\OneDrive\\Desktop\\test KOKOai\\src\\app"
2026-01-14T17:06:10.315415Z  INFO get_files:scan_sources: tailwindcss_oxide::scanner: Discovering "C:\\Users\\ITHCP\\OneDrive\\Desktop\\test KOKOai\\src\\app\\components"
2026-01-14T17:06:10.315692Z  INFO get_files:scan_sources: tailwindcss_oxide::scanner: Discovering "C:\\Users\\ITHCP\\OneDrive\\Desktop\\test KOKOai\\src\\app\\components\\figma"
2026-01-14T17:06:10.315988Z  INFO get_files:scan_sources: tailwindcss_oxide::scanner: Discovering "C:\\Users\\ITHCP\\OneDrive\\Desktop\\test KOKOai\\src\\app\\components\\ui"
2026-01-14T17:06:10.318316Z  INFO get_files:scan_sources: tailwindcss_oxide::scanner: Discovering "C:\\Users\\ITHCP\\OneDrive\\Desktop\\test KOKOai\\src\\assets"
2026-01-14T17:06:10.318588Z  INFO get_files:scan_sources: tailwindcss_oxide::scanner: Discovering "C:\\Users\\ITHCP\\OneDrive\\Desktop\\test KOKOai\\src\\styles"
2026-01-14T17:06:10.319037Z  INFO get_files:scan_sources: tailwindcss_oxide::scanner: exit
2026-01-14T17:06:10.319152Z  INFO get_files: tailwindcss_oxide::scanner: exit
2026-01-14T17:06:10.344984Z  INFO get_globs: tailwindcss_oxide::scanner: enter
2026-01-14T17:06:10.345021Z  INFO get_globs: tailwindcss_oxide::scanner: exit
2026-01-14T17:06:13.052385Z  INFO scan_sources: tailwindcss_oxide::scanner: enter
2026-01-14T17:06:13.054151Z  INFO scan_sources: tailwindcss_oxide::scanner: Discovering "C:\\Users\\ITHCP\\OneDrive\\Desktop\\test KOKOai\\src\\app"
2026-01-14T17:06:13.055687Z  INFO scan_sources: tailwindcss_oxide::scanner: Discovering "C:\\Users\\ITHCP\\OneDrive\\Desktop\\test KOKOai\\src\\app\\components"
2026-01-14T17:06:13.056495Z  INFO scan_sources: tailwindcss_oxide::scanner: Discovering "C:\\Users\\ITHCP\\OneDrive\\Desktop\\test KOKOai\\src\\app\\components\\figma"
2026-01-14T17:06:13.056724Z  INFO scan_sources: tailwindcss_oxide::scanner: Discovering "C:\\Users\\ITHCP\\OneDrive\\Desktop\\test KOKOai\\src\\app\\components\\Sidebar.tsx"
2026-01-14T17:06:13.057853Z  INFO scan_sources: tailwindcss_oxide::scanner: Discovering "C:\\Users\\ITHCP\\OneDrive\\Desktop\\test KOKOai\\src\\app\\components\\ui"
2026-01-14T17:06:13.060828Z  INFO scan_sources: tailwindcss_oxide::scanner: Discovering "C:\\Users\\ITHCP\\OneDrive\\Desktop\\test KOKOai\\src\\assets"
2026-01-14T17:06:13.061174Z  INFO scan_sources: tailwindcss_oxide::scanner: Discovering "C:\\Users\\ITHCP\\OneDrive\\Desktop\\test KOKOai\\src\\styles"
2026-01-14T17:06:13.063466Z  INFO scan_sources: tailwindcss_oxide::scanner: Discovering "C:\\Users\\ITHCP\\OneDrive\\Desktop\\test KOKOai\\src\\app"
2026-01-14T17:06:13.063870Z  INFO scan_sources: tailwindcss_oxide::scanner: Discovering "C:\\Users\\ITHCP\\OneDrive\\Desktop\\test KOKOai\\src\\app\\components"
2026-01-14T17:06:13.064209Z  INFO scan_sources: tailwindcss_oxide::scanner: Discovering "C:\\Users\\ITHCP\\OneDrive\\Desktop\\test KOKOai\\src\\app\\components\\figma"
2026-01-14T17:06:13.064521Z  INFO scan_sources: tailwindcss_oxide::scanner: Discovering "C:\\Users\\ITHCP\\OneDrive\\Desktop\\test KOKOai\\src\\app\\components\\ui"
2026-01-14T17:06:13.069325Z  INFO scan_sources: tailwindcss_oxide::scanner: Discovering "C:\\Users\\ITHCP\\OneDrive\\Desktop\\test KOKOai\\src\\assets"
2026-01-14T17:06:13.069629Z  INFO scan_sources: tailwindcss_oxide::scanner: Discovering "C:\\Users\\ITHCP\\OneDrive\\Desktop\\test KOKOai\\src\\styles"
2026-01-14T17:06:13.070012Z  INFO scan_sources: tailwindcss_oxide::scanner: exit
2026-01-14T17:06:13.070027Z  INFO extract_candidates: tailwindcss_oxide::scanner: enter
2026-01-14T17:06:13.070034Z  INFO extract_candidates:read_all_files: tailwindcss_oxide::scanner: enter
2026-01-14T17:06:13.070038Z  INFO extract_candidates:read_all_files: tailwindcss_oxide::scanner: Reading 1 file(s)
2026-01-14T17:06:13.070141Z  INFO extract_candidates:read_all_files: tailwindcss_oxide::scanner: Reading "C:\\Users\\ITHCP\\OneDrive\\Desktop\\test KOKOai\\src\\app\\components\\Sidebar.tsx"
2026-01-14T17:06:13.070160Z  INFO extract_candidates:read_all_files: tailwindcss_oxide::scanner: exit
2026-01-14T17:06:13.070167Z  INFO extract_candidates:parse_all_blobs: tailwindcss_oxide::scanner: enter
2026-01-14T17:06:13.070172Z  INFO extract_candidates:parse_all_blobs:extract: tailwindcss_oxide::scanner: enter
2026-01-14T17:06:13.070627Z  INFO extract_candidates:parse_all_blobs:extract: tailwindcss_oxide::scanner: exit
2026-01-14T17:06:13.070643Z  INFO extract_candidates:parse_all_blobs: tailwindcss_oxide::scanner: exit
2026-01-14T17:06:13.070726Z  INFO extract_candidates: tailwindcss_oxide::scanner: exit
2026-01-14T17:06:13.071884Z  INFO get_files: tailwindcss_oxide::scanner: enter
2026-01-14T17:06:13.071897Z  INFO get_files:scan_sources: tailwindcss_oxide::scanner: enter
2026-01-14T17:06:13.072973Z  INFO get_files:scan_sources: tailwindcss_oxide::scanner: Discovering "C:\\Users\\ITHCP\\OneDrive\\Desktop\\test KOKOai\\src\\app"
2026-01-14T17:06:13.073211Z  INFO get_files:scan_sources: tailwindcss_oxide::scanner: Discovering "C:\\Users\\ITHCP\\OneDrive\\Desktop\\test KOKOai\\src\\app\\components"
2026-01-14T17:06:13.073493Z  INFO get_files:scan_sources: tailwindcss_oxide::scanner: Discovering "C:\\Users\\ITHCP\\OneDrive\\Desktop\\test KOKOai\\src\\app\\components\\figma"
2026-01-14T17:06:13.073788Z  INFO get_files:scan_sources: tailwindcss_oxide::scanner: Discovering "C:\\Users\\ITHCP\\OneDrive\\Desktop\\test KOKOai\\src\\app\\components\\ui"
2026-01-14T17:06:13.075971Z  INFO get_files:scan_sources: tailwindcss_oxide::scanner: Discovering "C:\\Users\\ITHCP\\OneDrive\\Desktop\\test KOKOai\\src\\assets"
2026-01-14T17:06:13.076252Z  INFO get_files:scan_sources: tailwindcss_oxide::scanner: Discovering "C:\\Users\\ITHCP\\OneDrive\\Desktop\\test KOKOai\\src\\styles"
2026-01-14T17:06:13.076886Z  INFO get_files:scan_sources: tailwindcss_oxide::scanner: Discovering "C:\\Users\\ITHCP\\OneDrive\\Desktop\\test KOKOai\\src\\app"
2026-01-14T17:06:13.077107Z  INFO get_files:scan_sources: tailwindcss_oxide::scanner: Discovering "C:\\Users\\ITHCP\\OneDrive\\Desktop\\test KOKOai\\src\\app\\components"
2026-01-14T17:06:13.077365Z  INFO get_files:scan_sources: tailwindcss_oxide::scanner: Discovering "C:\\Users\\ITHCP\\OneDrive\\Desktop\\test KOKOai\\src\\app\\components\\figma"
2026-01-14T17:06:13.077647Z  INFO get_files:scan_sources: tailwindcss_oxide::scanner: Discovering "C:\\Users\\ITHCP\\OneDrive\\Desktop\\test KOKOai\\src\\app\\components\\ui"
2026-01-14T17:06:13.079907Z  INFO get_files:scan_sources: tailwindcss_oxide::scanner: Discovering "C:\\Users\\ITHCP\\OneDrive\\Desktop\\test KOKOai\\src\\assets"
2026-01-14T17:06:13.080173Z  INFO get_files:scan_sources: tailwindcss_oxide::scanner: Discovering "C:\\Users\\ITHCP\\OneDrive\\Desktop\\test KOKOai\\src\\styles"
2026-01-14T17:06:13.080506Z  INFO get_files:scan_sources: tailwindcss_oxide::scanner: exit
2026-01-14T17:06:13.080567Z  INFO get_files: tailwindcss_oxide::scanner: exit
2026-01-14T17:06:13.104169Z  INFO get_globs: tailwindcss_oxide::scanner: enter
2026-01-14T17:06:13.104198Z  INFO get_globs: tailwindcss_oxide::scanner: exit
2026-01-14T17:06:14.392880Z  INFO scan_sources: tailwindcss_oxide::scanner: enter
2026-01-14T17:06:14.394065Z  INFO scan_sources: tailwindcss_oxide::scanner: Discovering "C:\\Users\\ITHCP\\OneDrive\\Desktop\\test KOKOai\\src\\app"
2026-01-14T17:06:14.394317Z  INFO scan_sources: tailwindcss_oxide::scanner: Discovering "C:\\Users\\ITHCP\\OneDrive\\Desktop\\test KOKOai\\src\\app\\components"
2026-01-14T17:06:14.394628Z  INFO scan_sources: tailwindcss_oxide::scanner: Discovering "C:\\Users\\ITHCP\\OneDrive\\Desktop\\test KOKOai\\src\\app\\components\\figma"
2026-01-14T17:06:14.394846Z  INFO scan_sources: tailwindcss_oxide::scanner: Discovering "C:\\Users\\ITHCP\\OneDrive\\Desktop\\test KOKOai\\src\\app\\components\\Sidebar.tsx"
2026-01-14T17:06:14.394975Z  INFO scan_sources: tailwindcss_oxide::scanner: Discovering "C:\\Users\\ITHCP\\OneDrive\\Desktop\\test KOKOai\\src\\app\\components\\ui"
2026-01-14T17:06:14.398554Z  INFO scan_sources: tailwindcss_oxide::scanner: Discovering "C:\\Users\\ITHCP\\OneDrive\\Desktop\\test KOKOai\\src\\assets"
2026-01-14T17:06:14.398924Z  INFO scan_sources: tailwindcss_oxide::scanner: Discovering "C:\\Users\\ITHCP\\OneDrive\\Desktop\\test KOKOai\\src\\styles"
2026-01-14T17:06:14.399699Z  INFO scan_sources: tailwindcss_oxide::scanner: Discovering "C:\\Users\\ITHCP\\OneDrive\\Desktop\\test KOKOai\\src\\app"
2026-01-14T17:06:14.399975Z  INFO scan_sources: tailwindcss_oxide::scanner: Discovering "C:\\Users\\ITHCP\\OneDrive\\Desktop\\test KOKOai\\src\\app\\components"
2026-01-14T17:06:14.400273Z  INFO scan_sources: tailwindcss_oxide::scanner: Discovering "C:\\Users\\ITHCP\\OneDrive\\Desktop\\test KOKOai\\src\\app\\components\\figma"
2026-01-14T17:06:14.400575Z  INFO scan_sources: tailwindcss_oxide::scanner: Discovering "C:\\Users\\ITHCP\\OneDrive\\Desktop\\test KOKOai\\src\\app\\components\\ui"
2026-01-14T17:06:14.403184Z  INFO scan_sources: tailwindcss_oxide::scanner: Discovering "C:\\Users\\ITHCP\\OneDrive\\Desktop\\test KOKOai\\src\\assets"
2026-01-14T17:06:14.403471Z  INFO scan_sources: tailwindcss_oxide::scanner: Discovering "C:\\Users\\ITHCP\\OneDrive\\Desktop\\test KOKOai\\src\\styles"
2026-01-14T17:06:14.403978Z  INFO scan_sources: tailwindcss_oxide::scanner: exit
2026-01-14T17:06:14.403999Z  INFO extract_candidates: tailwindcss_oxide::scanner: enter
2026-01-14T17:06:14.404006Z  INFO extract_candidates:read_all_files: tailwindcss_oxide::scanner: enter
2026-01-14T17:06:14.404012Z  INFO extract_candidates:read_all_files: tailwindcss_oxide::scanner: Reading 1 file(s)
2026-01-14T17:06:14.404216Z  INFO extract_candidates:read_all_files: tailwindcss_oxide::scanner: Reading "C:\\Users\\ITHCP\\OneDrive\\Desktop\\test KOKOai\\src\\app\\components\\Sidebar.tsx"
2026-01-14T17:06:14.404248Z  INFO extract_candidates:read_all_files: tailwindcss_oxide::scanner: exit
2026-01-14T17:06:14.404259Z  INFO extract_candidates:parse_all_blobs: tailwindcss_oxide::scanner: enter
2026-01-14T17:06:14.404266Z  INFO extract_candidates:parse_all_blobs:extract: tailwindcss_oxide::scanner: enter
2026-01-14T17:06:14.404874Z  INFO extract_candidates:parse_all_blobs:extract: tailwindcss_oxide::scanner: exit
2026-01-14T17:06:14.404895Z  INFO extract_candidates:parse_all_blobs: tailwindcss_oxide::scanner: exit
2026-01-14T17:06:14.405000Z  INFO extract_candidates: tailwindcss_oxide::scanner: exit
2026-01-14T17:06:14.406543Z  INFO get_files: tailwindcss_oxide::scanner: enter
2026-01-14T17:06:14.406560Z  INFO get_files:scan_sources: tailwindcss_oxide::scanner: enter
2026-01-14T17:06:14.407733Z  INFO get_files:scan_sources: tailwindcss_oxide::scanner: Discovering "C:\\Users\\ITHCP\\OneDrive\\Desktop\\test KOKOai\\src\\app"
2026-01-14T17:06:14.407983Z  INFO get_files:scan_sources: tailwindcss_oxide::scanner: Discovering "C:\\Users\\ITHCP\\OneDrive\\Desktop\\test KOKOai\\src\\app\\components"
2026-01-14T17:06:14.408282Z  INFO get_files:scan_sources: tailwindcss_oxide::scanner: Discovering "C:\\Users\\ITHCP\\OneDrive\\Desktop\\test KOKOai\\src\\app\\components\\figma"
2026-01-14T17:06:14.408597Z  INFO get_files:scan_sources: tailwindcss_oxide::scanner: Discovering "C:\\Users\\ITHCP\\OneDrive\\Desktop\\test KOKOai\\src\\app\\components\\ui"
2026-01-14T17:06:14.410774Z  INFO get_files:scan_sources: tailwindcss_oxide::scanner: Discovering "C:\\Users\\ITHCP\\OneDrive\\Desktop\\test KOKOai\\src\\assets"
2026-01-14T17:06:14.411068Z  INFO get_files:scan_sources: tailwindcss_oxide::scanner: Discovering "C:\\Users\\ITHCP\\OneDrive\\Desktop\\test KOKOai\\src\\styles"
2026-01-14T17:06:14.411742Z  INFO get_files:scan_sources: tailwindcss_oxide::scanner: Discovering "C:\\Users\\ITHCP\\OneDrive\\Desktop\\test KOKOai\\src\\app"
2026-01-14T17:06:14.411965Z  INFO get_files:scan_sources: tailwindcss_oxide::scanner: Discovering "C:\\Users\\ITHCP\\OneDrive\\Desktop\\test KOKOai\\src\\app\\components"
2026-01-14T17:06:14.412229Z  INFO get_files:scan_sources: tailwindcss_oxide::scanner: Discovering "C:\\Users\\ITHCP\\OneDrive\\Desktop\\test KOKOai\\src\\app\\components\\figma"
2026-01-14T17:06:14.412514Z  INFO get_files:scan_sources: tailwindcss_oxide::scanner: Discovering "C:\\Users\\ITHCP\\OneDrive\\Desktop\\test KOKOai\\src\\app\\components\\ui"
2026-01-14T17:06:14.416345Z  INFO get_files:scan_sources: tailwindcss_oxide::scanner: Discovering "C:\\Users\\ITHCP\\OneDrive\\Desktop\\test KOKOai\\src\\assets"
2026-01-14T17:06:14.416796Z  INFO get_files:scan_sources: tailwindcss_oxide::scanner: Discovering "C:\\Users\\ITHCP\\OneDrive\\Desktop\\test KOKOai\\src\\styles"
2026-01-14T17:06:14.417194Z  INFO get_files:scan_sources: tailwindcss_oxide::scanner: exit
2026-01-14T17:06:14.417291Z  INFO get_files: tailwindcss_oxide::scanner: exit
2026-01-14T17:06:14.439856Z  INFO get_globs: tailwindcss_oxide::scanner: enter
2026-01-14T17:06:14.439886Z  INFO get_globs: tailwindcss_oxide::scanner: exit
2026-01-14T17:06:19.388087Z  INFO scan_sources: tailwindcss_oxide::scanner: enter
2026-01-14T17:06:19.389628Z  INFO scan_sources: tailwindcss_oxide::scanner: Discovering "C:\\Users\\ITHCP\\OneDrive\\Desktop\\test KOKOai\\src\\app"
2026-01-14T17:06:19.389907Z  INFO scan_sources: tailwindcss_oxide::scanner: Discovering "C:\\Users\\ITHCP\\OneDrive\\Desktop\\test KOKOai\\src\\app\\components"
2026-01-14T17:06:19.390217Z  INFO scan_sources: tailwindcss_oxide::scanner: Discovering "C:\\Users\\ITHCP\\OneDrive\\Desktop\\test KOKOai\\src\\app\\components\\figma"
2026-01-14T17:06:19.390678Z  INFO scan_sources: tailwindcss_oxide::scanner: Discovering "C:\\Users\\ITHCP\\OneDrive\\Desktop\\test KOKOai\\src\\app\\components\\ui"
2026-01-14T17:06:19.393139Z  INFO scan_sources: tailwindcss_oxide::scanner: Discovering "C:\\Users\\ITHCP\\OneDrive\\Desktop\\test KOKOai\\src\\assets"
2026-01-14T17:06:19.393504Z  INFO scan_sources: tailwindcss_oxide::scanner: Discovering "C:\\Users\\ITHCP\\OneDrive\\Desktop\\test KOKOai\\src\\styles"
2026-01-14T17:06:19.394214Z  INFO scan_sources: tailwindcss_oxide::scanner: Discovering "C:\\Users\\ITHCP\\OneDrive\\Desktop\\test KOKOai\\src\\app"
2026-01-14T17:06:19.394455Z  INFO scan_sources: tailwindcss_oxide::scanner: Discovering "C:\\Users\\ITHCP\\OneDrive\\Desktop\\test KOKOai\\src\\app\\components"
2026-01-14T17:06:19.394736Z  INFO scan_sources: tailwindcss_oxide::scanner: Discovering "C:\\Users\\ITHCP\\OneDrive\\Desktop\\test KOKOai\\src\\app\\components\\figma"
2026-01-14T17:06:19.395037Z  INFO scan_sources: tailwindcss_oxide::scanner: Discovering "C:\\Users\\ITHCP\\OneDrive\\Desktop\\test KOKOai\\src\\app\\components\\ui"
2026-01-14T17:06:19.397449Z  INFO scan_sources: tailwindcss_oxide::scanner: Discovering "C:\\Users\\ITHCP\\OneDrive\\Desktop\\test KOKOai\\src\\assets"
2026-01-14T17:06:19.397781Z  INFO scan_sources: tailwindcss_oxide::scanner: Discovering "C:\\Users\\ITHCP\\OneDrive\\Desktop\\test KOKOai\\src\\styles"
2026-01-14T17:06:19.398171Z  INFO scan_sources: tailwindcss_oxide::scanner: exit
2026-01-14T17:06:19.398188Z  INFO extract_candidates: tailwindcss_oxide::scanner: enter
2026-01-14T17:06:19.398196Z  INFO extract_candidates:read_all_files: tailwindcss_oxide::scanner: enter
2026-01-14T17:06:19.398201Z  INFO extract_candidates:read_all_files: tailwindcss_oxide::scanner: Reading 0 file(s)
2026-01-14T17:06:19.398208Z  INFO extract_candidates:read_all_files: tailwindcss_oxide::scanner: exit
2026-01-14T17:06:19.398213Z  INFO extract_candidates:parse_all_blobs: tailwindcss_oxide::scanner: enter
2026-01-14T17:06:19.398218Z  INFO extract_candidates:parse_all_blobs:extract: tailwindcss_oxide::scanner: enter
2026-01-14T17:06:19.398224Z  INFO extract_candidates:parse_all_blobs:extract: tailwindcss_oxide::scanner: exit
2026-01-14T17:06:19.398229Z  INFO extract_candidates:parse_all_blobs: tailwindcss_oxide::scanner: exit
2026-01-14T17:06:19.398236Z  INFO extract_candidates: tailwindcss_oxide::scanner: exit
2026-01-14T17:06:19.399348Z  INFO get_files: tailwindcss_oxide::scanner: enter
2026-01-14T17:06:19.399370Z  INFO get_files:scan_sources: tailwindcss_oxide::scanner: enter
2026-01-14T17:06:19.400530Z  INFO get_files:scan_sources: tailwindcss_oxide::scanner: Discovering "C:\\Users\\ITHCP\\OneDrive\\Desktop\\test KOKOai\\src\\app"
2026-01-14T17:06:19.400786Z  INFO get_files:scan_sources: tailwindcss_oxide::scanner: Discovering "C:\\Users\\ITHCP\\OneDrive\\Desktop\\test KOKOai\\src\\app\\components"
2026-01-14T17:06:19.401074Z  INFO get_files:scan_sources: tailwindcss_oxide::scanner: Discovering "C:\\Users\\ITHCP\\OneDrive\\Desktop\\test KOKOai\\src\\app\\components\\figma"
2026-01-14T17:06:19.401479Z  INFO get_files:scan_sources: tailwindcss_oxide::scanner: Discovering "C:\\Users\\ITHCP\\OneDrive\\Desktop\\test KOKOai\\src\\app\\components\\ui"
2026-01-14T17:06:19.403831Z  INFO get_files:scan_sources: tailwindcss_oxide::scanner: Discovering "C:\\Users\\ITHCP\\OneDrive\\Desktop\\test KOKOai\\src\\assets"
2026-01-14T17:06:19.404189Z  INFO get_files:scan_sources: tailwindcss_oxide::scanner: Discovering "C:\\Users\\ITHCP\\OneDrive\\Desktop\\test KOKOai\\src\\styles"
2026-01-14T17:06:19.404904Z  INFO get_files:scan_sources: tailwindcss_oxide::scanner: Discovering "C:\\Users\\ITHCP\\OneDrive\\Desktop\\test KOKOai\\src\\app"
2026-01-14T17:06:19.405148Z  INFO get_files:scan_sources: tailwindcss_oxide::scanner: Discovering "C:\\Users\\ITHCP\\OneDrive\\Desktop\\test KOKOai\\src\\app\\components"
2026-01-14T17:06:19.405564Z  INFO get_files:scan_sources: tailwindcss_oxide::scanner: Discovering "C:\\Users\\ITHCP\\OneDrive\\Desktop\\test KOKOai\\src\\app\\components\\figma"
2026-01-14T17:06:19.405875Z  INFO get_files:scan_sources: tailwindcss_oxide::scanner: Discovering "C:\\Users\\ITHCP\\OneDrive\\Desktop\\test KOKOai\\src\\app\\components\\ui"
2026-01-14T17:06:19.408278Z  INFO get_files:scan_sources: tailwindcss_oxide::scanner: Discovering "C:\\Users\\ITHCP\\OneDrive\\Desktop\\test KOKOai\\src\\assets"
2026-01-14T17:06:19.408565Z  INFO get_files:scan_sources: tailwindcss_oxide::scanner: Discovering "C:\\Users\\ITHCP\\OneDrive\\Desktop\\test KOKOai\\src\\styles"
2026-01-14T17:06:19.408929Z  INFO get_files:scan_sources: tailwindcss_oxide::scanner: exit
2026-01-14T17:06:19.409019Z  INFO get_files: tailwindcss_oxide::scanner: exit
2026-01-14T17:06:19.432794Z  INFO get_globs: tailwindcss_oxide::scanner: enter
2026-01-14T17:06:19.433004Z  INFO get_globs: tailwindcss_oxide::scanner: exit
2026-01-14T17:24:28.075822Z  INFO scan_sources: tailwindcss_oxide::scanner: enter
2026-01-14T17:24:28.077865Z  INFO scan_sources: tailwindcss_oxide::scanner: Discovering "C:\\Users\\ITHCP\\OneDrive\\Desktop\\test KOKOai\\src\\app"
2026-01-14T17:24:28.078117Z  INFO scan_sources: tailwindcss_oxide::scanner: Discovering "C:\\Users\\ITHCP\\OneDrive\\Desktop\\test KOKOai\\src\\app\\App.tsx"
2026-01-14T17:24:28.078440Z  INFO scan_sources: tailwindcss_oxide::scanner: Discovering "C:\\Users\\ITHCP\\OneDrive\\Desktop\\test KOKOai\\src\\app\\components"
2026-01-14T17:24:28.078752Z  INFO scan_sources: tailwindcss_oxide::scanner: Discovering "C:\\Users\\ITHCP\\OneDrive\\Desktop\\test KOKOai\\src\\app\\components\\Chatsidebar.tsx"
2026-01-14T17:24:28.078890Z  INFO scan_sources: tailwindcss_oxide::scanner: Discovering "C:\\Users\\ITHCP\\OneDrive\\Desktop\\test KOKOai\\src\\app\\components\\figma"
2026-01-14T17:24:28.079580Z  INFO scan_sources: tailwindcss_oxide::scanner: Discovering "C:\\Users\\ITHCP\\OneDrive\\Desktop\\test KOKOai\\src\\app\\components\\ui"
2026-01-14T17:24:28.081979Z  INFO scan_sources: tailwindcss_oxide::scanner: Discovering "C:\\Users\\ITHCP\\OneDrive\\Desktop\\test KOKOai\\src\\assets"
2026-01-14T17:24:28.082294Z  INFO scan_sources: tailwindcss_oxide::scanner: Discovering "C:\\Users\\ITHCP\\OneDrive\\Desktop\\test KOKOai\\src\\styles"
2026-01-14T17:24:28.082987Z  INFO scan_sources: tailwindcss_oxide::scanner: Discovering "C:\\Users\\ITHCP\\OneDrive\\Desktop\\test KOKOai\\src\\app"
2026-01-14T17:24:28.083220Z  INFO scan_sources: tailwindcss_oxide::scanner: Discovering "C:\\Users\\ITHCP\\OneDrive\\Desktop\\test KOKOai\\src\\app\\components"
2026-01-14T17:24:28.083538Z  INFO scan_sources: tailwindcss_oxide::scanner: Discovering "C:\\Users\\ITHCP\\OneDrive\\Desktop\\test KOKOai\\src\\app\\components\\figma"
2026-01-14T17:24:28.083835Z  INFO scan_sources: tailwindcss_oxide::scanner: Discovering "C:\\Users\\ITHCP\\OneDrive\\Desktop\\test KOKOai\\src\\app\\components\\ui"
2026-01-14T17:24:28.085972Z  INFO scan_sources: tailwindcss_oxide::scanner: Discovering "C:\\Users\\ITHCP\\OneDrive\\Desktop\\test KOKOai\\src\\assets"
2026-01-14T17:24:28.086222Z  INFO scan_sources: tailwindcss_oxide::scanner: Discovering "C:\\Users\\ITHCP\\OneDrive\\Desktop\\test KOKOai\\src\\styles"
2026-01-14T17:24:28.086570Z  INFO scan_sources: tailwindcss_oxide::scanner: exit
2026-01-14T17:24:28.086583Z  INFO extract_candidates: tailwindcss_oxide::scanner: enter
2026-01-14T17:24:28.086590Z  INFO extract_candidates:read_all_files: tailwindcss_oxide::scanner: enter
2026-01-14T17:24:28.086594Z  INFO extract_candidates:read_all_files: tailwindcss_oxide::scanner: Reading 2 file(s)
2026-01-14T17:24:28.087384Z  INFO tailwindcss_oxide::scanner: Reading "C:\\Users\\ITHCP\\OneDrive\\Desktop\\test KOKOai\\src\\app\\App.tsx"
2026-01-14T17:24:28.087396Z  INFO tailwindcss_oxide::scanner: Reading "C:\\Users\\ITHCP\\OneDrive\\Desktop\\test KOKOai\\src\\app\\components\\Chatsidebar.tsx"
2026-01-14T17:24:28.087428Z  INFO extract_candidates:read_all_files: tailwindcss_oxide::scanner: exit
2026-01-14T17:24:28.087452Z  INFO extract_candidates:parse_all_blobs: tailwindcss_oxide::scanner: enter
2026-01-14T17:24:28.087460Z  INFO extract_candidates:parse_all_blobs:extract: tailwindcss_oxide::scanner: enter
2026-01-14T17:24:28.087841Z  INFO extract_candidates:parse_all_blobs:extract: tailwindcss_oxide::scanner: exit
2026-01-14T17:24:28.087855Z  INFO extract_candidates:parse_all_blobs: tailwindcss_oxide::scanner: exit
2026-01-14T17:24:28.088596Z  INFO extract_candidates: tailwindcss_oxide::scanner: exit
2026-01-14T17:24:28.092373Z  INFO get_files: tailwindcss_oxide::scanner: enter
2026-01-14T17:24:28.092403Z  INFO get_files:scan_sources: tailwindcss_oxide::scanner: enter
2026-01-14T17:24:28.093870Z  INFO get_files:scan_sources: tailwindcss_oxide::scanner: Discovering "C:\\Users\\ITHCP\\OneDrive\\Desktop\\test KOKOai\\src\\app"
2026-01-14T17:24:28.094131Z  INFO get_files:scan_sources: tailwindcss_oxide::scanner: Discovering "C:\\Users\\ITHCP\\OneDrive\\Desktop\\test KOKOai\\src\\app\\components"
2026-01-14T17:24:28.094463Z  INFO get_files:scan_sources: tailwindcss_oxide::scanner: Discovering "C:\\Users\\ITHCP\\OneDrive\\Desktop\\test KOKOai\\src\\app\\components\\figma"
2026-01-14T17:24:28.094777Z  INFO get_files:scan_sources: tailwindcss_oxide::scanner: Discovering "C:\\Users\\ITHCP\\OneDrive\\Desktop\\test KOKOai\\src\\app\\components\\ui"
2026-01-14T17:24:28.096984Z  INFO get_files:scan_sources: tailwindcss_oxide::scanner: Discovering "C:\\Users\\ITHCP\\OneDrive\\Desktop\\test KOKOai\\src\\assets"
2026-01-14T17:24:28.097287Z  INFO get_files:scan_sources: tailwindcss_oxide::scanner: Discovering "C:\\Users\\ITHCP\\OneDrive\\Desktop\\test KOKOai\\src\\styles"
2026-01-14T17:24:28.097986Z  INFO get_files:scan_sources: tailwindcss_oxide::scanner: Discovering "C:\\Users\\ITHCP\\OneDrive\\Desktop\\test KOKOai\\src\\app"
2026-01-14T17:24:28.098227Z  INFO get_files:scan_sources: tailwindcss_oxide::scanner: Discovering "C:\\Users\\ITHCP\\OneDrive\\Desktop\\test KOKOai\\src\\app\\components"
2026-01-14T17:24:28.098606Z  INFO get_files:scan_sources: tailwindcss_oxide::scanner: Discovering "C:\\Users\\ITHCP\\OneDrive\\Desktop\\test KOKOai\\src\\app\\components\\figma"
2026-01-14T17:24:28.098930Z  INFO get_files:scan_sources: tailwindcss_oxide::scanner: Discovering "C:\\Users\\ITHCP\\OneDrive\\Desktop\\test KOKOai\\src\\app\\components\\ui"
2026-01-14T17:24:28.101103Z  INFO get_files:scan_sources: tailwindcss_oxide::scanner: Discovering "C:\\Users\\ITHCP\\OneDrive\\Desktop\\test KOKOai\\src\\assets"
2026-01-14T17:24:28.101356Z  INFO get_files:scan_sources: tailwindcss_oxide::scanner: Discovering "C:\\Users\\ITHCP\\OneDrive\\Desktop\\test KOKOai\\src\\styles"
2026-01-14T17:24:28.101704Z  INFO get_files:scan_sources: tailwindcss_oxide::scanner: exit
2026-01-14T17:24:28.101814Z  INFO get_files: tailwindcss_oxide::scanner: exit
2026-01-14T17:24:28.130446Z  INFO get_globs: tailwindcss_oxide::scanner: enter
2026-01-14T17:24:28.130475Z  INFO get_globs: tailwindcss_oxide::scanner: exit
